[17-08-09 10:07:43]线程池中新增新线程[10.52.4.134]当前可用线程数[999]......
[17-08-09 10:07:43]Connect with [10.52.4.134]......
[17-08-09 10:07:43]报文长度:[000586]
[17-08-09 10:07:43]报文内容:[<ap>
	<Para01>
		<inputxml>
			<aae042>201712</aae042>
			<aae041>201701</aae041>
			<yic016>02</yic016>
			<aae140_391>0</aae140_391>
			<aae140_390>0</aae140_390>
			<aae140_330>0</aae140_330>
			<aae140_313>0</aae140_313>
			<aae140_310>0</aae140_310>
			<aae140_110>1</aae140_110>
			<aaz010>511322199007166668</aaz010>
			<aae011>ikjf</aae011>
			<aff002>C1010351007641</aff002>
		</inputxml>
		<reqdate>20170809</reqdate>
		<reqseq>22000809000000000043</reqseq>
		<tradeId>ZS100</tradeId>
		<aaz400></aaz400>
	</Para01>
	<FuncName>szCall</FuncName>
	<Project>NCDC</Project>
</ap>
]
[17-08-09 10:07:43]sProject=[NCDC]
[17-08-09 10:07:43]original key:[1111111133333333]
[17-08-09 10:07:43]new key:[eEKa41ksY6VvAqGo]
[17-08-09 10:07:43]XmlPara01[<Para01><inputxml><aae042>201712</aae042><aae041>201701</aae041><yic016>02</yic016><aae140_391>0</aae140_391><aae140_390>0</aae140_390><aae140_330>0</aae140_330><aae140_313>0</aae140_313><aae140_310>0</aae140_310><aae140_110>1</aae140_110><aaz010>511322199007166668</aaz010><aae011>ikjf</aae011><aff002>C1010351007641</aff002></inputxml><reqdate>20170809</reqdate><reqseq>22000809000000000043</reqseq><tradeId>ZS100</tradeId><aaz400></aaz400></Para01>]
[17-08-09 10:07:43]tradeId[ZS100]
[17-08-09 10:07:43]inputXml[<inputxml reqseq="22000809000000000043" reqdate="20170809"><aae042>201712</aae042><aae041>201701</aae041><yic016>02</yic016><aae140_391>0</aae140_391><aae140_390>0</aae140_390><aae140_330>0</aae140_330><aae140_313>0</aae140_313><aae140_310>0</aae140_310><aae140_110>1</aae140_110><aaz010>511322199007166668</aaz010><aae011>ikjf</aae011><aff002>C1010351007641</aff002></inputxml>]
[17-08-09 10:07:43]加密inputXml[M8+4xg/QhLpurhxoelehnyXytRDkfvuGOYm1midy8TJ1t8bMSBzExiyjcA/AHaAjwnjRjFZGPnaa
PJ78qJoic+PdqO//ssJ59gROcrMOU2SGDDuYGWZxs0nTRdwF5+z2/QNsSiHsziwOiuE0kClqGulu
GtUZRCMhGjJW3KNkDFk/9zXWytgP9oYCvoeLaA2a41U8dNGOc6/wxhbEFadapdD8ihMx1wOC2f2a
BFzIRoxP7XEg2OC+YsWxIop0FGpSsyb4bQ0RQ3kqyWLrgPzu4g==]
[17-08-09 10:07:49]err=[Could not open JDBC Connection for transaction; nested exception is weblogic.jdbc.extensions.PoolDisabledSQLException: weblogic.common.resourcepool.ResourceDisabledException: Data Source xtpt_dataSouceTest217 is not active, cannot allocate connections to applications]
[17-08-09 10:07:49]应答报文:[000087<ap><RetCode>0998</RetCode><RetMsg>web服务调用错误</RetMsg><RetInfo01></RetInfo01></ap>]
[17-08-09 10:07:49]Disconnect from [10.52.4.134]
[17-08-09 10:10:46]线程池中新增新线程[10.52.4.134]当前可用线程数[999]......
[17-08-09 10:10:46]Connect with [10.52.4.134]......
[17-08-09 10:10:46]报文长度:[000249]
[17-08-09 10:10:46]报文内容:[<ap>
	<Para01>
		<inputxml>
			<aaz010>511324199103202078</aaz010>
		</inputxml>
		<reqdate>20170809</reqdate>
		<reqseq>22000809000000000045</reqseq>
		<tradeId>ZS001</tradeId>
	</Para01>
	<FuncName>szCall</FuncName>
	<Project>NCDC</Project>
</ap>
]
[17-08-09 10:10:46]sProject=[NCDC]
[17-08-09 10:10:46]original key:[1111111133333333]
[17-08-09 10:10:46]new key:[eEKa41ksY6VvAqGo]
[17-08-09 10:10:46]XmlPara01[<Para01><inputxml><aaz010>511324199103202078</aaz010></inputxml><reqdate>20170809</reqdate><reqseq>22000809000000000045</reqseq><tradeId>ZS001</tradeId></Para01>]
[17-08-09 10:10:46]tradeId[ZS001]
[17-08-09 10:10:46]inputXml[<inputxml reqseq="22000809000000000045" reqdate="20170809"><aaz010>511324199103202078</aaz010></inputxml>]
[17-08-09 10:10:46]加密inputXml[lCA4lGg5nkL4AAg8pkaMHjQ7BcneBNFW+tpK8ALeMPdFSaOehmD8GXK0PiRjUyQYKFKYOzM+sxn4
0ZeDVvRDuWdiE0BDPeSdjKRe5TPURxZ2JExjV3mrc5NyKUhX30YKjEsJ1EoqBEBpu1akGdfsjQ==]
[17-08-09 10:10:46]err=[Could not open JDBC Connection for transaction; nested exception is weblogic.jdbc.extensions.PoolDisabledSQLException: weblogic.common.resourcepool.ResourceDisabledException: Data Source xtpt_dataSouceTest217 is not active, cannot allocate connections to applications]
[17-08-09 10:10:46]应答报文:[000087<ap><RetCode>0998</RetCode><RetMsg>web服务调用错误</RetMsg><RetInfo01></RetInfo01></ap>]
[17-08-09 10:10:46]Disconnect from [10.52.4.134]
[17-08-09 10:28:16]线程池中新增新线程[10.52.4.134]当前可用线程数[999]......
[17-08-09 10:28:16]Connect with [10.52.4.134]......
[17-08-09 10:28:16]报文长度:[000249]
[17-08-09 10:28:16]报文内容:[<ap>
	<Para01>
		<inputxml>
			<aaz010>511324199103202078</aaz010>
		</inputxml>
		<reqdate>20170809</reqdate>
		<reqseq>22000809000000000046</reqseq>
		<tradeId>ZS001</tradeId>
	</Para01>
	<FuncName>szCall</FuncName>
	<Project>NCDC</Project>
</ap>
]
[17-08-09 10:28:16]sProject=[NCDC]
[17-08-09 10:28:16]original key:[1111111133333333]
[17-08-09 10:28:16]new key:[eEKa41ksY6VvAqGo]
[17-08-09 10:28:16]XmlPara01[<Para01><inputxml><aaz010>511324199103202078</aaz010></inputxml><reqdate>20170809</reqdate><reqseq>22000809000000000046</reqseq><tradeId>ZS001</tradeId></Para01>]
[17-08-09 10:28:16]tradeId[ZS001]
[17-08-09 10:28:16]inputXml[<inputxml reqseq="22000809000000000046" reqdate="20170809"><aaz010>511324199103202078</aaz010></inputxml>]
[17-08-09 10:28:16]加密inputXml[lCA4lGg5nkL4AAg8pkaMHksFvGFaGrVKLPOTCrIlcQ0+rVPTIdIBSyWJg2Rc8Ph7vBSirZZxSnsg
9VzUzLsVH7YxiTaonsv+oPncOpiE2FTUJwIGzVBB4jsEjLBuDKisjEsJ1EoqBEBpu1akGdfsjQ==]
[17-08-09 10:28:17]社保返回报文加密recvXml[O/ZzkYQ2c8BvvnOLYPbgVM6X8sUX9m+VkBrwBD4gg/z6zd7DBSaNqiIp11ivILPdQW/QjM9UQIKn
cI8HB3/LrUFHCzN5lLD3sunzHNZ6jB9OEN2TdVOOOdH5PMZaB0Uckz9x3lA3khne+hO3z4nDkXh3
6EHPlU03sYHDKdO+sAFhMrQLOT52XYMnZ89oKHJdmHuWV24SRftrXsN1o/1JJkfK4C+teTWGho2V
gARoxkl8ttTT3+DtZkPu8SnkoCBwZFfz10beeLWFzNZt58SocvjRmQOIeBg/p+vIUGS9tqRwnyCn
/wkb9DpaHrxKYSBnfZWGgVtxMDi7yJonF1JdnjAy6Dn8Q07l0x/2y8uSlqjtBah4BZA89fWQTo3K
pqy+5aCQbKtxRkwTlRoEncIAAno5bj7+5igOevo/PKrl8HtrNQ9DWiIqJNSrgYHQU0QvE4YFnOeZ
YmI6W6KKgLb8Dl5QyepwZnMyF4KGExpaWpwSZQhOs4xpqXf39YeyAOCi]
[17-08-09 10:28:17]社保返回报文解密[<?xml version="1.0" encoding="UTF-8"?>
<result><message></message><code>1</code><output><rows><row><aae013/><aab001>00407983</aab001><aac003>吕可</aac003><aae003max>201703</aae003max><aaa027>511324</aaa027><aac031>1</aac031><aab004>中国农业银行股份有限公司仪陇县支行</aab004><aac001>1039751420</aac001><aae140>310</aae140><aac002>511324199103202078</aac002></row><row><aae013/><aab001>00407983</aab001><aac003>吕可</aac003><aae003max>201712</aae003max><aaa027>511324</aaa027><aac031>1</aac031><aab004>中国农业银行股份有限公司仪陇县支行</aab004><aac001>1039751420</aac001><aae140>330</aae140><aac002>511324199103202078</aac002></row><row><aae013/><aab001>00418653</aab001><aac003>吕可</aac003><aae003max/><aaa027>511324</aaa027><aac031>1</aac031><aab004>中国农业银行股份有限公司仪陇县支行</aab004><aac001>1039751420</aac001><aae140>510</aae140><aac002>511324199103202078</aac002></row><row><aae013/><aab001/><aac003>吕可</aac003><aae003max/><aaa027/><aac031>1</aac031><aab004>个体</aab004><aac001>1039751420</aac001><aae140>391</aae140><aac002>511324199103202078</aac002></row><row><aae013/><aab001>00418653</aab001><aac003>吕可</aac003><aae003max/><aaa027>511324</aaa027><aac031>1</aac031><aab004>中国农业银行股份有限公司仪陇县支行</aab004><aac001>1039751420</aac001><aae140>410</aae140><aac002>511324199103202078</aac002></row><row><aae013/><aab001/><aac003>吕可</aac003><aae003max/><aaa027/><aac031>1</aac031><aab004>个体</aab004><aac001>1039751420</aac001><aae140>390</aae140><aac002>511324199103202078</aac002></row><row><aae013/><aab001>00407983</aab001><aac003>吕可</aac003><aae003max>201712</aae003max><aaa027>511324</aaa027><aac031>1</aac031><aab004>中国农业银行股份有限公司仪陇县支行</aab004><aac001>1039751420</aac001><aae140>313</aae140><aac002>511324199103202078</aac002></row><row><aae013/><aab001>00418653</aab001><aac003>吕可</aac003><aae003max/><aaa027>511324</aaa027><aac031>1</aac031><aab004>中国农业银行股份有限公司仪陇县支行</aab004><aac001>1039751420</aac001><aae140>110</aae140><aac002>511324199103202078</aac002></row></rows></output></result>]
[17-08-09 10:28:17]应答报文:[002124<ap><RetCode>0000</RetCode><RetMsg>交易成功</RetMsg><RetInfo01><result><message></message><code>1</code><output><rows><row><aae013 /><aab001>00407983</aab001><aac003>吕可</aac003><aae003max>201703</aae003max><aaa027>511324</aaa027><aac031>1</aac031><aab004>中国农业银行股份有限公司仪陇县支行</aab004><aac001>1039751420</aac001><aae140>310</aae140><aac002>511324199103202078</aac002></row><row><aae013 /><aab001>00407983</aab001><aac003>吕可</aac003><aae003max>201712</aae003max><aaa027>511324</aaa027><aac031>1</aac031><aab004>中国农业银行股份有限公司仪陇县支行</aab004><aac001>1039751420</aac001><aae140>330</aae140><aac002>511324199103202078</aac002></row><row><aae013 /><aab001>00418653</aab001><aac003>吕可</aac003><aae003max /><aaa027>511324</aaa027><aac031>1</aac031><aab004>中国农业银行股份有限公司仪陇县支行</aab004><aac001>1039751420</aac001><aae140>510</aae140><aac002>511324199103202078</aac002></row><row><aae013 /><aab001 /><aac003>吕可</aac003><aae003max /><aaa027 /><aac031>1</aac031><aab004>个体</aab004><aac001>1039751420</aac001><aae140>391</aae140><aac002>511324199103202078</aac002></row><row><aae013 /><aab001>00418653</aab001><aac003>吕可</aac003><aae003max /><aaa027>511324</aaa027><aac031>1</aac031><aab004>中国农业银行股份有限公司仪陇县支行</aab004><aac001>1039751420</aac001><aae140>410</aae140><aac002>511324199103202078</aac002></row><row><aae013 /><aab001 /><aac003>吕可</aac003><aae003max /><aaa027 /><aac031>1</aac031><aab004>个体</aab004><aac001>1039751420</aac001><aae140>390</aae140><aac002>511324199103202078</aac002></row><row><aae013 /><aab001>00407983</aab001><aac003>吕可</aac003><aae003max>201712</aae003max><aaa027>511324</aaa027><aac031>1</aac031><aab004>中国农业银行股份有限公司仪陇县支行</aab004><aac001>1039751420</aac001><aae140>313</aae140><aac002>511324199103202078</aac002></row><row><aae013 /><aab001>00418653</aab001><aac003>吕可</aac003><aae003max /><aaa027>511324</aaa027><aac031>1</aac031><aab004>中国农业银行股份有限公司仪陇县支行</aab004><aac001>1039751420</aac001><aae140>110</aae140><aac002>511324199103202078</aac002></row></rows></output></result></RetInfo01></ap>]
[17-08-09 10:28:17]Disconnect from [10.52.4.134]
[17-08-09 10:28:24]线程池中新增新线程[10.52.4.134]当前可用线程数[999]......
[17-08-09 10:28:24]Connect with [10.52.4.134]......
[17-08-09 10:28:24]报文长度:[000586]
[17-08-09 10:28:24]报文内容:[<ap>
	<Para01>
		<inputxml>
			<aae042>201712</aae042>
			<aae041>201701</aae041>
			<yic016>02</yic016>
			<aae140_391>0</aae140_391>
			<aae140_390>0</aae140_390>
			<aae140_330>0</aae140_330>
			<aae140_313>0</aae140_313>
			<aae140_310>0</aae140_310>
			<aae140_110>1</aae140_110>
			<aaz010>511322199007166668</aaz010>
			<aae011>ikjf</aae011>
			<aff002>C1010351007641</aff002>
		</inputxml>
		<reqdate>20170809</reqdate>
		<reqseq>22000809000000000047</reqseq>
		<tradeId>ZS100</tradeId>
		<aaz400></aaz400>
	</Para01>
	<FuncName>szCall</FuncName>
	<Project>NCDC</Project>
</ap>
]
[17-08-09 10:28:24]sProject=[NCDC]
[17-08-09 10:28:24]original key:[1111111133333333]
[17-08-09 10:28:24]new key:[eEKa41ksY6VvAqGo]
[17-08-09 10:28:24]XmlPara01[<Para01><inputxml><aae042>201712</aae042><aae041>201701</aae041><yic016>02</yic016><aae140_391>0</aae140_391><aae140_390>0</aae140_390><aae140_330>0</aae140_330><aae140_313>0</aae140_313><aae140_310>0</aae140_310><aae140_110>1</aae140_110><aaz010>511322199007166668</aaz010><aae011>ikjf</aae011><aff002>C1010351007641</aff002></inputxml><reqdate>20170809</reqdate><reqseq>22000809000000000047</reqseq><tradeId>ZS100</tradeId><aaz400></aaz400></Para01>]
[17-08-09 10:28:24]tradeId[ZS100]
[17-08-09 10:28:24]inputXml[<inputxml reqseq="22000809000000000047" reqdate="20170809"><aae042>201712</aae042><aae041>201701</aae041><yic016>02</yic016><aae140_391>0</aae140_391><aae140_390>0</aae140_390><aae140_330>0</aae140_330><aae140_313>0</aae140_313><aae140_310>0</aae140_310><aae140_110>1</aae140_110><aaz010>511322199007166668</aaz010><aae011>ikjf</aae011><aff002>C1010351007641</aff002></inputxml>]
[17-08-09 10:28:24]加密inputXml[M8+4xg/QhLpurhxoelehn0vogoA/NJzeWfMVcD+v9LVZAW2f7Q52tnVp5GAvv8eW5chGt40+cN8e
mRQrcCyc2hDoXxd33key6/yGxwMNR6KSXj/GZLw/yiS3mWCa8hqcO/SlrSsoAktKFuDEkhGkDYtv
MAW5OYZXVxl5f6HXp2WQfuKYun3C4MFYVNkC1NCyiuJsI8kRGERCrXch5N7kChSlwpGb/YqB58vz
UYRIE4Y7AnUm/K0863XHQDmuUvZdsyb4bQ0RQ3kqyWLrgPzu4g==]
[17-08-09 10:28:24]社保返回报文加密recvXml[/SAPv3hfPVu9mra0TX9fJ4BPUsRQnm2/kEtSyAlIUmtZmyr1/6T11M5BWoBfdK/feRFD4lHdLULh
Cf2p3P6qBZli88tW3tEBHHO1tpARetOut9UKgoXJkzSrE0w2lpVVCNa/7eFqFI7/uBKuaNliklDg
QfL8V46qID8Br8dTrFAsdqShgZYK3Tpd9f9j9yRxEyFnYiUYMC2JliibroIIZQ==]
[17-08-09 10:28:24]社保返回报文解密[<result><code>100</code><message>处理出错：错误原因：人员511322199007166668养老已退休,不能再缴养老!</message></result>]
[17-08-09 10:28:24]应答报文:[000198<ap><RetCode>0000</RetCode><RetMsg>交易成功</RetMsg><RetInfo01><result><code>100</code><message>处理出错：错误原因：人员511322199007166668养老已退休,不能再缴养老!</message></result></RetInfo01></ap>]
[17-08-09 10:28:24]Disconnect from [10.52.4.134]
[17-08-09 10:30:28]线程池中新增新线程[10.52.4.134]当前可用线程数[999]......
[17-08-09 10:30:28]Connect with [10.52.4.134]......
[17-08-09 10:30:28]报文长度:[000586]
[17-08-09 10:30:28]报文内容:[<ap>
	<Para01>
		<inputxml>
			<aae042>201712</aae042>
			<aae041>201701</aae041>
			<yic016>02</yic016>
			<aae140_391>0</aae140_391>
			<aae140_390>0</aae140_390>
			<aae140_330>0</aae140_330>
			<aae140_313>0</aae140_313>
			<aae140_310>0</aae140_310>
			<aae140_110>1</aae140_110>
			<aaz010>512924195002054753</aaz010>
			<aae011>ikjf</aae011>
			<aff002>C1010351007641</aff002>
		</inputxml>
		<reqdate>20170809</reqdate>
		<reqseq>22000809000000000048</reqseq>
		<tradeId>ZS100</tradeId>
		<aaz400></aaz400>
	</Para01>
	<FuncName>szCall</FuncName>
	<Project>NCDC</Project>
</ap>
]
[17-08-09 10:30:28]sProject=[NCDC]
[17-08-09 10:30:28]original key:[1111111133333333]
[17-08-09 10:30:28]new key:[eEKa41ksY6VvAqGo]
[17-08-09 10:30:28]XmlPara01[<Para01><inputxml><aae042>201712</aae042><aae041>201701</aae041><yic016>02</yic016><aae140_391>0</aae140_391><aae140_390>0</aae140_390><aae140_330>0</aae140_330><aae140_313>0</aae140_313><aae140_310>0</aae140_310><aae140_110>1</aae140_110><aaz010>512924195002054753</aaz010><aae011>ikjf</aae011><aff002>C1010351007641</aff002></inputxml><reqdate>20170809</reqdate><reqseq>22000809000000000048</reqseq><tradeId>ZS100</tradeId><aaz400></aaz400></Para01>]
[17-08-09 10:30:28]tradeId[ZS100]
[17-08-09 10:30:28]inputXml[<inputxml reqseq="22000809000000000048" reqdate="20170809"><aae042>201712</aae042><aae041>201701</aae041><yic016>02</yic016><aae140_391>0</aae140_391><aae140_390>0</aae140_390><aae140_330>0</aae140_330><aae140_313>0</aae140_313><aae140_310>0</aae140_310><aae140_110>1</aae140_110><aaz010>512924195002054753</aaz010><aae011>ikjf</aae011><aff002>C1010351007641</aff002></inputxml>]
[17-08-09 10:30:28]加密inputXml[iX3AvIiKQx2FQI8YMAvZWyIzz1ZFPhYaD35uQ9CXw1qcsb/Z2GwTMl61Ym7yF397SdI68Sfdqau2
87oYzO8p5VPrNn32VI5D6UJa6mW/Lz9FFSbD+jCKPd/RRRH79TmqRv4wO2zK6Gp16Aot1t16K2tR
HSp5Tx/uM4+zcQl8KfpyOYftxFeeKBLjhdLh1Yu5JOfIYtT/xbc3ndRHbQ6KgwRNtuuV/WFFBbMs
mQdQqSod0+YmJm2jDWv9pJte1uBcEmUITrOMaal39/WHsgDgog==]
[17-08-09 10:30:28]社保返回报文加密recvXml[/SAPv3hfPVu9mra0TX9fJ4BPUsRQnm2/kEtSyAlIUmtZmyr1/6T11M5BWoBfdK/feRFD4lHdLULh
Cf2p3P6qBRE+vQBdwJPF2m6ngFN+1jgnFYYC8sUzSAexhfgLq29sVZUkzNrHbTixEgjLEoap+EJY
uV5AAKudzHk8gsmujK1uo/5q2iGxy6EViMPB76iih8QGAxflJpZmZKMXpfvo1tVvGPE8JiXCBBbV
F9QGhHXL1+BMvvcdJQ8MSFVnyl4TDSYopTLRJossYDODu9x5uw==]
[17-08-09 10:30:28]社保返回报文解密[<result><code>100</code><message>处理出错：错误原因：人员512924195002054753未参保,不能缴费,请先做新参保!ORA-06512: 在 "NCJB1.PKG_P_YLHL", line 2610
</message></result>]
[17-08-09 10:30:28]应答报文:[000247<ap><RetCode>0000</RetCode><RetMsg>交易成功</RetMsg><RetInfo01><result><code>100</code><message>处理出错：错误原因：人员512924195002054753未参保,不能缴费,请先做新参保!ORA-06512: 在 "NCJB1.PKG_P_YLHL", line 2610
</message></result></RetInfo01></ap>]
[17-08-09 10:30:28]Disconnect from [10.52.4.134]
[17-08-09 10:30:40]线程池中新增新线程[10.52.4.134]当前可用线程数[999]......
[17-08-09 10:30:40]Connect with [10.52.4.134]......
[17-08-09 10:30:40]报文长度:[000586]
[17-08-09 10:30:40]报文内容:[<ap>
	<Para01>
		<inputxml>
			<aae042>201712</aae042>
			<aae041>201701</aae041>
			<yic016>02</yic016>
			<aae140_391>0</aae140_391>
			<aae140_390>0</aae140_390>
			<aae140_330>0</aae140_330>
			<aae140_313>0</aae140_313>
			<aae140_310>0</aae140_310>
			<aae140_110>1</aae140_110>
			<aaz010>512924194405164776</aaz010>
			<aae011>ikjf</aae011>
			<aff002>C1010351007641</aff002>
		</inputxml>
		<reqdate>20170809</reqdate>
		<reqseq>22000809000000000049</reqseq>
		<tradeId>ZS100</tradeId>
		<aaz400></aaz400>
	</Para01>
	<FuncName>szCall</FuncName>
	<Project>NCDC</Project>
</ap>
]
[17-08-09 10:30:40]sProject=[NCDC]
[17-08-09 10:30:40]original key:[1111111133333333]
[17-08-09 10:30:40]new key:[eEKa41ksY6VvAqGo]
[17-08-09 10:30:40]XmlPara01[<Para01><inputxml><aae042>201712</aae042><aae041>201701</aae041><yic016>02</yic016><aae140_391>0</aae140_391><aae140_390>0</aae140_390><aae140_330>0</aae140_330><aae140_313>0</aae140_313><aae140_310>0</aae140_310><aae140_110>1</aae140_110><aaz010>512924194405164776</aaz010><aae011>ikjf</aae011><aff002>C1010351007641</aff002></inputxml><reqdate>20170809</reqdate><reqseq>22000809000000000049</reqseq><tradeId>ZS100</tradeId><aaz400></aaz400></Para01>]
[17-08-09 10:30:40]tradeId[ZS100]
[17-08-09 10:30:40]inputXml[<inputxml reqseq="22000809000000000049" reqdate="20170809"><aae042>201712</aae042><aae041>201701</aae041><yic016>02</yic016><aae140_391>0</aae140_391><aae140_390>0</aae140_390><aae140_330>0</aae140_330><aae140_313>0</aae140_313><aae140_310>0</aae140_310><aae140_110>1</aae140_110><aaz010>512924194405164776</aaz010><aae011>ikjf</aae011><aff002>C1010351007641</aff002></inputxml>]
[17-08-09 10:30:40]加密inputXml[I3y0kPQW6Qx1zidxKY6H8fR6/wmhiP6lUVEQfchVtzEbf4ayxmOjaYKWLoQxfPbNqHEhuKafa/os
4ytV+OYlK7je+uwuOyF9eRdDCPPNP4fuZ4jmNnLOEIgMJeTfKkOFvvUnkREeIV8+m/YViTcA4XJ8
gediO8+YGKtvL7asQVDOX8wU5Dk9DfYOGYiM1YrPTGNFKDQwwIIQRsCQlCs45rtfJBCFfl+2ZbxN
JQ/xOxO1TUr/DP4YHjC9H8t/+oRrEmUITrOMaal39/WHsgDgog==]
[17-08-09 10:30:40]社保返回报文加密recvXml[/SAPv3hfPVu9mra0TX9fJ4BPUsRQnm2/kEtSyAlIUmtZmyr1/6T11M5BWoBfdK/feRFD4lHdLULh
Cf2p3P6qBRE+vQBdwJPF2m6ngFN+1jjp6eT2ZGsRkp2QFQuAGDhqVZUkzNrHbTixEgjLEoap+EJY
uV5AAKudzHk8gsmujK1uo/5q2iGxy6EViMPB76iih8QGAxflJpZmZKMXpfvo1tVvGPE8JiXCBBbV
F9QGhHVn55nlqHYBeL6MVJ+uIqON1G4USXaD0c/O8hPyqdCj4Q==]
[17-08-09 10:30:40]社保返回报文解密[<result><code>100</code><message>处理出错：错误原因：人员512924194405164776未参保,不能缴费,请先做新参保!ORA-06512: 在 "NCJB1.PKG_P_YLHL", line 2610
</message></result>]
[17-08-09 10:30:40]应答报文:[000247<ap><RetCode>0000</RetCode><RetMsg>交易成功</RetMsg><RetInfo01><result><code>100</code><message>处理出错：错误原因：人员512924194405164776未参保,不能缴费,请先做新参保!ORA-06512: 在 "NCJB1.PKG_P_YLHL", line 2610
</message></result></RetInfo01></ap>]
[17-08-09 10:30:40]Disconnect from [10.52.4.134]
[17-08-09 10:30:53]线程池中新增新线程[10.52.4.134]当前可用线程数[999]......
[17-08-09 10:30:53]Connect with [10.52.4.134]......
[17-08-09 10:30:53]报文长度:[000586]
[17-08-09 10:30:53]报文内容:[<ap>
	<Para01>
		<inputxml>
			<aae042>201712</aae042>
			<aae041>201701</aae041>
			<yic016>02</yic016>
			<aae140_391>0</aae140_391>
			<aae140_390>0</aae140_390>
			<aae140_330>0</aae140_330>
			<aae140_313>0</aae140_313>
			<aae140_310>0</aae140_310>
			<aae140_110>1</aae140_110>
			<aaz010>511322199204106664</aaz010>
			<aae011>ikjf</aae011>
			<aff002>C1010351007641</aff002>
		</inputxml>
		<reqdate>20170809</reqdate>
		<reqseq>22000809000000000050</reqseq>
		<tradeId>ZS100</tradeId>
		<aaz400></aaz400>
	</Para01>
	<FuncName>szCall</FuncName>
	<Project>NCDC</Project>
</ap>
]
[17-08-09 10:30:53]sProject=[NCDC]
[17-08-09 10:30:53]original key:[1111111133333333]
[17-08-09 10:30:53]new key:[eEKa41ksY6VvAqGo]
[17-08-09 10:30:53]XmlPara01[<Para01><inputxml><aae042>201712</aae042><aae041>201701</aae041><yic016>02</yic016><aae140_391>0</aae140_391><aae140_390>0</aae140_390><aae140_330>0</aae140_330><aae140_313>0</aae140_313><aae140_310>0</aae140_310><aae140_110>1</aae140_110><aaz010>511322199204106664</aaz010><aae011>ikjf</aae011><aff002>C1010351007641</aff002></inputxml><reqdate>20170809</reqdate><reqseq>22000809000000000050</reqseq><tradeId>ZS100</tradeId><aaz400></aaz400></Para01>]
[17-08-09 10:30:53]tradeId[ZS100]
[17-08-09 10:30:53]inputXml[<inputxml reqseq="22000809000000000050" reqdate="20170809"><aae042>201712</aae042><aae041>201701</aae041><yic016>02</yic016><aae140_391>0</aae140_391><aae140_390>0</aae140_390><aae140_330>0</aae140_330><aae140_313>0</aae140_313><aae140_310>0</aae140_310><aae140_110>1</aae140_110><aaz010>511322199204106664</aaz010><aae011>ikjf</aae011><aff002>C1010351007641</aff002></inputxml>]
[17-08-09 10:30:53]加密inputXml[I3y0kPQW6Qx1zidxKY6H8WlptuFMjvBXxBhi1a1MrKMZTC5nuq1mnv/mPYZKZYPycpXSuvWcvEZp
atr8xzTlIN3frtp9TmDVrRITJqD8R/AjQpsAHd7uynEWGZTMSu+HmkowqlDl0hAtKHPw9ITK9Bio
zkgUnuNujZg8YrA4kBggQhwQARVuj0l7M72pz1xPYCqq2MYreUu3nhfEG4X4u9SwPJRqo7aiSf4h
5ZVsVfkmn+ZvxzcaYVeOwBlhllnxsyb4bQ0RQ3kqyWLrgPzu4g==]
[17-08-09 10:30:53]社保返回报文加密recvXml[/SAPv3hfPVu9mra0TX9fJ4BPUsRQnm2/kEtSyAlIUmtZmyr1/6T11M5BWoBfdK/feRFD4lHdLULh
Cf2p3P6qBZli88tW3tEBHHO1tpARetOp/fxlObkmhVhMnAEGO8DcVZUkzNrHbTixEgjLEoap+EJY
uV5AAKudzHk8gsmujK1DYllvD/5wIK0JF7HKnBCSvdd/nCo/RJaPbO6gyJtsyv4q+IaG4ypD3UVr
9oP5Cne4XcpCFCYKyJkp4If6gRbc7SK9Ahdey+hDC3XVoCaQgw==]
[17-08-09 10:30:53]社保返回报文解密[<result><code>100</code><message>处理出错：错误原因：人员511322199204106664未参保,不能缴费,请先做新参保!ORA-06512: 在 "NCJB1.PKG_P_YLHL", line 2610
</message></result>]
[17-08-09 10:30:53]应答报文:[000247<ap><RetCode>0000</RetCode><RetMsg>交易成功</RetMsg><RetInfo01><result><code>100</code><message>处理出错：错误原因：人员511322199204106664未参保,不能缴费,请先做新参保!ORA-06512: 在 "NCJB1.PKG_P_YLHL", line 2610
</message></result></RetInfo01></ap>]
[17-08-09 10:30:53]Disconnect from [10.52.4.134]
[17-08-09 10:31:06]线程池中新增新线程[10.52.4.134]当前可用线程数[999]......
[17-08-09 10:31:06]Connect with [10.52.4.134]......
[17-08-09 10:31:06]报文长度:[000586]
[17-08-09 10:31:06]报文内容:[<ap>
	<Para01>
		<inputxml>
			<aae042>201712</aae042>
			<aae041>201701</aae041>
			<yic016>02</yic016>
			<aae140_391>0</aae140_391>
			<aae140_390>0</aae140_390>
			<aae140_330>0</aae140_330>
			<aae140_313>0</aae140_313>
			<aae140_310>0</aae140_310>
			<aae140_110>1</aae140_110>
			<aaz010>511322198911086661</aaz010>
			<aae011>ikjf</aae011>
			<aff002>C1010351007641</aff002>
		</inputxml>
		<reqdate>20170809</reqdate>
		<reqseq>22000809000000000051</reqseq>
		<tradeId>ZS100</tradeId>
		<aaz400></aaz400>
	</Para01>
	<FuncName>szCall</FuncName>
	<Project>NCDC</Project>
</ap>
]
[17-08-09 10:31:06]sProject=[NCDC]
[17-08-09 10:31:06]original key:[1111111133333333]
[17-08-09 10:31:06]new key:[eEKa41ksY6VvAqGo]
[17-08-09 10:31:06]XmlPara01[<Para01><inputxml><aae042>201712</aae042><aae041>201701</aae041><yic016>02</yic016><aae140_391>0</aae140_391><aae140_390>0</aae140_390><aae140_330>0</aae140_330><aae140_313>0</aae140_313><aae140_310>0</aae140_310><aae140_110>1</aae140_110><aaz010>511322198911086661</aaz010><aae011>ikjf</aae011><aff002>C1010351007641</aff002></inputxml><reqdate>20170809</reqdate><reqseq>22000809000000000051</reqseq><tradeId>ZS100</tradeId><aaz400></aaz400></Para01>]
[17-08-09 10:31:06]tradeId[ZS100]
[17-08-09 10:31:06]inputXml[<inputxml reqseq="22000809000000000051" reqdate="20170809"><aae042>201712</aae042><aae041>201701</aae041><yic016>02</yic016><aae140_391>0</aae140_391><aae140_390>0</aae140_390><aae140_330>0</aae140_330><aae140_313>0</aae140_313><aae140_310>0</aae140_310><aae140_110>1</aae140_110><aaz010>511322198911086661</aaz010><aae011>ikjf</aae011><aff002>C1010351007641</aff002></inputxml>]
[17-08-09 10:31:06]加密inputXml[ExFSqZuf1+B0tSJr0icI3MEFQKGQMN5T36ABphG9WkSEsCGLVfUHi2eoRuHY9kxPItqniu3hb7nk
SPVQ6UWeWkL2WXTKNRzMleXscDk4xNNOLKHtFvC/tU5kFJWFIH7JleAF0J+0edjbioV7a1UeMghV
/MqUFFAPsGEhnKBX2w0lMFeM7eZUrPDaC+Jvp/20UyCnIl07xpEnSy+XRprq+qEyvOSoEgptQEKV
MiQkikdLwBwodVaQ8EeelZM+285aEyFnYiUYMC2JliibroIIZQ==]
[17-08-09 10:31:06]社保返回报文加密recvXml[/SAPv3hfPVu9mra0TX9fJ4BPUsRQnm2/kEtSyAlIUmtZmyr1/6T11M5BWoBfdK/feRFD4lHdLULh
Cf2p3P6qBZli88tW3tEBHHO1tpARetMY4Jzljn9dYhMo64BUiVCUVZUkzNrHbTixEgjLEoap+EJY
uV5AAKudzHk8gsmujK1DYllvD/5wIK0JF7HKnBCSvdd/nCo/RJaPbO6gyJtsyv4q+IaG4ypD3UVr
9oP5Cnca4fBcpZomXxapSpTkdzv3FJPjmLsQuMo9Y/ZjfdPCDw==]
[17-08-09 10:31:06]社保返回报文解密[<result><code>100</code><message>处理出错：错误原因：人员511322198911086661未参保,不能缴费,请先做新参保!ORA-06512: 在 "NCJB1.PKG_P_YLHL", line 2610
</message></result>]
[17-08-09 10:31:06]应答报文:[000247<ap><RetCode>0000</RetCode><RetMsg>交易成功</RetMsg><RetInfo01><result><code>100</code><message>处理出错：错误原因：人员511322198911086661未参保,不能缴费,请先做新参保!ORA-06512: 在 "NCJB1.PKG_P_YLHL", line 2610
</message></result></RetInfo01></ap>]
[17-08-09 10:31:06]Disconnect from [10.52.4.134]
[17-08-09 10:31:39]线程池中新增新线程[10.52.4.134]当前可用线程数[999]......
[17-08-09 10:31:39]Connect with [10.52.4.134]......
[17-08-09 10:31:39]报文长度:[000586]
[17-08-09 10:31:39]报文内容:[<ap>
	<Para01>
		<inputxml>
			<aae042>201712</aae042>
			<aae041>201701</aae041>
			<yic016>02</yic016>
			<aae140_391>0</aae140_391>
			<aae140_390>0</aae140_390>
			<aae140_330>0</aae140_330>
			<aae140_313>0</aae140_313>
			<aae140_310>0</aae140_310>
			<aae140_110>1</aae140_110>
			<aaz010>512929196910050922</aaz010>
			<aae011>ikjf</aae011>
			<aff002>C1010351007641</aff002>
		</inputxml>
		<reqdate>20170809</reqdate>
		<reqseq>22000809000000000052</reqseq>
		<tradeId>ZS100</tradeId>
		<aaz400></aaz400>
	</Para01>
	<FuncName>szCall</FuncName>
	<Project>NCDC</Project>
</ap>
]
[17-08-09 10:31:39]sProject=[NCDC]
[17-08-09 10:31:39]original key:[1111111133333333]
[17-08-09 10:31:39]new key:[eEKa41ksY6VvAqGo]
[17-08-09 10:31:39]XmlPara01[<Para01><inputxml><aae042>201712</aae042><aae041>201701</aae041><yic016>02</yic016><aae140_391>0</aae140_391><aae140_390>0</aae140_390><aae140_330>0</aae140_330><aae140_313>0</aae140_313><aae140_310>0</aae140_310><aae140_110>1</aae140_110><aaz010>512929196910050922</aaz010><aae011>ikjf</aae011><aff002>C1010351007641</aff002></inputxml><reqdate>20170809</reqdate><reqseq>22000809000000000052</reqseq><tradeId>ZS100</tradeId><aaz400></aaz400></Para01>]
[17-08-09 10:31:39]tradeId[ZS100]
[17-08-09 10:31:39]inputXml[<inputxml reqseq="22000809000000000052" reqdate="20170809"><aae042>201712</aae042><aae041>201701</aae041><yic016>02</yic016><aae140_391>0</aae140_391><aae140_390>0</aae140_390><aae140_330>0</aae140_330><aae140_313>0</aae140_313><aae140_310>0</aae140_310><aae140_110>1</aae140_110><aaz010>512929196910050922</aaz010><aae011>ikjf</aae011><aff002>C1010351007641</aff002></inputxml>]
[17-08-09 10:31:39]加密inputXml[I3y0kPQW6Qx1zidxKY6H8YxLROlBS9rFSkKZN7gQkPHRhyXLM37S6BjAKbTdPOjrOKGFCALc4Yfj
tCUhPX03tgNNhF76T6VDTYYMfPF7z2tEls9lyqBaI8wC4s02wZthegrzmw75J96AL5BoeeoZ5gT2
nKVc9Ad9W8xL69OKtsSLJbDEaqmCcg50QUb3I+egirq9QU0BssuS+hpEPjjFybiEJzeMpxtgaVGm
tMjBtvRljkHRnVy5R5Y7jUaHBXlUsyb4bQ0RQ3kqyWLrgPzu4g==]
[17-08-09 10:31:40]社保返回报文加密recvXml[/SAPv3hfPVu9mra0TX9fJ4BPUsRQnm2/kEtSyAlIUmtZmyr1/6T11M5BWoBfdK/feRFD4lHdLULh
Cf2p3P6qBXmVtxXCXXDu7hVDqG0+s+RvYkn+PtXoKispjI+Z0eF7qqKeQNIGSTVXSuY0/NZtahZ1
LgV2spavySouxraS9GDff7hynwGzozqTLrp81OxJ]
[17-08-09 10:31:40]社保返回报文解密[<result><code>100</code><message>处理出错：错误原因：身份证512929196910050922在系统中存在多条!</message></result>]
[17-08-09 10:31:40]应答报文:[000193<ap><RetCode>0000</RetCode><RetMsg>交易成功</RetMsg><RetInfo01><result><code>100</code><message>处理出错：错误原因：身份证512929196910050922在系统中存在多条!</message></result></RetInfo01></ap>]
[17-08-09 10:31:40]Disconnect from [10.52.4.134]
[17-08-09 10:31:59]线程池中新增新线程[10.52.4.134]当前可用线程数[999]......
[17-08-09 10:31:59]Connect with [10.52.4.134]......
[17-08-09 10:31:59]报文长度:[000586]
[17-08-09 10:31:59]报文内容:[<ap>
	<Para01>
		<inputxml>
			<aae042>201712</aae042>
			<aae041>201701</aae041>
			<yic016>02</yic016>
			<aae140_391>0</aae140_391>
			<aae140_390>0</aae140_390>
			<aae140_330>0</aae140_330>
			<aae140_313>0</aae140_313>
			<aae140_310>0</aae140_310>
			<aae140_110>1</aae140_110>
			<aaz010>511304199901231222</aaz010>
			<aae011>ikjf</aae011>
			<aff002>C1010351007641</aff002>
		</inputxml>
		<reqdate>20170809</reqdate>
		<reqseq>22000809000000000053</reqseq>
		<tradeId>ZS100</tradeId>
		<aaz400></aaz400>
	</Para01>
	<FuncName>szCall</FuncName>
	<Project>NCDC</Project>
</ap>
]
[17-08-09 10:31:59]sProject=[NCDC]
[17-08-09 10:31:59]original key:[1111111133333333]
[17-08-09 10:31:59]new key:[eEKa41ksY6VvAqGo]
[17-08-09 10:31:59]XmlPara01[<Para01><inputxml><aae042>201712</aae042><aae041>201701</aae041><yic016>02</yic016><aae140_391>0</aae140_391><aae140_390>0</aae140_390><aae140_330>0</aae140_330><aae140_313>0</aae140_313><aae140_310>0</aae140_310><aae140_110>1</aae140_110><aaz010>511304199901231222</aaz010><aae011>ikjf</aae011><aff002>C1010351007641</aff002></inputxml><reqdate>20170809</reqdate><reqseq>22000809000000000053</reqseq><tradeId>ZS100</tradeId><aaz400></aaz400></Para01>]
[17-08-09 10:31:59]tradeId[ZS100]
[17-08-09 10:31:59]inputXml[<inputxml reqseq="22000809000000000053" reqdate="20170809"><aae042>201712</aae042><aae041>201701</aae041><yic016>02</yic016><aae140_391>0</aae140_391><aae140_390>0</aae140_390><aae140_330>0</aae140_330><aae140_313>0</aae140_313><aae140_310>0</aae140_310><aae140_110>1</aae140_110><aaz010>511304199901231222</aaz010><aae011>ikjf</aae011><aff002>C1010351007641</aff002></inputxml>]
[17-08-09 10:31:59]加密inputXml[iX3AvIiKQx2FQI8YMAvZW1BQQwlV4TFC7jpJHjMDVqOIkoU+DVRGF2rv1umgiDpFpK7y4gJl+Vp0
nJTBgTJ9efgo23WsqeHb4Ji9awZABENkYc/NzoUM1xL0VvT9edYEqJp/Uue4xb2zZZAktWmtfzbm
ddN3KELZgR7GpPfgPOIJWRddRPbGOo8R/WD3H2+y5RWRLFCa53+JyvjXqHlifvUnb8wrbsZqlE64
LnlD00Cs45S66ZnDi4fqTT/eaCzusyb4bQ0RQ3kqyWLrgPzu4g==]
[17-08-09 10:31:59]社保返回报文加密recvXml[/SAPv3hfPVu9mra0TX9fJ4BPUsRQnm2/kEtSyAlIUmtZmyr1/6T11M5BWoBfdK/feRFD4lHdLULh
Cf2p3P6qBXmVtxXCXXDu7hVDqG0+s+QHFv54/+3xTCmbOdL212MOT0j+nAlK49m0h3ULCjvslsBf
GgcCq/yJDWcyIvPBP1LDGiZArE7ClFhmCmk4LM4g]
[17-08-09 10:31:59]社保返回报文解密[<result><code>100</code><message>处理出错：错误原因：身份证511304199901231222在系统中存在多条!</message></result>]
[17-08-09 10:31:59]应答报文:[000193<ap><RetCode>0000</RetCode><RetMsg>交易成功</RetMsg><RetInfo01><result><code>100</code><message>处理出错：错误原因：身份证511304199901231222在系统中存在多条!</message></result></RetInfo01></ap>]
[17-08-09 10:31:59]Disconnect from [10.52.4.134]
[17-08-09 10:32:19]线程池中新增新线程[10.52.4.134]当前可用线程数[999]......
[17-08-09 10:32:19]Connect with [10.52.4.134]......
[17-08-09 10:32:19]报文长度:[000586]
[17-08-09 10:32:19]报文内容:[<ap>
	<Para01>
		<inputxml>
			<aae042>201712</aae042>
			<aae041>201701</aae041>
			<yic016>02</yic016>
			<aae140_391>0</aae140_391>
			<aae140_390>0</aae140_390>
			<aae140_330>0</aae140_330>
			<aae140_313>0</aae140_313>
			<aae140_310>0</aae140_310>
			<aae140_110>1</aae140_110>
			<aaz010>51130219830116302X</aaz010>
			<aae011>ikjf</aae011>
			<aff002>C1010351007641</aff002>
		</inputxml>
		<reqdate>20170809</reqdate>
		<reqseq>22000809000000000054</reqseq>
		<tradeId>ZS100</tradeId>
		<aaz400></aaz400>
	</Para01>
	<FuncName>szCall</FuncName>
	<Project>NCDC</Project>
</ap>
]
[17-08-09 10:32:19]sProject=[NCDC]
[17-08-09 10:32:19]original key:[1111111133333333]
[17-08-09 10:32:19]new key:[eEKa41ksY6VvAqGo]
[17-08-09 10:32:19]XmlPara01[<Para01><inputxml><aae042>201712</aae042><aae041>201701</aae041><yic016>02</yic016><aae140_391>0</aae140_391><aae140_390>0</aae140_390><aae140_330>0</aae140_330><aae140_313>0</aae140_313><aae140_310>0</aae140_310><aae140_110>1</aae140_110><aaz010>51130219830116302X</aaz010><aae011>ikjf</aae011><aff002>C1010351007641</aff002></inputxml><reqdate>20170809</reqdate><reqseq>22000809000000000054</reqseq><tradeId>ZS100</tradeId><aaz400></aaz400></Para01>]
[17-08-09 10:32:19]tradeId[ZS100]
[17-08-09 10:32:19]inputXml[<inputxml reqseq="22000809000000000054" reqdate="20170809"><aae042>201712</aae042><aae041>201701</aae041><yic016>02</yic016><aae140_391>0</aae140_391><aae140_390>0</aae140_390><aae140_330>0</aae140_330><aae140_313>0</aae140_313><aae140_310>0</aae140_310><aae140_110>1</aae140_110><aaz010>51130219830116302X</aaz010><aae011>ikjf</aae011><aff002>C1010351007641</aff002></inputxml>]
[17-08-09 10:32:19]加密inputXml[JdugfQllzVkEb/1c0ibxunG3lug5xpYsVGf6TX6gTrfNkA7X3wGXp6mbvQ/qVrNrMT7Y8Jq39nQZ
TB6HTmbiWc/mFIF+z5Z0UN8ZsWW1TJQ1HUAoWS3BjfzP+vwfVRCHsN9dq/jyvc4z7JhFiGi88q9V
z4NVyn1WvBA3TqdmiGOm/d/NRK2EfU0DeNL3ZjY9IaaD4QgTer9p8fhTfYZ4YXdH/uqvhINCoSxq
Gb+bVLEFykVPmeoZE6GuFcnURQCUEmUITrOMaal39/WHsgDgog==]
[17-08-09 10:32:19]社保返回报文加密recvXml[/SAPv3hfPVu9mra0TX9fJ4BPUsRQnm2/kEtSyAlIUmtZmyr1/6T11M5BWoBfdK/feRFD4lHdLULh
Cf2p3P6qBZli88tW3tEBHHO1tpARetPjMDddSxj6I8GNm+YTMT4/RBWtG5N7W98MBo3apzhe/3Wi
yxpQ79F0nPVCDs3Th2xmGIE4ZrINEnZFq6h3rhtgiiX8tltuYt5FLkWDXFYeltfbHJakzXCWLNMt
xIlsVm+3kuMRoPlRcCaag7mD2pxtH2RsTDc3xkNtnavJQ/fhqg==]
[17-08-09 10:32:19]社保返回报文解密[<result><code>100</code><message>处理出错：错误原因：人员51130219830116302X未参保,不能缴费,请先做新参保!ORA-06512: 在 "NCJB1.PKG_P_YLHL", line 2610
</message></result>]
[17-08-09 10:32:19]应答报文:[000247<ap><RetCode>0000</RetCode><RetMsg>交易成功</RetMsg><RetInfo01><result><code>100</code><message>处理出错：错误原因：人员51130219830116302X未参保,不能缴费,请先做新参保!ORA-06512: 在 "NCJB1.PKG_P_YLHL", line 2610
</message></result></RetInfo01></ap>]
[17-08-09 10:32:19]Disconnect from [10.52.4.134]
[17-08-09 10:33:48]线程池中新增新线程[10.52.4.134]当前可用线程数[999]......
[17-08-09 10:33:48]Connect with [10.52.4.134]......
[17-08-09 10:33:48]报文长度:[000586]
[17-08-09 10:33:48]报文内容:[<ap>
	<Para01>
		<inputxml>
			<aae042>201712</aae042>
			<aae041>201701</aae041>
			<yic016>02</yic016>
			<aae140_391>0</aae140_391>
			<aae140_390>0</aae140_390>
			<aae140_330>0</aae140_330>
			<aae140_313>0</aae140_313>
			<aae140_310>0</aae140_310>
			<aae140_110>1</aae140_110>
			<aaz010>512921196308292151</aaz010>
			<aae011>ikjf</aae011>
			<aff002>C1010351007641</aff002>
		</inputxml>
		<reqdate>20170809</reqdate>
		<reqseq>22000809000000000055</reqseq>
		<tradeId>ZS100</tradeId>
		<aaz400></aaz400>
	</Para01>
	<FuncName>szCall</FuncName>
	<Project>NCDC</Project>
</ap>
]
[17-08-09 10:33:48]sProject=[NCDC]
[17-08-09 10:33:48]original key:[1111111133333333]
[17-08-09 10:33:48]new key:[eEKa41ksY6VvAqGo]
[17-08-09 10:33:48]XmlPara01[<Para01><inputxml><aae042>201712</aae042><aae041>201701</aae041><yic016>02</yic016><aae140_391>0</aae140_391><aae140_390>0</aae140_390><aae140_330>0</aae140_330><aae140_313>0</aae140_313><aae140_310>0</aae140_310><aae140_110>1</aae140_110><aaz010>512921196308292151</aaz010><aae011>ikjf</aae011><aff002>C1010351007641</aff002></inputxml><reqdate>20170809</reqdate><reqseq>22000809000000000055</reqseq><tradeId>ZS100</tradeId><aaz400></aaz400></Para01>]
[17-08-09 10:33:48]tradeId[ZS100]
[17-08-09 10:33:48]inputXml[<inputxml reqseq="22000809000000000055" reqdate="20170809"><aae042>201712</aae042><aae041>201701</aae041><yic016>02</yic016><aae140_391>0</aae140_391><aae140_390>0</aae140_390><aae140_330>0</aae140_330><aae140_313>0</aae140_313><aae140_310>0</aae140_310><aae140_110>1</aae140_110><aaz010>512921196308292151</aaz010><aae011>ikjf</aae011><aff002>C1010351007641</aff002></inputxml>]
[17-08-09 10:33:48]加密inputXml[ExFSqZuf1+B0tSJr0icI3BcBPTsGu88q7t4KeEuLjaSfuHG6/YMYCm0RZMmqI+j8TzJWlapKqreT
gmjjgTiwpBiy5nVuC176SbD17i9V0b3G/rsK4FDY2BmTOqoBPjsebBHCe4v/ezODhWWbX0PvVYSf
3v+//Y6KI8q7ZQQxrHj0BG+8n8OL1LZcy7b0ZO3+6R0AVbDlhWggDBmvUAe7DK9NeD68u5zAzIn/
fX1PicBYqCafEMrB+xfKrjCl9JZ9EyFnYiUYMC2JliibroIIZQ==]
[17-08-09 10:33:48]社保返回报文加密recvXml[/SAPv3hfPVu9mra0TX9fJ4BPUsRQnm2/kEtSyAlIUmtZmyr1/6T11M5BWoBfdK/feRFD4lHdLULh
Cf2p3P6qBXmVtxXCXXDu7hVDqG0+s+Ry6hQueTRQFQquRjSTA1ryYC6yNzN1fm6qNQNy2enu/V9L
nRUmFX3g745fBNGRTbdZoqRkUR7PAFWE8dEdYSOJ]
[17-08-09 10:33:48]社保返回报文解密[<result><code>100</code><message>处理出错：错误原因：身份证512921196308292151在系统中存在多条!</message></result>]
[17-08-09 10:33:48]应答报文:[000193<ap><RetCode>0000</RetCode><RetMsg>交易成功</RetMsg><RetInfo01><result><code>100</code><message>处理出错：错误原因：身份证512921196308292151在系统中存在多条!</message></result></RetInfo01></ap>]
[17-08-09 10:33:48]Disconnect from [10.52.4.134]
[17-08-09 10:34:03]线程池中新增新线程[10.52.4.134]当前可用线程数[999]......
[17-08-09 10:34:03]Connect with [10.52.4.134]......
[17-08-09 10:34:03]报文长度:[000586]
[17-08-09 10:34:03]报文内容:[<ap>
	<Para01>
		<inputxml>
			<aae042>201712</aae042>
			<aae041>201701</aae041>
			<yic016>02</yic016>
			<aae140_391>0</aae140_391>
			<aae140_390>0</aae140_390>
			<aae140_330>0</aae140_330>
			<aae140_313>0</aae140_313>
			<aae140_310>0</aae140_310>
			<aae140_110>1</aae140_110>
			<aaz010>511324199102160670</aaz010>
			<aae011>ikjf</aae011>
			<aff002>C1010351007641</aff002>
		</inputxml>
		<reqdate>20170809</reqdate>
		<reqseq>22000809000000000056</reqseq>
		<tradeId>ZS100</tradeId>
		<aaz400></aaz400>
	</Para01>
	<FuncName>szCall</FuncName>
	<Project>NCDC</Project>
</ap>
]
[17-08-09 10:34:03]sProject=[NCDC]
[17-08-09 10:34:03]original key:[1111111133333333]
[17-08-09 10:34:03]new key:[eEKa41ksY6VvAqGo]
[17-08-09 10:34:03]XmlPara01[<Para01><inputxml><aae042>201712</aae042><aae041>201701</aae041><yic016>02</yic016><aae140_391>0</aae140_391><aae140_390>0</aae140_390><aae140_330>0</aae140_330><aae140_313>0</aae140_313><aae140_310>0</aae140_310><aae140_110>1</aae140_110><aaz010>511324199102160670</aaz010><aae011>ikjf</aae011><aff002>C1010351007641</aff002></inputxml><reqdate>20170809</reqdate><reqseq>22000809000000000056</reqseq><tradeId>ZS100</tradeId><aaz400></aaz400></Para01>]
[17-08-09 10:34:03]tradeId[ZS100]
[17-08-09 10:34:03]inputXml[<inputxml reqseq="22000809000000000056" reqdate="20170809"><aae042>201712</aae042><aae041>201701</aae041><yic016>02</yic016><aae140_391>0</aae140_391><aae140_390>0</aae140_390><aae140_330>0</aae140_330><aae140_313>0</aae140_313><aae140_310>0</aae140_310><aae140_110>1</aae140_110><aaz010>511324199102160670</aaz010><aae011>ikjf</aae011><aff002>C1010351007641</aff002></inputxml>]
[17-08-09 10:34:03]加密inputXml[iX3AvIiKQx2FQI8YMAvZW8bK9AodTdpLf6zQ3DPbbeMiul9KcMssG9FZK8ZnCPG+c9zYfK56X+S/
6pRWpH3/4SIMDjurKgeCoI0GcbHY5RhkYc/NzoUM1xL0VvT9edYEchDHHjpxgHtsh05N1d9i8R5K
ADIjOaNEs03i47QNHroJWRddRPbGOo8R/WD3H2+ypr0NPyU1POYtAHMmfTeCyxFXLen43gaOSrnk
OVtih1Kget5rjE2H/JGNsC6bRKflsyb4bQ0RQ3kqyWLrgPzu4g==]
[17-08-09 10:34:03]社保返回报文加密recvXml[/SAPv3hfPVu9mra0TX9fJ4BPUsRQnm2/kEtSyAlIUmtZmyr1/6T11M5BWoBfdK/feRFD4lHdLULh
Cf2p3P6qBXmVtxXCXXDu7hVDqG0+s+R/sOrWysEpOZtPeQvz98pwVwphHgFMTOzieQarqwVhQMBf
GgcCq/yJDWcyIvPBP1I5qQ1SRk9ly4qLZr1lFnUB]
[17-08-09 10:34:03]社保返回报文解密[<result><code>100</code><message>处理出错：错误原因：身份证511324199102160670在系统中存在多条!</message></result>]
[17-08-09 10:34:03]应答报文:[000193<ap><RetCode>0000</RetCode><RetMsg>交易成功</RetMsg><RetInfo01><result><code>100</code><message>处理出错：错误原因：身份证511324199102160670在系统中存在多条!</message></result></RetInfo01></ap>]
[17-08-09 10:34:03]Disconnect from [10.52.4.134]
[17-08-09 10:34:46]线程池中新增新线程[10.52.4.134]当前可用线程数[999]......
[17-08-09 10:34:46]Connect with [10.52.4.134]......
[17-08-09 10:34:46]报文长度:[000578]
[17-08-09 10:34:46]报文内容:[<ap>
	<Para01>
		<inputxml>
			<aae042>201712</aae042>
			<aae041>201701</aae041>
			<yic016>02</yic016>
			<aae140_391>0</aae140_391>
			<aae140_390>0</aae140_390>
			<aae140_330>0</aae140_330>
			<aae140_313>0</aae140_313>
			<aae140_310>0</aae140_310>
			<aae140_110>1</aae140_110>
			<aaz010>1000369336</aaz010>
			<aae011>ikjf</aae011>
			<aff002>C1010351007641</aff002>
		</inputxml>
		<reqdate>20170809</reqdate>
		<reqseq>22000809000000000057</reqseq>
		<tradeId>ZS100</tradeId>
		<aaz400></aaz400>
	</Para01>
	<FuncName>szCall</FuncName>
	<Project>NCDC</Project>
</ap>
]
[17-08-09 10:34:46]sProject=[NCDC]
[17-08-09 10:34:46]original key:[1111111133333333]
[17-08-09 10:34:46]new key:[eEKa41ksY6VvAqGo]
[17-08-09 10:34:46]XmlPara01[<Para01><inputxml><aae042>201712</aae042><aae041>201701</aae041><yic016>02</yic016><aae140_391>0</aae140_391><aae140_390>0</aae140_390><aae140_330>0</aae140_330><aae140_313>0</aae140_313><aae140_310>0</aae140_310><aae140_110>1</aae140_110><aaz010>1000369336</aaz010><aae011>ikjf</aae011><aff002>C1010351007641</aff002></inputxml><reqdate>20170809</reqdate><reqseq>22000809000000000057</reqseq><tradeId>ZS100</tradeId><aaz400></aaz400></Para01>]
[17-08-09 10:34:46]tradeId[ZS100]
[17-08-09 10:34:46]inputXml[<inputxml reqseq="22000809000000000057" reqdate="20170809"><aae042>201712</aae042><aae041>201701</aae041><yic016>02</yic016><aae140_391>0</aae140_391><aae140_390>0</aae140_390><aae140_330>0</aae140_330><aae140_313>0</aae140_313><aae140_310>0</aae140_310><aae140_110>1</aae140_110><aaz010>1000369336</aaz010><aae011>ikjf</aae011><aff002>C1010351007641</aff002></inputxml>]
[17-08-09 10:34:46]加密inputXml[ExFSqZuf1+B0tSJr0icI3P4xqbStNIIFono/2AF971uE6+vHuar/SNq5m2/oSjOYtUIhREV7TDFM
aUxlXhaEP50YTCzz5OVKKx6sosE/sAJwY+cj1DTnm+5/Z/mQZBGNAQ1YrS18rMBdz7x7nI5/dzCx
c8Fz16o4HBZMdN+RbkPKy3LDmyOybnrm0M2iPC8+ymlaUf+rbIXuD7aOpELxMyojLUdfkAMxjZ36
1E/o+cDOhZjNIsrVVTEYpcSWACM6]
[17-08-09 10:34:46]社保返回报文加密recvXml[/SAPv3hfPVu9mra0TX9fJ4BPUsRQnm2/kEtSyAlIUmtZmyr1/6T11M5BWoBfdK/feRFD4lHdLULh
Cf2p3P6qBc1xHBf8595QPLby2hWrqv8ra4afLtczH0mnKkYXexPswimEVaR1nFRHXqwK2JauGs86
cifyC5FVJhnyJ3vv6YPlLS7o6kJKaQmYwtxFTij/I4suUvWw/L1T1bggdPMxWCksyK8uBmJ6CmTU
06iv0sa6v9/jKdjy3kAA6bMX79/O]
[17-08-09 10:34:46]社保返回报文解密[<result><code>100</code><message>处理出错：错误原因：人员1000369336未参保,不能缴费,请先做新参保!ORA-06512: 在 "NCJB1.PKG_P_YLHL", line 2610
</message></result>]
[17-08-09 10:34:46]应答报文:[000239<ap><RetCode>0000</RetCode><RetMsg>交易成功</RetMsg><RetInfo01><result><code>100</code><message>处理出错：错误原因：人员1000369336未参保,不能缴费,请先做新参保!ORA-06512: 在 "NCJB1.PKG_P_YLHL", line 2610
</message></result></RetInfo01></ap>]
[17-08-09 10:34:46]Disconnect from [10.52.4.134]
[17-08-09 10:35:02]线程池中新增新线程[10.52.4.134]当前可用线程数[999]......
[17-08-09 10:35:02]Connect with [10.52.4.134]......
[17-08-09 10:35:02]报文长度:[000578]
[17-08-09 10:35:02]报文内容:[<ap>
	<Para01>
		<inputxml>
			<aae042>201712</aae042>
			<aae041>201701</aae041>
			<yic016>02</yic016>
			<aae140_391>0</aae140_391>
			<aae140_390>0</aae140_390>
			<aae140_330>0</aae140_330>
			<aae140_313>0</aae140_313>
			<aae140_310>0</aae140_310>
			<aae140_110>1</aae140_110>
			<aaz010>1000406298</aaz010>
			<aae011>ikjf</aae011>
			<aff002>C1010351007641</aff002>
		</inputxml>
		<reqdate>20170809</reqdate>
		<reqseq>22000809000000000058</reqseq>
		<tradeId>ZS100</tradeId>
		<aaz400></aaz400>
	</Para01>
	<FuncName>szCall</FuncName>
	<Project>NCDC</Project>
</ap>
]
[17-08-09 10:35:02]sProject=[NCDC]
[17-08-09 10:35:02]original key:[1111111133333333]
[17-08-09 10:35:02]new key:[eEKa41ksY6VvAqGo]
[17-08-09 10:35:02]XmlPara01[<Para01><inputxml><aae042>201712</aae042><aae041>201701</aae041><yic016>02</yic016><aae140_391>0</aae140_391><aae140_390>0</aae140_390><aae140_330>0</aae140_330><aae140_313>0</aae140_313><aae140_310>0</aae140_310><aae140_110>1</aae140_110><aaz010>1000406298</aaz010><aae011>ikjf</aae011><aff002>C1010351007641</aff002></inputxml><reqdate>20170809</reqdate><reqseq>22000809000000000058</reqseq><tradeId>ZS100</tradeId><aaz400></aaz400></Para01>]
[17-08-09 10:35:02]tradeId[ZS100]
[17-08-09 10:35:02]inputXml[<inputxml reqseq="22000809000000000058" reqdate="20170809"><aae042>201712</aae042><aae041>201701</aae041><yic016>02</yic016><aae140_391>0</aae140_391><aae140_390>0</aae140_390><aae140_330>0</aae140_330><aae140_313>0</aae140_313><aae140_310>0</aae140_310><aae140_110>1</aae140_110><aaz010>1000406298</aaz010><aae011>ikjf</aae011><aff002>C1010351007641</aff002></inputxml>]
[17-08-09 10:35:02]加密inputXml[a4nYYmtKzsEzjjMZaHSlVQQu2aN99bT7sfY5rMz94+AHF8DhsLMhwPzu4chf7TFncVjbirF7V1+W
axLWdUEB7z5HFB+gnhwdAHYti16VL2UkhN/dIN1gCXQHVjRSNVxVS61c/HlYu1uMQD4NaDUw1m/J
oFF8TALwruydAb+qukA4yUjSLifaBg4+B/WaTiCeRX5/KuXaTXqgRJDmj/ngihhVIL/fO3d3jeoQ
QrcIoo/I0QAlWa8gF3g3W77aiVzn]
[17-08-09 10:35:02]社保返回报文加密recvXml[/SAPv3hfPVu9mra0TX9fJ4BPUsRQnm2/kEtSyAlIUmtZmyr1/6T11M5BWoBfdK/feRFD4lHdLULh
Cf2p3P6qBc1xHBf8595QPLby2hWrqv/CnzFBTzh/YkWUCWoWq6QcwimEVaR1nFRHXqwK2JauGs86
cifyC5FVJhnyJ3vv6YPlLS7o6kJKaQmYwtxFTij/I4suUvWw/L1T1bggdPMxWCksyK8uBmJ6CmTU
06iv0sZ8l09pHesKBqkiN+SA/CDt]
[17-08-09 10:35:02]社保返回报文解密[<result><code>100</code><message>处理出错：错误原因：人员1000406298未参保,不能缴费,请先做新参保!ORA-06512: 在 "NCJB1.PKG_P_YLHL", line 2610
</message></result>]
[17-08-09 10:35:02]应答报文:[000239<ap><RetCode>0000</RetCode><RetMsg>交易成功</RetMsg><RetInfo01><result><code>100</code><message>处理出错：错误原因：人员1000406298未参保,不能缴费,请先做新参保!ORA-06512: 在 "NCJB1.PKG_P_YLHL", line 2610
</message></result></RetInfo01></ap>]
[17-08-09 10:35:02]Disconnect from [10.52.4.134]
[17-08-09 10:48:46]线程池中新增新线程[10.52.4.134]当前可用线程数[999]......
[17-08-09 10:48:46]Connect with [10.52.4.134]......
[17-08-09 10:48:46]报文长度:[000312]
[17-08-09 10:48:46]报文内容:[<ap>
	<Para01>
		<inputxml>
			<aae072></aae072>
			<aaa027></aaa027>
			<aae011>ikjf</aae011>
			<aff002>C1010351007641</aff002>
		</inputxml>
		<reqdate>20170809</reqdate>
		<reqseq>22000809000000000059</reqseq>
		<tradeId>ZS200</tradeId>
	</Para01>
	<FuncName>szCall</FuncName>
	<Project>NCDC</Project>
</ap>
]
[17-08-09 10:48:46]sProject=[NCDC]
[17-08-09 10:48:46]original key:[1111111133333333]
[17-08-09 10:48:46]new key:[eEKa41ksY6VvAqGo]
[17-08-09 10:48:46]XmlPara01[<Para01><inputxml><aae072></aae072><aaa027></aaa027><aae011>ikjf</aae011><aff002>C1010351007641</aff002></inputxml><reqdate>20170809</reqdate><reqseq>22000809000000000059</reqseq><tradeId>ZS200</tradeId></Para01>]
[17-08-09 10:48:46]tradeId[ZS200]
[17-08-09 10:48:46]inputXml[<inputxml reqseq="22000809000000000059" reqdate="20170809"><aae072></aae072><aaa027></aaa027><aae011>ikjf</aae011><aff002>C1010351007641</aff002></inputxml>]
[17-08-09 10:48:46]加密inputXml[7rKuqbwUXf9W5EmtJdhytj5GQNwLi60l7adWJDYdZjyGk9QO896Ls9KZr73xuizaftwciaEGi4MT
7XA4aauUv2eHrSkQmEqplTy2hRN/IaMDiwmcb7eSRQXBcO6XKlPUPc0kJY/ldm2efu7flTgaZ/B8
oB20UCyJ9J2Sl01pmlA=]
[17-08-09 10:48:46]社保返回报文加密recvXml[/SAPv3hfPVu9mra0TX9fJ4BPUsRQnm2/kEtSyAlIUmtZmyr1/6T11M5BWoBfdK/feRFD4lHdLULh
Cf2p3P6qBfKjm9zgRZ9vTfoC+JKUqGdqcOIuh1NJOSRuBYHAhe9iuwjmJ25hpD4+lcV9T/wM1Q==]
[17-08-09 10:48:46]社保返回报文解密[<result><code>100</code><message>处理出错：错误原因：单据号不能为空!</message></result>]
[17-08-09 10:48:46]应答报文:[000167<ap><RetCode>0000</RetCode><RetMsg>交易成功</RetMsg><RetInfo01><result><code>100</code><message>处理出错：错误原因：单据号不能为空!</message></result></RetInfo01></ap>]
[17-08-09 10:48:46]Disconnect from [10.52.4.134]
[17-08-09 17:28:42]线程池中新增新线程[10.52.4.134]当前可用线程数[999]......
[17-08-09 17:28:42]Connect with [10.52.4.134]......
[17-08-09 17:28:42]报文长度:[000312]
[17-08-09 17:28:42]报文内容:[<ap>
	<Para01>
		<inputxml>
			<aae072></aae072>
			<aaa027></aaa027>
			<aae011>ikjf</aae011>
			<aff002>C1010351007641</aff002>
		</inputxml>
		<reqdate>20170104</reqdate>
		<reqseq>22000809000000000100</reqseq>
		<tradeId>ZS200</tradeId>
	</Para01>
	<FuncName>szCall</FuncName>
	<Project>NCDC</Project>
</ap>
]
[17-08-09 17:28:42]sProject=[NCDC]
[17-08-09 17:28:42]original key:[1111111133333333]
[17-08-09 17:28:42]new key:[eEKa41ksY6VvAqGo]
[17-08-09 17:28:42]XmlPara01[<Para01><inputxml><aae072></aae072><aaa027></aaa027><aae011>ikjf</aae011><aff002>C1010351007641</aff002></inputxml><reqdate>20170104</reqdate><reqseq>22000809000000000100</reqseq><tradeId>ZS200</tradeId></Para01>]
[17-08-09 17:28:42]tradeId[ZS200]
[17-08-09 17:28:42]inputXml[<inputxml reqseq="22000809000000000100" reqdate="20170104"><aae072></aae072><aaa027></aaa027><aae011>ikjf</aae011><aff002>C1010351007641</aff002></inputxml>]
[17-08-09 17:28:42]加密inputXml[tOv/AYENaI5FgFvgWfD+3ktDu2W0QIggsJsPGtLWm05+beZRQABKd+Y563/GqholzAyn4W+VMerq
JL42WkqydzFYC6sI1GEHEnc80DiiMJoe2IMqYMGA5XpJpRlOKRDRDfqW21MCfofRcLGQccP1cFwD
BjWK0qxLg4JOXPDdSRw=]
[17-08-09 17:28:42]社保返回报文加密recvXml[/SAPv3hfPVu9mra0TX9fJ4BPUsRQnm2/kEtSyAlIUmtZmyr1/6T11M5BWoBfdK/feRFD4lHdLULh
Cf2p3P6qBfKjm9zgRZ9vTfoC+JKUqGdqcOIuh1NJOSRuBYHAhe9iuwjmJ25hpD4+lcV9T/wM1Q==]
[17-08-09 17:28:42]社保返回报文解密[<result><code>100</code><message>处理出错：错误原因：单据号不能为空!</message></result>]
[17-08-09 17:28:42]应答报文:[000167<ap><RetCode>0000</RetCode><RetMsg>交易成功</RetMsg><RetInfo01><result><code>100</code><message>处理出错：错误原因：单据号不能为空!</message></result></RetInfo01></ap>]
[17-08-09 17:28:42]Disconnect from [10.52.4.134]
[17-08-09 17:47:26]线程池中新增新线程[10.52.4.134]当前可用线程数[999]......
[17-08-09 17:47:26]Connect with [10.52.4.134]......
[17-08-09 17:47:26]报文长度:[000312]
[17-08-09 17:47:26]报文内容:[<ap>
	<Para01>
		<inputxml>
			<aae072></aae072>
			<aaa027></aaa027>
			<aae011>ikjf</aae011>
			<aff002>C1010351007641</aff002>
		</inputxml>
		<reqdate>20170104</reqdate>
		<reqseq>22000809000000000101</reqseq>
		<tradeId>ZS200</tradeId>
	</Para01>
	<FuncName>szCall</FuncName>
	<Project>NCDC</Project>
</ap>
]
[17-08-09 17:47:26]sProject=[NCDC]
[17-08-09 17:47:26]original key:[1111111133333333]
[17-08-09 17:47:26]new key:[eEKa41ksY6VvAqGo]
[17-08-09 17:47:26]XmlPara01[<Para01><inputxml><aae072></aae072><aaa027></aaa027><aae011>ikjf</aae011><aff002>C1010351007641</aff002></inputxml><reqdate>20170104</reqdate><reqseq>22000809000000000101</reqseq><tradeId>ZS200</tradeId></Para01>]
[17-08-09 17:47:26]tradeId[ZS200]
[17-08-09 17:47:26]inputXml[<inputxml reqseq="22000809000000000101" reqdate="20170104"><aae072></aae072><aaa027></aaa027><aae011>ikjf</aae011><aff002>C1010351007641</aff002></inputxml>]
[17-08-09 17:47:26]加密inputXml[tOv/AYENaI5FgFvgWfD+3ktDu2W0QIggsJsPGtLWm04jc4JYgHuJKRCQw1TbOAKTzAyn4W+VMerq
JL42Wkqyd98zMT/M1dE7zipUn01QcXqwDKfz6enjtihulrfr+4w2xcrXsI13G3pBdO0FCRg7zeJf
989Cmw3KHyy8Be/tBok=]
[17-08-09 17:47:26]社保返回报文加密recvXml[/SAPv3hfPVu9mra0TX9fJ4BPUsRQnm2/kEtSyAlIUmtZmyr1/6T11M5BWoBfdK/feRFD4lHdLULh
Cf2p3P6qBfKjm9zgRZ9vTfoC+JKUqGdqcOIuh1NJOSRuBYHAhe9iuwjmJ25hpD4+lcV9T/wM1Q==]
[17-08-09 17:47:26]社保返回报文解密[<result><code>100</code><message>处理出错：错误原因：单据号不能为空!</message></result>]
[17-08-09 17:47:26]应答报文:[000167<ap><RetCode>0000</RetCode><RetMsg>交易成功</RetMsg><RetInfo01><result><code>100</code><message>处理出错：错误原因：单据号不能为空!</message></result></RetInfo01></ap>]
[17-08-09 17:47:26]Disconnect from [10.52.4.134]
[17-08-09 18:09:57]线程池中新增新线程[10.52.4.134]当前可用线程数[999]......
[17-08-09 18:09:57]Connect with [10.52.4.134]......
[17-08-09 18:09:57]报文长度:[000326]
[17-08-09 18:09:57]报文内容:[<ap>
	<Para01>
		<inputxml>
			<aae072>55671991</aae072>
			<aaa027>511399</aaa027>
			<aae011>ikjf</aae011>
			<aff002>C1010351007641</aff002>
		</inputxml>
		<reqdate>20170104</reqdate>
		<reqseq>22000809000000000103</reqseq>
		<tradeId>ZS200</tradeId>
	</Para01>
	<FuncName>szCall</FuncName>
	<Project>NCDC</Project>
</ap>
]
[17-08-09 18:09:57]sProject=[NCDC]
[17-08-09 18:09:57]original key:[1111111133333333]
[17-08-09 18:09:57]new key:[eEKa41ksY6VvAqGo]
[17-08-09 18:09:57]XmlPara01[<Para01><inputxml><aae072>55671991</aae072><aaa027>511399</aaa027><aae011>ikjf</aae011><aff002>C1010351007641</aff002></inputxml><reqdate>20170104</reqdate><reqseq>22000809000000000103</reqseq><tradeId>ZS200</tradeId></Para01>]
[17-08-09 18:09:57]tradeId[ZS200]
[17-08-09 18:09:57]inputXml[<inputxml reqseq="22000809000000000103" reqdate="20170104"><aae072>55671991</aae072><aaa027>511399</aaa027><aae011>ikjf</aae011><aff002>C1010351007641</aff002></inputxml>]
[17-08-09 18:09:57]加密inputXml[5qFyG3w4JhVu7JRSM6xQMDmmTPmJ3sXYTMKPm7aPHdcxivQbFO/j8Hiv7VotAO/gogkVwH31t4Pf
1llpM0C6dPNKSmt2mdEwoxO6gOpisz9nSxz84nHtYWkpz926bzVneae5ozLmgHLdd8wHmYVUrLWk
6uucSEdCLEZMekWphUD8g6eQqS33o//45oZfsL8I]
[17-08-09 18:09:57]社保返回报文加密recvXml[/SAPv3hfPVu9mra0TX9fJ4BPUsRQnm2/kEtSyAlIUmtZmyr1/6T11M5BWoBfdK/feRFD4lHdLULh
Cf2p3P6qBQhn4avXaXntVqzY4ZN/kRuV0PJAXaU8CJzzBEwvIaWgpvITUO5yXKx21P3HWp83swG7
ChRoGTYlVQQ1y5MlH+E=]
[17-08-09 18:09:57]社保返回报文解密[<result><code>100</code><message>处理出错：错误原因：单据号55671991已确认过!</message></result>]
[17-08-09 18:09:57]应答报文:[000175<ap><RetCode>0000</RetCode><RetMsg>交易成功</RetMsg><RetInfo01><result><code>100</code><message>处理出错：错误原因：单据号55671991已确认过!</message></result></RetInfo01></ap>]
[17-08-09 18:09:57]Disconnect from [10.52.4.134]
[17-08-09 18:10:07]线程池中新增新线程[10.52.4.134]当前可用线程数[999]......
[17-08-09 18:10:07]Connect with [10.52.4.134]......
[17-08-09 18:10:07]报文长度:[000326]
[17-08-09 18:10:07]报文内容:[<ap>
	<Para01>
		<inputxml>
			<aae072>55671990</aae072>
			<aaa027>511399</aaa027>
			<aae011>ikjf</aae011>
			<aff002>C1010351007641</aff002>
		</inputxml>
		<reqdate>20170104</reqdate>
		<reqseq>22000809000000000104</reqseq>
		<tradeId>ZS200</tradeId>
	</Para01>
	<FuncName>szCall</FuncName>
	<Project>NCDC</Project>
</ap>
]
[17-08-09 18:10:07]sProject=[NCDC]
[17-08-09 18:10:07]original key:[1111111133333333]
[17-08-09 18:10:07]new key:[eEKa41ksY6VvAqGo]
[17-08-09 18:10:07]XmlPara01[<Para01><inputxml><aae072>55671990</aae072><aaa027>511399</aaa027><aae011>ikjf</aae011><aff002>C1010351007641</aff002></inputxml><reqdate>20170104</reqdate><reqseq>22000809000000000104</reqseq><tradeId>ZS200</tradeId></Para01>]
[17-08-09 18:10:07]tradeId[ZS200]
[17-08-09 18:10:07]inputXml[<inputxml reqseq="22000809000000000104" reqdate="20170104"><aae072>55671990</aae072><aaa027>511399</aaa027><aae011>ikjf</aae011><aff002>C1010351007641</aff002></inputxml>]
[17-08-09 18:10:07]加密inputXml[xdrjV9WPRJTOi06bg7gYV2HqUxtG+t/Exqa2ylwPAz9CdIdF1BSPi1SnvDC2pHPQ4eN4ag4LbK1j
/TuFBD66TI5oyVT1zw/De4dOUlaYYup3zImB6SlwotcdAJctbTuUVg3oCIR/MLn00ZV951TeCMnR
DfUWLgwSqmtwnnMIv3aKm6sVCIxwZxK13dP1ywfD]
[17-08-09 18:10:07]社保返回报文加密recvXml[/SAPv3hfPVu9mra0TX9fJ4BPUsRQnm2/kEtSyAlIUmtZmyr1/6T11M5BWoBfdK/feRFD4lHdLULh
Cf2p3P6qBQhn4avXaXntVqzY4ZN/kRvLjovjGqzOTDi+Ys76QMD+pvITUO5yXKx21P3HWp83s2Hc
G4MaNLGykPER8qimzFI=]
[17-08-09 18:10:07]社保返回报文解密[<result><code>100</code><message>处理出错：错误原因：单据号55671990已确认过!</message></result>]
[17-08-09 18:10:07]应答报文:[000175<ap><RetCode>0000</RetCode><RetMsg>交易成功</RetMsg><RetInfo01><result><code>100</code><message>处理出错：错误原因：单据号55671990已确认过!</message></result></RetInfo01></ap>]
[17-08-09 18:10:07]Disconnect from [10.52.4.134]
[17-08-09 18:10:14]线程池中新增新线程[10.52.4.134]当前可用线程数[999]......
[17-08-09 18:10:14]Connect with [10.52.4.134]......
[17-08-09 18:10:14]报文长度:[000326]
[17-08-09 18:10:14]报文内容:[<ap>
	<Para01>
		<inputxml>
			<aae072>55671989</aae072>
			<aaa027>511399</aaa027>
			<aae011>ikjf</aae011>
			<aff002>C1010351007641</aff002>
		</inputxml>
		<reqdate>20170104</reqdate>
		<reqseq>22000809000000000105</reqseq>
		<tradeId>ZS200</tradeId>
	</Para01>
	<FuncName>szCall</FuncName>
	<Project>NCDC</Project>
</ap>
]
[17-08-09 18:10:14]sProject=[NCDC]
[17-08-09 18:10:14]original key:[1111111133333333]
[17-08-09 18:10:14]new key:[eEKa41ksY6VvAqGo]
[17-08-09 18:10:14]XmlPara01[<Para01><inputxml><aae072>55671989</aae072><aaa027>511399</aaa027><aae011>ikjf</aae011><aff002>C1010351007641</aff002></inputxml><reqdate>20170104</reqdate><reqseq>22000809000000000105</reqseq><tradeId>ZS200</tradeId></Para01>]
[17-08-09 18:10:14]tradeId[ZS200]
[17-08-09 18:10:14]inputXml[<inputxml reqseq="22000809000000000105" reqdate="20170104"><aae072>55671989</aae072><aaa027>511399</aaa027><aae011>ikjf</aae011><aff002>C1010351007641</aff002></inputxml>]
[17-08-09 18:10:14]加密inputXml[5qFyG3w4JhVu7JRSM6xQMFJXoihoA3WYVQeW9PZBMz4LAS2t+WVuqNNAO9s4lvi/6GDOMQuYCzgi
97ldxqzRCdGgr5a1JeMioa9EZWHvRATHcTQCae8ocSuYixkwq4yr/Ca6whTLrG1OMARVCtlair04
SPxynKCQ0CfoZzrsXCqkpsKy5LmP0JMEULnhc/xF]
[17-08-09 18:10:14]社保返回报文加密recvXml[/SAPv3hfPVu9mra0TX9fJ4BPUsRQnm2/kEtSyAlIUmtZmyr1/6T11M5BWoBfdK/feRFD4lHdLULh
Cf2p3P6qBQhn4avXaXntVqzY4ZN/kRvmU575x5ZpWJEg4iK43ubidJuM4u26yCVN7qwz6syuLdnz
fyzDCB73/NpeKGe3k/A=]
[17-08-09 18:10:14]社保返回报文解密[<result><code>100</code><message>处理出错：错误原因：单据号55671989已作废!</message></result>]
[17-08-09 18:10:14]应答报文:[000173<ap><RetCode>0000</RetCode><RetMsg>交易成功</RetMsg><RetInfo01><result><code>100</code><message>处理出错：错误原因：单据号55671989已作废!</message></result></RetInfo01></ap>]
[17-08-09 18:10:14]Disconnect from [10.52.4.134]
[17-08-09 18:11:05]线程池中新增新线程[10.52.4.134]当前可用线程数[999]......
[17-08-09 18:11:05]Connect with [10.52.4.134]......
[17-08-09 18:11:05]报文长度:[000326]
[17-08-09 18:11:05]报文内容:[<ap>
	<Para01>
		<inputxml>
			<aae072>55671988</aae072>
			<aaa027>511399</aaa027>
			<aae011>ikjf</aae011>
			<aff002>C1010351007641</aff002>
		</inputxml>
		<reqdate>20170104</reqdate>
		<reqseq>22000809000000000106</reqseq>
		<tradeId>ZS200</tradeId>
	</Para01>
	<FuncName>szCall</FuncName>
	<Project>NCDC</Project>
</ap>
]
[17-08-09 18:11:05]sProject=[NCDC]
[17-08-09 18:11:05]original key:[1111111133333333]
[17-08-09 18:11:05]new key:[eEKa41ksY6VvAqGo]
[17-08-09 18:11:05]XmlPara01[<Para01><inputxml><aae072>55671988</aae072><aaa027>511399</aaa027><aae011>ikjf</aae011><aff002>C1010351007641</aff002></inputxml><reqdate>20170104</reqdate><reqseq>22000809000000000106</reqseq><tradeId>ZS200</tradeId></Para01>]
[17-08-09 18:11:05]tradeId[ZS200]
[17-08-09 18:11:05]inputXml[<inputxml reqseq="22000809000000000106" reqdate="20170104"><aae072>55671988</aae072><aaa027>511399</aaa027><aae011>ikjf</aae011><aff002>C1010351007641</aff002></inputxml>]
[17-08-09 18:11:05]加密inputXml[T4Dq/kRaQQCUc46fnKxY1fheMcDkMJx3E3++6BnJsZfaNLdOvue3pDVZBFjn+NqPHsRv4mSjTlYC
f/xphCcN2CDTV9K0l6//wHlVhx9tRSNzbh7+NjdRNQg7YrV1xZOLYFEAQkhmNkIsdVLj9iWbEyrv
JAHuWzwTImKlhHAIgb5GPBYaS9M6ooph7Z4aUcLv]
[17-08-09 18:11:05]社保返回报文加密recvXml[/SAPv3hfPVu9mra0TX9fJ4BPUsRQnm2/kEtSyAlIUmtZmyr1/6T11M5BWoBfdK/feRFD4lHdLULh
Cf2p3P6qBQhn4avXaXntVqzY4ZN/kRu2h/iGy1hHLEjrhTxXf3RJDsMl7vrNbYW9KLc9IuVIM9nz
fyzDCB73/NpeKGe3k/A=]
[17-08-09 18:11:05]社保返回报文解密[<result><code>100</code><message>处理出错：错误原因：单据号55671988已作废!</message></result>]
[17-08-09 18:11:05]应答报文:[000173<ap><RetCode>0000</RetCode><RetMsg>交易成功</RetMsg><RetInfo01><result><code>100</code><message>处理出错：错误原因：单据号55671988已作废!</message></result></RetInfo01></ap>]
[17-08-09 18:11:05]Disconnect from [10.52.4.134]
[17-08-09 18:11:20]线程池中新增新线程[10.52.4.134]当前可用线程数[999]......
[17-08-09 18:11:20]Connect with [10.52.4.134]......
[17-08-09 18:11:20]报文长度:[000326]
[17-08-09 18:11:20]报文内容:[<ap>
	<Para01>
		<inputxml>
			<aae072>55671980</aae072>
			<aaa027>511399</aaa027>
			<aae011>ikjf</aae011>
			<aff002>C1010351007641</aff002>
		</inputxml>
		<reqdate>20170104</reqdate>
		<reqseq>22000809000000000107</reqseq>
		<tradeId>ZS200</tradeId>
	</Para01>
	<FuncName>szCall</FuncName>
	<Project>NCDC</Project>
</ap>
]
[17-08-09 18:11:20]sProject=[NCDC]
[17-08-09 18:11:20]original key:[1111111133333333]
[17-08-09 18:11:20]new key:[eEKa41ksY6VvAqGo]
[17-08-09 18:11:20]XmlPara01[<Para01><inputxml><aae072>55671980</aae072><aaa027>511399</aaa027><aae011>ikjf</aae011><aff002>C1010351007641</aff002></inputxml><reqdate>20170104</reqdate><reqseq>22000809000000000107</reqseq><tradeId>ZS200</tradeId></Para01>]
[17-08-09 18:11:20]tradeId[ZS200]
[17-08-09 18:11:20]inputXml[<inputxml reqseq="22000809000000000107" reqdate="20170104"><aae072>55671980</aae072><aaa027>511399</aaa027><aae011>ikjf</aae011><aff002>C1010351007641</aff002></inputxml>]
[17-08-09 18:11:20]加密inputXml[8PESqdhPrQmPx0vZgdIKTTXMIceXoJAZJpoyHIWg5eN2rqht+gwLeSi6De3FYKlkhISMkjFWxmNh
vUlUBdM9e+Ujs2fvsIllnoUp9yw5HtpOgsIxnwSm+mURxKoAtrKaEsQWuF0moJthVW5Wwwx+oeEW
LOdkEPg9J+tAuvrWY+bWm2mBOEGrdfGZGyWdH5KA]
[17-08-09 18:11:20]社保返回报文加密recvXml[/SAPv3hfPVu9mra0TX9fJ4BPUsRQnm2/kEtSyAlIUmtZmyr1/6T11M5BWoBfdK/feRFD4lHdLULh
Cf2p3P6qBQhn4avXaXntVqzY4ZN/kRvNwTd9Qf4k/P1HAKnng/lmpvITUO5yXKx21P3HWp83s+X9
PzMLcRGCfOLakbf8tFc=]
[17-08-09 18:11:20]社保返回报文解密[<result><code>100</code><message>处理出错：错误原因：单据号55671980已确认过!</message></result>]
[17-08-09 18:11:20]应答报文:[000175<ap><RetCode>0000</RetCode><RetMsg>交易成功</RetMsg><RetInfo01><result><code>100</code><message>处理出错：错误原因：单据号55671980已确认过!</message></result></RetInfo01></ap>]
[17-08-09 18:11:20]Disconnect from [10.52.4.134]
[17-08-09 18:11:44]线程池中新增新线程[10.52.4.134]当前可用线程数[999]......
[17-08-09 18:11:44]Connect with [10.52.4.134]......
[17-08-09 18:11:44]报文长度:[000326]
[17-08-09 18:11:44]报文内容:[<ap>
	<Para01>
		<inputxml>
			<aae072>55671979</aae072>
			<aaa027>511399</aaa027>
			<aae011>ikjf</aae011>
			<aff002>C1010351007641</aff002>
		</inputxml>
		<reqdate>20170104</reqdate>
		<reqseq>22000809000000000108</reqseq>
		<tradeId>ZS200</tradeId>
	</Para01>
	<FuncName>szCall</FuncName>
	<Project>NCDC</Project>
</ap>
]
[17-08-09 18:11:44]sProject=[NCDC]
[17-08-09 18:11:44]original key:[1111111133333333]
[17-08-09 18:11:44]new key:[eEKa41ksY6VvAqGo]
[17-08-09 18:11:44]XmlPara01[<Para01><inputxml><aae072>55671979</aae072><aaa027>511399</aaa027><aae011>ikjf</aae011><aff002>C1010351007641</aff002></inputxml><reqdate>20170104</reqdate><reqseq>22000809000000000108</reqseq><tradeId>ZS200</tradeId></Para01>]
[17-08-09 18:11:44]tradeId[ZS200]
[17-08-09 18:11:44]inputXml[<inputxml reqseq="22000809000000000108" reqdate="20170104"><aae072>55671979</aae072><aaa027>511399</aaa027><aae011>ikjf</aae011><aff002>C1010351007641</aff002></inputxml>]
[17-08-09 18:11:44]加密inputXml[5qFyG3w4JhVu7JRSM6xQMMfyBED81D075EWaXMpy8sPRADgUpkSh15RSpBZTgi9s0E7XagaYUnrT
J+XlhXtGaBjBxyTQiE1bvDOI34BXFsLoLdhye/aF8HbS2VPvaD5I3GXeDyRi6qUj3Dmwcg3fWYvM
XHdsqsNyBv99AD79y3iyWyjN9lGQHEmBx55O40Ur]
[17-08-09 18:11:44]社保返回报文加密recvXml[i3Ei+Ig356i2hWGYCcSBIltzKV+vhc9zKqkr8UNcu/QL1FHdur7NILilFi3N+p4J0+fCWi2CxEHa
yb0v71zk6xHcWg44O4SBEoy2tM7m4zq0s6bJcLLwkOo7zw2CmdstE+8rKLh6SZ1rWMbqFoqNgxwG
ZM/cuQcSVa/hm5hjsHTKShOi3J3uEGC0m37ORvBPdv9ci+Uuy1rpp0ldgDxZQ22ZWnexIKDqfn/7
hCGF3H6bO7F036vRYFnG9vfSxCHEQl00IAj5MvUT9FlxON3Y6aDs5Sirxw9tj7l0xDEVHgE=]
[17-08-09 18:11:44]社保返回报文解密[<?xml version="1.0" encoding="UTF-8"?>
<result><message></message><code>1</code><output><aae009_sb>南充市社保局*****</aae009_sb><aae013/><aaa121>03</aaa121><aae010_sb>11111111111111111111111111111</aae010_sb><aaa027>511399</aaa027><aae008_sb>000</aae008_sb><aae019>17748.72</aae019></output></result>]
[17-08-09 18:11:44]应答报文:[000342<ap><RetCode>0000</RetCode><RetMsg>交易成功</RetMsg><RetInfo01><result><message></message><code>1</code><output><aae009_sb>南充市社保局*****</aae009_sb><aae013 /><aaa121>03</aaa121><aae010_sb>11111111111111111111111111111</aae010_sb><aaa027>511399</aaa027><aae008_sb>000</aae008_sb><aae019>17748.72</aae019></output></result></RetInfo01></ap>]
[17-08-09 18:11:44]Disconnect from [10.52.4.134]
[17-08-09 18:18:42]线程池中新增新线程[10.52.4.134]当前可用线程数[999]......
[17-08-09 18:18:42]Connect with [10.52.4.134]......
[17-08-09 18:18:42]报文长度:[000299]
[17-08-09 18:18:42]报文内容:[<ap>
	<Para01>
		<inputxml>
			<aae072>55671979</aae072>
			<aae011>ikjf</aae011>
			<aff002>C1010351007641</aff002>
		</inputxml>
		<reqdate>20170104</reqdate>
		<reqseq>22000809000000000109</reqseq>
		<tradeId>ZS001</tradeId>
	</Para01>
	<FuncName>szCall</FuncName>
	<Project>NCDC</Project>
</ap>
]
[17-08-09 18:18:42]sProject=[NCDC]
[17-08-09 18:18:42]original key:[1111111133333333]
[17-08-09 18:18:42]new key:[eEKa41ksY6VvAqGo]
[17-08-09 18:18:42]XmlPara01[<Para01><inputxml><aae072>55671979</aae072><aae011>ikjf</aae011><aff002>C1010351007641</aff002></inputxml><reqdate>20170104</reqdate><reqseq>22000809000000000109</reqseq><tradeId>ZS001</tradeId></Para01>]
[17-08-09 18:18:42]tradeId[ZS001]
[17-08-09 18:18:42]inputXml[<inputxml reqseq="22000809000000000109" reqdate="20170104"><aae072>55671979</aae072><aae011>ikjf</aae011><aff002>C1010351007641</aff002></inputxml>]
[17-08-09 18:18:42]加密inputXml[rJjSaxb9Skdn4FmNQGjvUA8V8GJCc+tJOs8gkHNJ0fyby8025aXl7AeFBxOn4U5PYVE6A+UUDsA/
vGoBx91FqW0PtZ3DLGVVIpROVUkeTBY+2aTPfPqfB8Favan6unBSkhzvquqjEIm5T3F8lFfJeFTE
pZ26parVBOLQRrpiE+A=]
[17-08-09 18:18:42]社保返回报文加密recvXml[/SAPv3hfPVu9mra0TX9fJ4BPUsRQnm2/kEtSyAlIUmt7HbfX48qmDN1VNRieck2sgzQRAgRb7pik
LdZ49vR8IP1kPj/c4uOKTeFLd9qf4g5kRDnQi8NyfwPymZ7xL0DW]
[17-08-09 18:18:42]社保返回报文解密[<result><code>100</code><message>当事人信息为必传项！</message></result>]
[17-08-09 18:18:42]应答报文:[000152<ap><RetCode>0000</RetCode><RetMsg>交易成功</RetMsg><RetInfo01><result><code>100</code><message>当事人信息为必传项！</message></result></RetInfo01></ap>]
[17-08-09 18:18:42]Disconnect from [10.52.4.134]
