[17-05-15 00:46:38]WriteLog start...
[17-05-15 00:46:38]System(3.0.1) init is completed......
[17-05-15 00:46:42]Begin to listen[8901][20]......
[17-05-15 00:46:42]线程池最大线程[1000]最小线程[5]
[17-05-15 17:39:04]线程池中新增新线程[10.52.4.134]当前可用线程数[999]......
[17-05-15 17:39:05]Connect with [10.52.4.134]......
[17-05-15 17:39:05]报文长度:[000539]
[17-05-15 17:39:05]报文内容:[<ap>
	<Para01>
		<inputxml>
			<rows>
				<row>
					<aae100>0</aae100>
					<aae001>2017</aae001>
					<aae140>390</aae140>
					<aac002>41010219421006003X</aac002>
					<aac003>张大良</aac003>
				</row>
			</rows>
			<aab004>南充</aab004>
			<aae011>ikjf</aae011>
			<aff002>C1010351007641</aff002>
			<aaa027>511302</aaa027>
		</inputxml>
		<reqdate>20170515</reqdate>
		<reqseq>22000515000000000047</reqseq>
		<tradeId>NC39002</tradeId>
		<aaz400>511302</aaz400>
	</Para01>
	<FuncName>szCall</FuncName>
	<Project>NCDC</Project>
</ap>
]
[17-05-15 17:39:05]sProject=[NCDC]
[17-05-15 17:39:05]original key:[1111111133333333]
[17-05-15 17:39:05]new key:[iHO3ikVV8qq37H0N]
[17-05-15 17:39:10]XmlPara01[<Para01><inputxml><rows><row><aae100>0</aae100><aae001>2017</aae001><aae140>390</aae140><aac002>41010219421006003X</aac002><aac003>张大良</aac003></row></rows><aab004>南充</aab004><aae011>ikjf</aae011><aff002>C1010351007641</aff002><aaa027>511302</aaa027></inputxml><reqdate>20170515</reqdate><reqseq>22000515000000000047</reqseq><tradeId>NC39002</tradeId><aaz400>511302</aaz400></Para01>]
[17-05-15 17:39:10]aaz400[511302]
[17-05-15 17:39:10]tradeId[NC39002]
[17-05-15 17:39:10]inputXml[<inputxml reqseq="22000515000000000047" reqdate="20170515"><rows><row><aae100>0</aae100><aae001>2017</aae001><aae140>390</aae140><aac002>41010219421006003X</aac002><aac003>张大良</aac003></row></rows><aab004>南充</aab004><aae011>ikjf</aae011><aff002>C1010351007641</aff002><aaa027>511302</aaa027></inputxml>]
[17-05-15 17:39:17]加密inputXml[BeeBh4fzjP1cestrQsz+pe1TJJPgclrJZ235qKAYAPV8DhIF537F6SxybtieHonBWluAWJxHy1c3
gxhAKuqxQOdZB49Ec6Llj/+uhaqJH+HpZOg9JyoPtJYlg8hmJvMWuKjrX5iI6AI2I2tf3YEJ8i6a
2v3/r6Oshnmv+AxQwDLTR2ToxYwG5y2CnSrCyI/prVQutZXWQYxR6cfh7kE4wepsi3fnaT/MT4uV
AzMpfZwVENswLHRVC8Zqcp6jx8aaV+SX0nR1FzAg0guxLlQC6o8iAG0wRr5iy2AeE5F4WKc=]
[17-05-15 17:39:18]社保返回报文加密recvXml[Ux5Kc+/FjW9VsEWafP/U7BiTAv9OBncvV8ncC8mCxpPTLOJLBSBwF3r0eF12HTKcwxS8jgIc17Tv
rfGm9PzYIOSVFWxGRvlY5VirUFDMAY1L0Ns/Ljx9qZjZaxHybsy2rSfN4xaSmYo+AlVC/HJgq/+B
1btOTZKE4BYK9eUC7T7MZzEsKanIExvF3WEi0j8tz6Z8c8ytPxBs1h4YHSWyPW/JMTy/jyqK656c
/6M5a9RFBuTd/WhyZd0SHF+TjUrGH53XgpBSyk0Ew7BEgOdVkxcg2S/FQ/5l0cSh5S3L8b6j6/kh
T61HCyLoqdXz0+YRRXIYupAnIUtJiWxgcPiMN1RBRvLzYdtw1Qyr3d7xHZ8MqluvDQg8a4MWz5Gb
T4lfLQDgJBimCxPkyCkDviZSHG35tC7eW5cGgu/cVxqtz9bXenTmdRU5N7rZQRAeLffT]
[17-05-15 17:39:18]社保返回报文解密[<result><code>100</code><message>处理出错：错误原因：数据库错误:CALL pkg_data_interface.prc_data_nc39002(:1,:2)ORA-04061:  的当前状态失效
ORA-04061: package "NCJB.PKG_P_BANKINTERFACE" 的当前状态失效
ORA-04065: 未执行, 已变更或删除 package "NCJB.PKG_P_BANKINTERFACE"
ORA-06508: PL/SQL: 无法找到正在调用 : "NCJB.PKG_P_BANKINTERFACE" 的程序单元@YLHL.PKG_DO_INTERFACE </message></result>]
[17-05-15 17:39:18]应答报文:[000463<ap><RetCode>0000</RetCode><RetMsg>交易成功</RetMsg><RetInfo01><result><code>100</code><message>处理出错：错误原因：数据库错误:CALL pkg_data_interface.prc_data_nc39002(:1,:2)ORA-04061:  的当前状态失效
ORA-04061: package "NCJB.PKG_P_BANKINTERFACE" 的当前状态失效
ORA-04065: 未执行, 已变更或删除 package "NCJB.PKG_P_BANKINTERFACE"
ORA-06508: PL/SQL: 无法找到正在调用 : "NCJB.PKG_P_BANKINTERFACE" 的程序单元@YLHL.PKG_DO_INTERFACE </message></result></RetInfo01></ap>]
[17-05-15 17:39:18]Disconnect from [10.52.4.134]
