[16-11-25 16:32:47]WriteLog start...
[16-11-25 16:32:47]System(3.0.1) init is completed......
[16-11-25 16:32:48]Begin to listen[8901][20]......
[16-11-25 16:32:48]线程池最大线程[1000]最小线程[5]
[16-11-25 16:36:28]线程池中新增新线程[10.52.4.134]当前可用线程数[999]......
[16-11-25 16:36:28]Connect with [10.52.4.134]......
[16-11-25 16:36:28]报文长度:[000370]
[16-11-25 16:36:28]报文内容:[<ap>
	<Para01>
		<inputxml>
			<aae042>2016</aae042>
			<aae041>2016</aae041>
			<aae140>390</aae140>
			<aac002>511324199103202078</aac002>
			<aac003>test</aac003>
			<aaa027>511399</aaa027>
			<reqdate></reqdate>
			<reqseq></reqseq>
		</inputxml>
		<tradeId></tradeId>
		<aaz400>511399</aaz400>
	</Para01>
	<FuncName>szCall</FuncName>
	<Project>NCDC</Project>
</ap>
]
[16-11-25 16:36:28]sProject=[NCDC]
[16-11-25 16:36:28]XmlPara01[<Para01><inputxml><aae042>2016</aae042><aae041>2016</aae041><aae140>390</aae140><aac002>511324199103202078</aac002><aac003>test</aac003><aaa027>511399</aaa027><reqdate></reqdate><reqseq></reqseq></inputxml><tradeId></tradeId><aaz400>511399</aaz400></Para01>]
[16-11-25 16:36:28]Exception:[未将对象引用设置到对象的实例。]
[16-11-25 16:36:28]应答报文:[000087<ap><RetCode>0998</RetCode><RetMsg>web服务调用错误</RetMsg><RetInfo01></RetInfo01></ap>]
[16-11-25 16:36:28]Disconnect from [10.52.4.134]
[16-11-25 16:43:45]线程池中新增新线程[10.52.4.134]当前可用线程数[999]......
[16-11-25 16:43:45]Connect with [10.52.4.134]......
[16-11-25 16:43:45]报文长度:[000370]
[16-11-25 16:43:45]报文内容:[<ap>
	<Para01>
		<inputxml>
			<aae042>2016</aae042>
			<aae041>2016</aae041>
			<aae140>390</aae140>
			<aac002>511324199103202078</aac002>
			<aac003>test</aac003>
			<aaa027>511399</aaa027>
			<reqdate></reqdate>
			<reqseq></reqseq>
		</inputxml>
		<tradeId></tradeId>
		<aaz400>511399</aaz400>
	</Para01>
	<FuncName>szCall</FuncName>
	<Project>NCDC</Project>
</ap>
]
[16-11-25 16:43:45]sProject=[NCDC]
[16-11-25 16:43:45]XmlPara01[<Para01><inputxml><aae042>2016</aae042><aae041>2016</aae041><aae140>390</aae140><aac002>511324199103202078</aac002><aac003>test</aac003><aaa027>511399</aaa027><reqdate></reqdate><reqseq></reqseq></inputxml><tradeId></tradeId><aaz400>511399</aaz400></Para01>]
[16-11-25 16:43:45]Exception:[未将对象引用设置到对象的实例。]
[16-11-25 16:43:45]应答报文:[000087<ap><RetCode>0998</RetCode><RetMsg>web服务调用错误</RetMsg><RetInfo01></RetInfo01></ap>]
[16-11-25 16:43:45]Disconnect from [10.52.4.134]
[16-11-25 16:54:27]WriteLog start...
[16-11-25 16:54:27]System(3.0.1) init is completed......
[16-11-25 16:54:28]Begin to listen[8901][20]......
[16-11-25 16:54:28]线程池最大线程[1000]最小线程[5]
[16-11-25 16:54:33]线程池中新增新线程[10.52.4.134]当前可用线程数[999]......
[16-11-25 16:54:33]Connect with [10.52.4.134]......
[16-11-25 16:54:33]报文长度:[000370]
[16-11-25 16:54:33]报文内容:[<ap>
	<Para01>
		<inputxml>
			<aae042>2016</aae042>
			<aae041>2016</aae041>
			<aae140>390</aae140>
			<aac002>511324199103202078</aac002>
			<aac003>test</aac003>
			<aaa027>511399</aaa027>
			<reqdate></reqdate>
			<reqseq></reqseq>
		</inputxml>
		<tradeId></tradeId>
		<aaz400>511399</aaz400>
	</Para01>
	<FuncName>szCall</FuncName>
	<Project>NCDC</Project>
</ap>
]
[16-11-25 16:54:33]sProject=[NCDC]
[16-11-25 16:54:33]XmlPara01[<Para01><inputxml><aae042>2016</aae042><aae041>2016</aae041><aae140>390</aae140><aac002>511324199103202078</aac002><aac003>test</aac003><aaa027>511399</aaa027><reqdate></reqdate><reqseq></reqseq></inputxml><tradeId></tradeId><aaz400>511399</aaz400></Para01>]
[16-11-25 16:54:33]aaz400[511399]
[16-11-25 16:54:33]tradeId[]
[16-11-25 16:54:33]inputXml[20162016390511324199103202078test511399]
[16-11-25 16:54:33]应答报文:[000238<ap><RetCode>0000</RetCode><RetMsg>交易成功</RetMsg><RetInfo01><result><code>1</code><message></message><output><rows><row><aae001>2016</aae001><aae041>201601</aae041><aae042>201612</aae042></row></rows></output></result></RetInfo01></ap>]
[16-11-25 16:54:33]Disconnect from [10.52.4.134]
[16-11-25 17:06:29]线程池中新增新线程[10.52.4.134]当前可用线程数[999]......
[16-11-25 17:06:29]Connect with [10.52.4.134]......
[16-11-25 17:06:29]报文长度:[000377]
[16-11-25 17:06:29]报文内容:[<ap>
	<Para01>
		<inputxml>
			<aae042>2016</aae042>
			<aae041>2016</aae041>
			<aae140>390</aae140>
			<aac002>511324199103202078</aac002>
			<aac003>test</aac003>
			<aaa027>511399</aaa027>
			<reqdate></reqdate>
			<reqseq></reqseq>
		</inputxml>
		<tradeId>NC39001</tradeId>
		<aaz400>511399</aaz400>
	</Para01>
	<FuncName>szCall</FuncName>
	<Project>NCDC</Project>
</ap>
]
[16-11-25 17:06:29]sProject=[NCDC]
[16-11-25 17:06:29]XmlPara01[<Para01><inputxml><aae042>2016</aae042><aae041>2016</aae041><aae140>390</aae140><aac002>511324199103202078</aac002><aac003>test</aac003><aaa027>511399</aaa027><reqdate></reqdate><reqseq></reqseq></inputxml><tradeId>NC39001</tradeId><aaz400>511399</aaz400></Para01>]
[16-11-25 17:06:29]aaz400[511399]
[16-11-25 17:06:29]tradeId[NC39001]
[16-11-25 17:06:29]inputXml[20162016390511324199103202078test511399]
[16-11-25 17:06:29]应答报文:[000238<ap><RetCode>0000</RetCode><RetMsg>交易成功</RetMsg><RetInfo01><result><code>1</code><message></message><output><rows><row><aae001>2016</aae001><aae041>201601</aae041><aae042>201612</aae042></row></rows></output></result></RetInfo01></ap>]
[16-11-25 17:06:29]Disconnect from [10.52.4.134]
[16-11-25 17:09:42]线程池中新增新线程[10.52.4.134]当前可用线程数[999]......
[16-11-25 17:09:42]Connect with [10.52.4.134]......
[16-11-25 17:09:42]报文长度:[000405]
[16-11-25 17:09:42]报文内容:[<ap>
	<Para01>
		<inputxml>
			<aae042>2016</aae042>
			<aae041>2016</aae041>
			<aae140>390</aae140>
			<aac002>511324199103202078</aac002>
			<aac003>test</aac003>
			<aaa027>511399</aaa027>
			<reqdate>20161125</reqdate>
			<reqseq>22001125000000000109</reqseq>
		</inputxml>
		<tradeId>NC39001</tradeId>
		<aaz400>511399</aaz400>
	</Para01>
	<FuncName>szCall</FuncName>
	<Project>NCDC</Project>
</ap>
]
[16-11-25 17:09:42]sProject=[NCDC]
[16-11-25 17:09:42]XmlPara01[<Para01><inputxml><aae042>2016</aae042><aae041>2016</aae041><aae140>390</aae140><aac002>511324199103202078</aac002><aac003>test</aac003><aaa027>511399</aaa027><reqdate>20161125</reqdate><reqseq>22001125000000000109</reqseq></inputxml><tradeId>NC39001</tradeId><aaz400>511399</aaz400></Para01>]
[16-11-25 17:09:42]aaz400[511399]
[16-11-25 17:09:42]tradeId[NC39001]
[16-11-25 17:09:42]inputXml[20162016390511324199103202078test5113992016112522001125000000000109]
[16-11-25 17:09:42]应答报文:[000238<ap><RetCode>0000</RetCode><RetMsg>交易成功</RetMsg><RetInfo01><result><code>1</code><message></message><output><rows><row><aae001>2016</aae001><aae041>201601</aae041><aae042>201612</aae042></row></rows></output></result></RetInfo01></ap>]
[16-11-25 17:09:42]Disconnect from [10.52.4.134]
[16-11-25 18:02:53]WriteLog start...
[16-11-25 18:02:53]System(3.0.1) init is completed......
[16-11-25 18:02:54]Begin to listen[8901][20]......
[16-11-25 18:02:54]线程池最大线程[1000]最小线程[5]
[16-11-25 18:03:02]线程池中新增新线程[10.52.4.134]当前可用线程数[999]......
[16-11-25 18:03:02]Connect with [10.52.4.134]......
[16-11-25 18:03:02]报文长度:[000405]
[16-11-25 18:03:02]报文内容:[<ap>
	<Para01>
		<inputxml>
			<aae042>2016</aae042>
			<aae041>2016</aae041>
			<aae140>390</aae140>
			<aac002>511324199103202078</aac002>
			<aac003>test</aac003>
			<aaa027>511399</aaa027>
			<reqdate>20161125</reqdate>
			<reqseq>22001125000000000112</reqseq>
		</inputxml>
		<tradeId>NC39001</tradeId>
		<aaz400>511399</aaz400>
	</Para01>
	<FuncName>szCall</FuncName>
	<Project>NCDC</Project>
</ap>
]
[16-11-25 18:03:02]sProject=[NCDC]
[16-11-25 18:03:02]XmlPara01[<Para01><inputxml><aae042>2016</aae042><aae041>2016</aae041><aae140>390</aae140><aac002>511324199103202078</aac002><aac003>test</aac003><aaa027>511399</aaa027><reqdate>20161125</reqdate><reqseq>22001125000000000112</reqseq></inputxml><tradeId>NC39001</tradeId><aaz400>511399</aaz400></Para01>]
[16-11-25 18:03:02]aaz400[511399]
[16-11-25 18:03:02]tradeId[NC39001]
[16-11-25 18:03:02]inputXml[<aae042>2016</aae042><aae041>2016</aae041><aae140>390</aae140><aac002>511324199103202078</aac002><aac003>test</aac003><aaa027>511399</aaa027><reqdate>20161125</reqdate><reqseq>22001125000000000112</reqseq>]
[16-11-25 18:03:02]应答报文:[000238<ap><RetCode>0000</RetCode><RetMsg>交易成功</RetMsg><RetInfo01><result><code>1</code><message></message><output><rows><row><aae001>2016</aae001><aae041>201601</aae041><aae042>201612</aae042></row></rows></output></result></RetInfo01></ap>]
[16-11-25 18:03:02]Disconnect from [10.52.4.134]
