[17-08-03 10:18:43]线程池中新增新线程[10.52.4.134]当前可用线程数[999]......
[17-08-03 10:18:43]Connect with [10.52.4.134]......
[17-08-03 10:18:43]报文长度:[000586]
[17-08-03 10:18:43]报文内容:[<ap>
	<Para01>
		<inputxml>
			<aae042>201712</aae042>
			<aae041>201701</aae041>
			<yic016>02</yic016>
			<aae140_391>0</aae140_391>
			<aae140_390>0</aae140_390>
			<aae140_330>0</aae140_330>
			<aae140_313>0</aae140_313>
			<aae140_310>0</aae140_310>
			<aae140_110>1</aae140_110>
			<aaz010>512921196308292151</aaz010>
			<aae011>ikjf</aae011>
			<aff002>C1010351007641</aff002>
		</inputxml>
		<reqdate>20170803</reqdate>
		<reqseq>22000803000000000047</reqseq>
		<tradeId>ZS100</tradeId>
		<aaz400></aaz400>
	</Para01>
	<FuncName>szCall</FuncName>
	<Project>NCDC</Project>
</ap>
]
[17-08-03 10:18:43]sProject=[NCDC]
[17-08-03 10:18:43]original key:[1111111133333333]
[17-08-03 10:18:43]new key:[eEKa41ksY6VvAqGo]
[17-08-03 10:18:43]XmlPara01[<Para01><inputxml><aae042>201712</aae042><aae041>201701</aae041><yic016>02</yic016><aae140_391>0</aae140_391><aae140_390>0</aae140_390><aae140_330>0</aae140_330><aae140_313>0</aae140_313><aae140_310>0</aae140_310><aae140_110>1</aae140_110><aaz010>512921196308292151</aaz010><aae011>ikjf</aae011><aff002>C1010351007641</aff002></inputxml><reqdate>20170803</reqdate><reqseq>22000803000000000047</reqseq><tradeId>ZS100</tradeId><aaz400></aaz400></Para01>]
[17-08-03 10:18:43]tradeId[ZS100]
[17-08-03 10:18:43]inputXml[<inputxml reqseq="22000803000000000047" reqdate="20170803"><aae042>201712</aae042><aae041>201701</aae041><yic016>02</yic016><aae140_391>0</aae140_391><aae140_390>0</aae140_390><aae140_330>0</aae140_330><aae140_313>0</aae140_313><aae140_310>0</aae140_310><aae140_110>1</aae140_110><aaz010>512921196308292151</aaz010><aae011>ikjf</aae011><aff002>C1010351007641</aff002></inputxml>]
[17-08-03 10:18:43]加密inputXml[yLBo7y13TKswdZn5px3FTEwgStFm4kngBAtOzXEH3YQ8699fz+v5Kzu4R9m12U+Ae7i1wk6ycESv
isMn+MnJGFZhQZEWbB8G94ceNgAs+vW98lTnk50p3wVFRKrgy43vt7SeoxJkemTXYP30gc1Yj27d
LWAXuQY/xSjuVD+lg6jQvDQWVa1/a/uRJneswryA6OP52ES2fSH9uUlQA+5EgJo7dFqB1uxDcNkr
yw61DBchUVy/AAsKmkFZmUdG5Kwb]
[17-08-03 10:18:43]社保返回报文加密recvXml[/SAPv3hfPVu9mra0TX9fJ4BPUsRQnm2/kEtSyAlIUmtZmyr1/6T11M5BWoBfdK/feRFD4lHdLULh
Cf2p3P6qBcukiYdJy+p7b1mMd0a7Z/BcuSKgkGg3zSAp8Oppi1C8K6ftS/XQGklihLhMAHrjLtqX
pa62ZyJP/7vGsrfRcAXAS13PN3nisOpxaAZQ1YQ9aQPDq+8GEptfoENOftNea5ogqUGhumGcEKH+
TrmE/F2V+aNYOl8x4lahLrNWlhlpZqjbo5SX2EJ5NQqmGSqm3Kc21MCOJKOYNMlqg4luH2RYIJaf
lDWtE/ODOx1pmFxU9YAd7QJvyC1VlbApb5UNdNMSjLzS4ZU1ZgVvGzhK7IctOFuXjCQSDP9mDKHZ
RnvCnZSnTNZnN+xsGpGnY9x8MlW75/yMyQhf2O8mYQNcOzhrIlGATG/a2FDErVnoPGCYied2/gn/
7/Dlm58KXOcq2PGVpvU27BClXcEAdDV5FM06hoH7qAM1gjOgIrxH/7KlcAho0eTDC2xvcXFXU82Q
Sg==]
[17-08-03 10:18:43]社保返回报文解密[<result><code>100</code><message>处理出错：错误原因：数据库错误:CALL pkg_data_interface.prc_data_ZS100('512921196308292151','201701','201712','C1010351007641','ikjf','1','0','0','0','0','0','02','103','',:15,:16)ORA-04061:  的当前状态失效
ORA-04061: package body "NCJB1.PKG_P_BANKINTERFACE" 的当前状态失效
ORA-04065: 未执行, 已变更或删除 package body "NCJB1.PKG_P_BANKINTERFACE"
ORA-06508: PL/SQL: 无法找到正在调用 : "NCJB1.PKG_P_BANKINTERFACE" 的程序单元@YLHLTEST.PKG_DO_INTERFACE </message></result>]
[17-08-03 10:18:43]应答报文:[000581<ap><RetCode>0000</RetCode><RetMsg>交易成功</RetMsg><RetInfo01><result><code>100</code><message>处理出错：错误原因：数据库错误:CALL pkg_data_interface.prc_data_ZS100('512921196308292151','201701','201712','C1010351007641','ikjf','1','0','0','0','0','0','02','103','',:15,:16)ORA-04061:  的当前状态失效
ORA-04061: package body "NCJB1.PKG_P_BANKINTERFACE" 的当前状态失效
ORA-04065: 未执行, 已变更或删除 package body "NCJB1.PKG_P_BANKINTERFACE"
ORA-06508: PL/SQL: 无法找到正在调用 : "NCJB1.PKG_P_BANKINTERFACE" 的程序单元@YLHLTEST.PKG_DO_INTERFACE </message></result></RetInfo01></ap>]
[17-08-03 10:18:43]Disconnect from [10.52.4.134]
[17-08-03 10:52:44]线程池中新增新线程[10.52.4.134]当前可用线程数[999]......
[17-08-03 10:52:44]Connect with [10.52.4.134]......
[17-08-03 10:52:44]报文长度:[000249]
[17-08-03 10:52:44]报文内容:[<ap>
	<Para01>
		<inputxml>
			<aaz010>511324199103202078</aaz010>
		</inputxml>
		<reqdate>20170803</reqdate>
		<reqseq>22000803000000000049</reqseq>
		<tradeId>ZS001</tradeId>
	</Para01>
	<FuncName>szCall</FuncName>
	<Project>NCDC</Project>
</ap>
]
[17-08-03 10:52:44]sProject=[NCDC]
[17-08-03 10:52:44]original key:[1111111133333333]
[17-08-03 10:52:44]new key:[eEKa41ksY6VvAqGo]
[17-08-03 10:52:44]XmlPara01[<Para01><inputxml><aaz010>511324199103202078</aaz010></inputxml><reqdate>20170803</reqdate><reqseq>22000803000000000049</reqseq><tradeId>ZS001</tradeId></Para01>]
[17-08-03 10:52:44]tradeId[ZS001]
[17-08-03 10:52:44]inputXml[<inputxml reqseq="22000803000000000049" reqdate="20170803"><aaz010>511324199103202078</aaz010></inputxml>]
[17-08-03 10:52:44]加密inputXml[BHVOAA+M7DUrOWurM07APG1Pna6w4L+/ETOA0bzQoIwAWM5K78p+OZ2+22nR66xkHCz5ljpfJLjf
8AFiWUCvoVTXQKivqfiTxZyY+XDB0ULiBeVEMBrO8qfiqO1u/vo4jEsJ1EoqBEBpu1akGdfsjQ==]
[17-08-03 10:52:44]社保返回报文加密recvXml[/SAPv3hfPVu9mra0TX9fJ4BPUsRQnm2/kEtSyAlIUmtZmyr1/6T11M5BWoBfdK/feRFD4lHdLULh
Cf2p3P6qBcukiYdJy+p7b1mMd0a7Z/BcuSKgkGg3zSAp8Oppi1C8K6ftS/XQGklihLhMAHrjLswf
fEWAimG+OQxRr7df25iAZO5PNoorTIfp/ZmdRfqb3LsR2AAZDKhmMZqSlrSklD7Vd46TEOT8441e
Sc6b/JFfR8oYTbS379O3G7Sz74nZO9RCXqLyAllwqA8mZRp+fO+d6iPW6HIWhqzKKDIpSX0s+gIn
NeGNUm2tdOZyNm1p76emEkOp3O1ptAkadaQqUALH1PJB4xb9LJ+MG4amq2pztyUFbRFsyw0h59wE
aoqgt5PMT7ltXBfkxH4StvtMzA7SjbjJA563SAkdGEZnE6PlrUjIv16aS3HOI8rtGdhQf+AT0yN2
aqw+dlSJTruWMyGtTmT6rQ45NUIpc8q6t/w=]
[17-08-03 10:52:44]社保返回报文解密[<result><code>100</code><message>处理出错：错误原因：数据库错误:CALL pkg_data_interface.prc_data_ZS001('511324199103202078',:2,:3)ORA-04061:  的当前状态失效
ORA-04061: package body "NCJB1.PKG_P_BANKINTERFACE" 的当前状态失效
ORA-04065: 未执行, 已变更或删除 package body "NCJB1.PKG_P_BANKINTERFACE"
ORA-06508: PL/SQL: 无法找到正在调用 : "NCJB1.PKG_P_BANKINTERFACE" 的程序单元@YLHLTEST.PKG_DO_INTERFACE </message></result>]
[17-08-03 10:52:44]应答报文:[000499<ap><RetCode>0000</RetCode><RetMsg>交易成功</RetMsg><RetInfo01><result><code>100</code><message>处理出错：错误原因：数据库错误:CALL pkg_data_interface.prc_data_ZS001('511324199103202078',:2,:3)ORA-04061:  的当前状态失效
ORA-04061: package body "NCJB1.PKG_P_BANKINTERFACE" 的当前状态失效
ORA-04065: 未执行, 已变更或删除 package body "NCJB1.PKG_P_BANKINTERFACE"
ORA-06508: PL/SQL: 无法找到正在调用 : "NCJB1.PKG_P_BANKINTERFACE" 的程序单元@YLHLTEST.PKG_DO_INTERFACE </message></result></RetInfo01></ap>]
[17-08-03 10:52:44]Disconnect from [10.52.4.134]
