[17-08-01 15:17:20]线程池中新增新线程[10.52.4.134]当前可用线程数[999]......
[17-08-01 15:17:20]Connect with [10.52.4.134]......
[17-08-01 15:17:20]报文长度:[000585]
[17-08-01 15:17:20]报文内容:[<ap>
	<Para01>
		<inputxml>
			<aae042>201712</aae042>
			<aae041>201701</aae041>
			<yic016>3</yic016>
			<aae140_391>0</aae140_391>
			<aae140_390>0</aae140_390>
			<aae140_330>0</aae140_330>
			<aae140_313>0</aae140_313>
			<aae140_310>0</aae140_310>
			<aae140_110>1</aae140_110>
			<aaz010>511321198301171846</aaz010>
			<aae011>ikjf</aae011>
			<aff002>C1010351007641</aff002>
		</inputxml>
		<reqdate>20170801</reqdate>
		<reqseq>22000801000000000046</reqseq>
		<tradeId>ZS100</tradeId>
		<aaz400></aaz400>
	</Para01>
	<FuncName>szCall</FuncName>
	<Project>NCDC</Project>
</ap>
]
[17-08-01 15:17:20]sProject=[NCDC]
[17-08-01 15:17:20]original key:[1111111133333333]
[17-08-01 15:17:20]new key:[eEKa41ksY6VvAqGo]
[17-08-01 15:17:20]XmlPara01[<Para01><inputxml><aae042>201712</aae042><aae041>201701</aae041><yic016>3</yic016><aae140_391>0</aae140_391><aae140_390>0</aae140_390><aae140_330>0</aae140_330><aae140_313>0</aae140_313><aae140_310>0</aae140_310><aae140_110>1</aae140_110><aaz010>511321198301171846</aaz010><aae011>ikjf</aae011><aff002>C1010351007641</aff002></inputxml><reqdate>20170801</reqdate><reqseq>22000801000000000046</reqseq><tradeId>ZS100</tradeId><aaz400></aaz400></Para01>]
[17-08-01 15:17:20]tradeId[ZS100]
[17-08-01 15:17:20]inputXml[<inputxml reqseq="22000801000000000046" reqdate="20170801"><aae042>201712</aae042><aae041>201701</aae041><yic016>3</yic016><aae140_391>0</aae140_391><aae140_390>0</aae140_390><aae140_330>0</aae140_330><aae140_313>0</aae140_313><aae140_310>0</aae140_310><aae140_110>1</aae140_110><aaz010>511321198301171846</aaz010><aae011>ikjf</aae011><aff002>C1010351007641</aff002></inputxml>]
[17-08-01 15:17:21]加密inputXml[w+UTm5hRD9ieVjXVCsVgbP9+NzlkXs/ZMzpyq0BHe42NJIjvGxfvzGgKCwzYMTM2MmGtgG59u8mA
jqlGI/knyPt/NiIrydO/XLnaiU+4pFWUCZ8C0NPiW6GLh+rElA/MXZCDoox/+6F99z9oWfmC+7jn
M5o23IGwCvapljd+TsigtPltRs87dGv+H71SKr4mDA60HM2poEkmGR6ZSVh62DXk4389ojEsXAG7
298xUHj4kS9ypI0AV/sYvptKu7jCZpr2YFjn5avcDgI6PGapwA==]
[17-08-01 15:17:21]社保返回报文加密recvXml[/SAPv3hfPVu9mra0TX9fJ4BPUsRQnm2/kEtSyAlIUmtZmyr1/6T11M5BWoBfdK/feRFD4lHdLULh
Cf2p3P6qBZli88tW3tEBHHO1tpARetPh3S2IKcaPAAg+mtMbGjPOeKOMX2D7toDwoEF34ZUIT9IY
dDKOKk6kefw7Sd+ylttVODsSP0SZtbJ22wlQtw/IEyFnYiUYMC2JliibroIIZQ==]
[17-08-01 15:17:21]社保返回报文解密[<result><code>100</code><message>处理出错：错误原因：人员511321198301171846传入的参保地:找不到!</message></result>]
[17-08-01 15:17:21]应答报文:[000194<ap><RetCode>0000</RetCode><RetMsg>交易成功</RetMsg><RetInfo01><result><code>100</code><message>处理出错：错误原因：人员511321198301171846传入的参保地:找不到!</message></result></RetInfo01></ap>]
[17-08-01 15:17:21]Disconnect from [10.52.4.134]
[17-08-01 15:18:23]线程池中新增新线程[10.52.4.134]当前可用线程数[999]......
[17-08-01 15:18:23]Connect with [10.52.4.134]......
[17-08-01 15:18:23]报文长度:[000585]
[17-08-01 15:18:23]报文内容:[<ap>
	<Para01>
		<inputxml>
			<aae042>201712</aae042>
			<aae041>201701</aae041>
			<yic016>3</yic016>
			<aae140_391>0</aae140_391>
			<aae140_390>0</aae140_390>
			<aae140_330>0</aae140_330>
			<aae140_313>0</aae140_313>
			<aae140_310>0</aae140_310>
			<aae140_110>1</aae140_110>
			<aaz010>512921194707211591</aaz010>
			<aae011>ikjf</aae011>
			<aff002>C1010351007641</aff002>
		</inputxml>
		<reqdate>20170801</reqdate>
		<reqseq>22000801000000000047</reqseq>
		<tradeId>ZS100</tradeId>
		<aaz400></aaz400>
	</Para01>
	<FuncName>szCall</FuncName>
	<Project>NCDC</Project>
</ap>
]
[17-08-01 15:18:23]sProject=[NCDC]
[17-08-01 15:18:23]original key:[1111111133333333]
[17-08-01 15:18:23]new key:[eEKa41ksY6VvAqGo]
[17-08-01 15:18:23]XmlPara01[<Para01><inputxml><aae042>201712</aae042><aae041>201701</aae041><yic016>3</yic016><aae140_391>0</aae140_391><aae140_390>0</aae140_390><aae140_330>0</aae140_330><aae140_313>0</aae140_313><aae140_310>0</aae140_310><aae140_110>1</aae140_110><aaz010>512921194707211591</aaz010><aae011>ikjf</aae011><aff002>C1010351007641</aff002></inputxml><reqdate>20170801</reqdate><reqseq>22000801000000000047</reqseq><tradeId>ZS100</tradeId><aaz400></aaz400></Para01>]
[17-08-01 15:18:23]tradeId[ZS100]
[17-08-01 15:18:23]inputXml[<inputxml reqseq="22000801000000000047" reqdate="20170801"><aae042>201712</aae042><aae041>201701</aae041><yic016>3</yic016><aae140_391>0</aae140_391><aae140_390>0</aae140_390><aae140_330>0</aae140_330><aae140_313>0</aae140_313><aae140_310>0</aae140_310><aae140_110>1</aae140_110><aaz010>512921194707211591</aaz010><aae011>ikjf</aae011><aff002>C1010351007641</aff002></inputxml>]
[17-08-01 15:18:23]加密inputXml[iX3AvIiKQx2FQI8YMAvZW5i8YOsH+UKZjlvrdNsmg1nRdEzLsS3KmdAe5IKFqct55z1JJOahnO8s
ZbWexSxbLNdYrzWhlhh/23yZB6Pkc0zG/6fjQnzsan3GUbmhX+apamhoJY0hFtHfw1eexOcD0aF3
e+mNJCnXpJebbIvCpEx1ieH4NWVwTrqMlFoMIe9ON2gRa3gzpIOGhZ5s4sL/r9d4zCqFIMRQWpga
zvofmpVw5lbvIIUdoUw4gpZudnLVEmUITrOMaal39/WHsgDgog==]
[17-08-01 15:18:23]社保返回报文加密recvXml[/SAPv3hfPVu9mra0TX9fJ4BPUsRQnm2/kEtSyAlIUmtZmyr1/6T11M5BWoBfdK/feRFD4lHdLULh
Cf2p3P6qBRE+vQBdwJPF2m6ngFN+1jgzdWBCmwT9g7H5wA/alEs7qbDqnnUF6Tuc0KPNSx9U9TKY
xVd4otdhtDcyQI+N5x91gT57HHD7NTodd0tqyi20]
[17-08-01 15:18:23]社保返回报文解密[<result><code>100</code><message>处理出错：错误原因：人员512921194707211591传入的参保地:找不到!</message></result>]
[17-08-01 15:18:23]应答报文:[000194<ap><RetCode>0000</RetCode><RetMsg>交易成功</RetMsg><RetInfo01><result><code>100</code><message>处理出错：错误原因：人员512921194707211591传入的参保地:找不到!</message></result></RetInfo01></ap>]
[17-08-01 15:18:23]Disconnect from [10.52.4.134]
[17-08-01 15:39:50]线程池中新增新线程[10.52.4.134]当前可用线程数[999]......
[17-08-01 15:39:50]Connect with [10.52.4.134]......
[17-08-01 15:39:50]报文长度:[000585]
[17-08-01 15:39:50]报文内容:[<ap>
	<Para01>
		<inputxml>
			<aae042>201712</aae042>
			<aae041>201701</aae041>
			<yic016>3</yic016>
			<aae140_391>0</aae140_391>
			<aae140_390>0</aae140_390>
			<aae140_330>0</aae140_330>
			<aae140_313>0</aae140_313>
			<aae140_310>0</aae140_310>
			<aae140_110>1</aae140_110>
			<aaz010>512924194303275002</aaz010>
			<aae011>ikjf</aae011>
			<aff002>C1010351007641</aff002>
		</inputxml>
		<reqdate>20170801</reqdate>
		<reqseq>22000801000000000048</reqseq>
		<tradeId>ZS100</tradeId>
		<aaz400></aaz400>
	</Para01>
	<FuncName>szCall</FuncName>
	<Project>NCDC</Project>
</ap>
]
[17-08-01 15:39:50]sProject=[NCDC]
[17-08-01 15:39:50]original key:[1111111133333333]
[17-08-01 15:39:50]new key:[eEKa41ksY6VvAqGo]
[17-08-01 15:39:50]XmlPara01[<Para01><inputxml><aae042>201712</aae042><aae041>201701</aae041><yic016>3</yic016><aae140_391>0</aae140_391><aae140_390>0</aae140_390><aae140_330>0</aae140_330><aae140_313>0</aae140_313><aae140_310>0</aae140_310><aae140_110>1</aae140_110><aaz010>512924194303275002</aaz010><aae011>ikjf</aae011><aff002>C1010351007641</aff002></inputxml><reqdate>20170801</reqdate><reqseq>22000801000000000048</reqseq><tradeId>ZS100</tradeId><aaz400></aaz400></Para01>]
[17-08-01 15:39:50]tradeId[ZS100]
[17-08-01 15:39:50]inputXml[<inputxml reqseq="22000801000000000048" reqdate="20170801"><aae042>201712</aae042><aae041>201701</aae041><yic016>3</yic016><aae140_391>0</aae140_391><aae140_390>0</aae140_390><aae140_330>0</aae140_330><aae140_313>0</aae140_313><aae140_310>0</aae140_310><aae140_110>1</aae140_110><aaz010>512924194303275002</aaz010><aae011>ikjf</aae011><aff002>C1010351007641</aff002></inputxml>]
[17-08-01 15:39:50]加密inputXml[M8+4xg/QhLpurhxoelehnwTnXXpzXwHKGaoTm3frmF5tWZDrWGIN7OMvo7hRyXxHP8LBvyZ1W+rE
W5LtOyX00IEoMLiF9RcB7MCyc36BEsdCBH3lqewMKg+OsrDmb5XUNtNM7YHsQjjV7hHw9SMBHh6N
Sr+WwtVoGx/KdNRth/vuLoFGannGrbuAU6SRM651BKpE31TKlI+duCAwuxTp1MGX4LnlR+Y2b5PF
PyT7EHz/UafDEs2FoVqQ4o8rTrjYEmUITrOMaal39/WHsgDgog==]
[17-08-01 15:39:50]社保返回报文加密recvXml[/SAPv3hfPVu9mra0TX9fJ4BPUsRQnm2/kEtSyAlIUmtZmyr1/6T11M5BWoBfdK/feRFD4lHdLULh
Cf2p3P6qBRE+vQBdwJPF2m6ngFN+1jhIYtZtjzb2ihoJ5zf1CpwSeKOMX2D7toDwoEF34ZUIT9IY
dDKOKk6kefw7Sd+yltsXDKVfd8ig/gXoPTIeqDhvEyFnYiUYMC2JliibroIIZQ==]
[17-08-01 15:39:50]社保返回报文解密[<result><code>100</code><message>处理出错：错误原因：人员512924194303275002传入的参保地:找不到!</message></result>]
[17-08-01 15:39:50]应答报文:[000194<ap><RetCode>0000</RetCode><RetMsg>交易成功</RetMsg><RetInfo01><result><code>100</code><message>处理出错：错误原因：人员512924194303275002传入的参保地:找不到!</message></result></RetInfo01></ap>]
[17-08-01 15:39:50]Disconnect from [10.52.4.134]
[17-08-01 15:47:40]线程池中新增新线程[10.52.4.134]当前可用线程数[999]......
[17-08-01 15:47:40]Connect with [10.52.4.134]......
[17-08-01 15:47:40]报文长度:[000585]
[17-08-01 15:47:40]报文内容:[<ap>
	<Para01>
		<inputxml>
			<aae042>201712</aae042>
			<aae041>201701</aae041>
			<yic016>3</yic016>
			<aae140_391>0</aae140_391>
			<aae140_390>0</aae140_390>
			<aae140_330>0</aae140_330>
			<aae140_313>0</aae140_313>
			<aae140_310>0</aae140_310>
			<aae140_110>1</aae140_110>
			<aaz010>512922194904290432</aaz010>
			<aae011>ikjf</aae011>
			<aff002>C1010351007641</aff002>
		</inputxml>
		<reqdate>20170801</reqdate>
		<reqseq>22000801000000000050</reqseq>
		<tradeId>ZS100</tradeId>
		<aaz400></aaz400>
	</Para01>
	<FuncName>szCall</FuncName>
	<Project>NCDC</Project>
</ap>
]
[17-08-01 15:47:40]sProject=[NCDC]
[17-08-01 15:47:40]original key:[1111111133333333]
[17-08-01 15:47:40]new key:[eEKa41ksY6VvAqGo]
[17-08-01 15:47:40]XmlPara01[<Para01><inputxml><aae042>201712</aae042><aae041>201701</aae041><yic016>3</yic016><aae140_391>0</aae140_391><aae140_390>0</aae140_390><aae140_330>0</aae140_330><aae140_313>0</aae140_313><aae140_310>0</aae140_310><aae140_110>1</aae140_110><aaz010>512922194904290432</aaz010><aae011>ikjf</aae011><aff002>C1010351007641</aff002></inputxml><reqdate>20170801</reqdate><reqseq>22000801000000000050</reqseq><tradeId>ZS100</tradeId><aaz400></aaz400></Para01>]
[17-08-01 15:47:40]tradeId[ZS100]
[17-08-01 15:47:40]inputXml[<inputxml reqseq="22000801000000000050" reqdate="20170801"><aae042>201712</aae042><aae041>201701</aae041><yic016>3</yic016><aae140_391>0</aae140_391><aae140_390>0</aae140_390><aae140_330>0</aae140_330><aae140_313>0</aae140_313><aae140_310>0</aae140_310><aae140_110>1</aae140_110><aaz010>512922194904290432</aaz010><aae011>ikjf</aae011><aff002>C1010351007641</aff002></inputxml>]
[17-08-01 15:47:40]加密inputXml[ebM2phNI2iaWgKqAeccy6daxmiI9HbaD0zQcu/9VRBKBjCLhBuQYkQBmla8Prlqzzk7eBVwOFYYW
4bXs8jZxMkUa2ODYvs1AaUmuzYEv4kvH3slthX2s4Gd/TlC7u0r7sZOkli1z2Wh8CjVfSyN+C5SF
BOfqrqZpYVHHejTUg3XAnXt5Xp7rk12w49Cv36phtW01h04NRYhmcK04QXOSKfgAROYxyCxyS1xl
JipTms2d/65T50rlOZq20DXjgB3rZpr2YFjn5avcDgI6PGapwA==]
[17-08-01 15:47:40]社保返回报文加密recvXml[/SAPv3hfPVu9mra0TX9fJ4BPUsRQnm2/kEtSyAlIUmtZmyr1/6T11M5BWoBfdK/feRFD4lHdLULh
Cf2p3P6qBRE+vQBdwJPF2m6ngFN+1jhKRiMRDbaRL+s77qMdLwb7LsFdpVlr5yIOPzPhG4h1+sVn
sCZ32OMie8edDMo3bDxwXOrlXjl43uZgv/ZNTq1u]
[17-08-01 15:47:40]社保返回报文解密[<result><code>100</code><message>处理出错：错误原因：人员512922194904290432传入的参保地:找不到!</message></result>]
[17-08-01 15:47:40]应答报文:[000194<ap><RetCode>0000</RetCode><RetMsg>交易成功</RetMsg><RetInfo01><result><code>100</code><message>处理出错：错误原因：人员512922194904290432传入的参保地:找不到!</message></result></RetInfo01></ap>]
[17-08-01 15:47:40]Disconnect from [10.52.4.134]
[17-08-01 15:47:49]线程池中新增新线程[10.52.4.134]当前可用线程数[999]......
[17-08-01 15:47:49]Connect with [10.52.4.134]......
[17-08-01 15:47:49]报文长度:[000585]
[17-08-01 15:47:49]报文内容:[<ap>
	<Para01>
		<inputxml>
			<aae042>201712</aae042>
			<aae041>201701</aae041>
			<yic016>3</yic016>
			<aae140_391>0</aae140_391>
			<aae140_390>0</aae140_390>
			<aae140_330>0</aae140_330>
			<aae140_313>0</aae140_313>
			<aae140_310>0</aae140_310>
			<aae140_110>1</aae140_110>
			<aaz010>511324199103202078</aaz010>
			<aae011>ikjf</aae011>
			<aff002>C1010351007641</aff002>
		</inputxml>
		<reqdate>20170801</reqdate>
		<reqseq>22000801000000000051</reqseq>
		<tradeId>ZS100</tradeId>
		<aaz400></aaz400>
	</Para01>
	<FuncName>szCall</FuncName>
	<Project>NCDC</Project>
</ap>
]
[17-08-01 15:47:49]sProject=[NCDC]
[17-08-01 15:47:49]original key:[1111111133333333]
[17-08-01 15:47:49]new key:[eEKa41ksY6VvAqGo]
[17-08-01 15:47:49]XmlPara01[<Para01><inputxml><aae042>201712</aae042><aae041>201701</aae041><yic016>3</yic016><aae140_391>0</aae140_391><aae140_390>0</aae140_390><aae140_330>0</aae140_330><aae140_313>0</aae140_313><aae140_310>0</aae140_310><aae140_110>1</aae140_110><aaz010>511324199103202078</aaz010><aae011>ikjf</aae011><aff002>C1010351007641</aff002></inputxml><reqdate>20170801</reqdate><reqseq>22000801000000000051</reqseq><tradeId>ZS100</tradeId><aaz400></aaz400></Para01>]
[17-08-01 15:47:49]tradeId[ZS100]
[17-08-01 15:47:49]inputXml[<inputxml reqseq="22000801000000000051" reqdate="20170801"><aae042>201712</aae042><aae041>201701</aae041><yic016>3</yic016><aae140_391>0</aae140_391><aae140_390>0</aae140_390><aae140_330>0</aae140_330><aae140_313>0</aae140_313><aae140_310>0</aae140_310><aae140_110>1</aae140_110><aaz010>511324199103202078</aaz010><aae011>ikjf</aae011><aff002>C1010351007641</aff002></inputxml>]
[17-08-01 15:47:49]加密inputXml[M8+4xg/QhLpurhxoelehn6lNCMeQSp1MY270fG2zToUtMIBsE/ulmIIA9YR2TJYpZpvL7pSJ+joq
mOAlJzjYAQ3mbQmp9GGwusEwyH3ptDc9x55+2Nbelan6DQJDW1PFOl0nxGYhGCeFXicUuL4Dohx0
V0sLopyc1Karn3JwRpyDjJibUEdDowGcwTpBQxAEPhzn/M9zpj7tamq/s6RRoM0JtxdFaX1EnjcH
0ER/tKjCYDh+7liD2CXmTQgZvwwZsyb4bQ0RQ3kqyWLrgPzu4g==]
[17-08-01 15:47:49]社保返回报文加密recvXml[/SAPv3hfPVu9mra0TX9fJ4BPUsRQnm2/kEtSyAlIUmtZmyr1/6T11M5BWoBfdK/feRFD4lHdLULh
Cf2p3P6qBZli88tW3tEBHHO1tpARetMG7i8Kk/sdFPM912dJKYZleKOMX2D7toDwoEF34ZUIT9IY
dDKOKk6kefw7Sd+yltt/3F/s/eOezF88GABUwqdwEyFnYiUYMC2JliibroIIZQ==]
[17-08-01 15:47:49]社保返回报文解密[<result><code>100</code><message>处理出错：错误原因：人员511324199103202078传入的参保地:找不到!</message></result>]
[17-08-01 15:47:49]应答报文:[000194<ap><RetCode>0000</RetCode><RetMsg>交易成功</RetMsg><RetInfo01><result><code>100</code><message>处理出错：错误原因：人员511324199103202078传入的参保地:找不到!</message></result></RetInfo01></ap>]
[17-08-01 15:47:49]Disconnect from [10.52.4.134]
[17-08-01 16:04:41]线程池中新增新线程[10.52.4.134]当前可用线程数[999]......
[17-08-01 16:04:41]Connect with [10.52.4.134]......
[17-08-01 16:04:41]报文长度:[000585]
[17-08-01 16:04:41]报文内容:[<ap>
	<Para01>
		<inputxml>
			<aae042>201712</aae042>
			<aae041>201701</aae041>
			<yic016>3</yic016>
			<aae140_391>0</aae140_391>
			<aae140_390>0</aae140_390>
			<aae140_330>0</aae140_330>
			<aae140_313>0</aae140_313>
			<aae140_310>0</aae140_310>
			<aae140_110>1</aae140_110>
			<aaz010>511324199109051805</aaz010>
			<aae011>ikjf</aae011>
			<aff002>C1010351007641</aff002>
		</inputxml>
		<reqdate>20170801</reqdate>
		<reqseq>22000801000000000052</reqseq>
		<tradeId>ZS100</tradeId>
		<aaz400></aaz400>
	</Para01>
	<FuncName>szCall</FuncName>
	<Project>NCDC</Project>
</ap>
]
[17-08-01 16:04:41]sProject=[NCDC]
[17-08-01 16:04:41]original key:[1111111133333333]
[17-08-01 16:04:41]new key:[eEKa41ksY6VvAqGo]
[17-08-01 16:04:41]XmlPara01[<Para01><inputxml><aae042>201712</aae042><aae041>201701</aae041><yic016>3</yic016><aae140_391>0</aae140_391><aae140_390>0</aae140_390><aae140_330>0</aae140_330><aae140_313>0</aae140_313><aae140_310>0</aae140_310><aae140_110>1</aae140_110><aaz010>511324199109051805</aaz010><aae011>ikjf</aae011><aff002>C1010351007641</aff002></inputxml><reqdate>20170801</reqdate><reqseq>22000801000000000052</reqseq><tradeId>ZS100</tradeId><aaz400></aaz400></Para01>]
[17-08-01 16:04:41]tradeId[ZS100]
[17-08-01 16:04:41]inputXml[<inputxml reqseq="22000801000000000052" reqdate="20170801"><aae042>201712</aae042><aae041>201701</aae041><yic016>3</yic016><aae140_391>0</aae140_391><aae140_390>0</aae140_390><aae140_330>0</aae140_330><aae140_313>0</aae140_313><aae140_310>0</aae140_310><aae140_110>1</aae140_110><aaz010>511324199109051805</aaz010><aae011>ikjf</aae011><aff002>C1010351007641</aff002></inputxml>]
[17-08-01 16:04:41]加密inputXml[iX3AvIiKQx2FQI8YMAvZW0ZQqgByTzJST7VWoUt93Mz8Dz89ekKlZBgkXzLBNeSxrR8zA/JeR3Z3
TBQyb98nhAklpa0Jt9B/50Qdnjw952Q/BGUvS67yiPY6UyiM1k7zKmrMp/guqJb1S5Su6zjfGrmq
pG6KwJTo+FLNWugb5TcL90/b/sVYLPAdYsiLIDx4pNJf6VQirrMwgpGa+aKW5xAPX8UDxqt68eIx
7KkYwTifqBj0UpJY6tC/6inqUrHzEmUITrOMaal39/WHsgDgog==]
[17-08-01 16:04:41]社保返回报文加密recvXml[/SAPv3hfPVu9mra0TX9fJ4BPUsRQnm2/kEtSyAlIUmtZmyr1/6T11M5BWoBfdK/feRFD4lHdLULh
Cf2p3P6qBZli88tW3tEBHHO1tpARetOpDTtlPMhwCMz5vZhx/Z3JeKOMX2D7toDwoEF34ZUIT9IY
dDKOKk6kefw7Sd+ylttnG0AAnTBt3zo1itk0Xc2AEyFnYiUYMC2JliibroIIZQ==]
[17-08-01 16:04:41]社保返回报文解密[<result><code>100</code><message>处理出错：错误原因：人员511324199109051805传入的参保地:找不到!</message></result>]
[17-08-01 16:04:41]应答报文:[000194<ap><RetCode>0000</RetCode><RetMsg>交易成功</RetMsg><RetInfo01><result><code>100</code><message>处理出错：错误原因：人员511324199109051805传入的参保地:找不到!</message></result></RetInfo01></ap>]
[17-08-01 16:04:41]Disconnect from [10.52.4.134]
[17-08-01 16:05:00]线程池中新增新线程[10.52.4.134]当前可用线程数[999]......
[17-08-01 16:05:00]Connect with [10.52.4.134]......
[17-08-01 16:05:00]报文长度:[000585]
[17-08-01 16:05:00]报文内容:[<ap>
	<Para01>
		<inputxml>
			<aae042>201712</aae042>
			<aae041>201701</aae041>
			<yic016>3</yic016>
			<aae140_391>0</aae140_391>
			<aae140_390>0</aae140_390>
			<aae140_330>0</aae140_330>
			<aae140_313>0</aae140_313>
			<aae140_310>0</aae140_310>
			<aae140_110>1</aae140_110>
			<aaz010>511303199303011960</aaz010>
			<aae011>ikjf</aae011>
			<aff002>C1010351007641</aff002>
		</inputxml>
		<reqdate>20170801</reqdate>
		<reqseq>22000801000000000053</reqseq>
		<tradeId>ZS100</tradeId>
		<aaz400></aaz400>
	</Para01>
	<FuncName>szCall</FuncName>
	<Project>NCDC</Project>
</ap>
]
[17-08-01 16:05:00]sProject=[NCDC]
[17-08-01 16:05:00]original key:[1111111133333333]
[17-08-01 16:05:00]new key:[eEKa41ksY6VvAqGo]
[17-08-01 16:05:00]XmlPara01[<Para01><inputxml><aae042>201712</aae042><aae041>201701</aae041><yic016>3</yic016><aae140_391>0</aae140_391><aae140_390>0</aae140_390><aae140_330>0</aae140_330><aae140_313>0</aae140_313><aae140_310>0</aae140_310><aae140_110>1</aae140_110><aaz010>511303199303011960</aaz010><aae011>ikjf</aae011><aff002>C1010351007641</aff002></inputxml><reqdate>20170801</reqdate><reqseq>22000801000000000053</reqseq><tradeId>ZS100</tradeId><aaz400></aaz400></Para01>]
[17-08-01 16:05:00]tradeId[ZS100]
[17-08-01 16:05:00]inputXml[<inputxml reqseq="22000801000000000053" reqdate="20170801"><aae042>201712</aae042><aae041>201701</aae041><yic016>3</yic016><aae140_391>0</aae140_391><aae140_390>0</aae140_390><aae140_330>0</aae140_330><aae140_313>0</aae140_313><aae140_310>0</aae140_310><aae140_110>1</aae140_110><aaz010>511303199303011960</aaz010><aae011>ikjf</aae011><aff002>C1010351007641</aff002></inputxml>]
[17-08-01 16:05:00]加密inputXml[M8+4xg/QhLpurhxoelehn9zxxUnxfSRZoT3NNelexsijmx9pLNEUvI93JbDCsihOIGdFxq1R1BqX
88mJh+pR2a7c1SzhWBV6GkNl2vsat6e6S1721GU679VMLVQrg9uVuCP7jV+VHXtkrZmmR7WECvZr
20yc1InSyCoFuxfgh8v+KMjrvz+ReiXMG/yB/Um+aXS/Q+iWX6ND+XwX55zrdAGA3FG7YJo4rUzs
Mi7aAoqnB1OrY6LYlwOLg/SuA3husyb4bQ0RQ3kqyWLrgPzu4g==]
[17-08-01 16:05:00]社保返回报文加密recvXml[/SAPv3hfPVu9mra0TX9fJ4BPUsRQnm2/kEtSyAlIUmtZmyr1/6T11M5BWoBfdK/feRFD4lHdLULh
Cf2p3P6qBZli88tW3tEBHHO1tpARetMSw2AF+4T6Rx7J+tLe5pb5qbDqnnUF6Tuc0KPNSx9U9TKY
xVd4otdhtDcyQI+N5x8IBm1A3cclBSgG+gALIzVo]
[17-08-01 16:05:00]社保返回报文解密[<result><code>100</code><message>处理出错：错误原因：人员511303199303011960传入的参保地:找不到!</message></result>]
[17-08-01 16:05:00]应答报文:[000194<ap><RetCode>0000</RetCode><RetMsg>交易成功</RetMsg><RetInfo01><result><code>100</code><message>处理出错：错误原因：人员511303199303011960传入的参保地:找不到!</message></result></RetInfo01></ap>]
[17-08-01 16:05:00]Disconnect from [10.52.4.134]
[17-08-01 16:05:18]线程池中新增新线程[10.52.4.134]当前可用线程数[999]......
[17-08-01 16:05:18]Connect with [10.52.4.134]......
[17-08-01 16:05:19]报文长度:[000585]
[17-08-01 16:05:19]报文内容:[<ap>
	<Para01>
		<inputxml>
			<aae042>201712</aae042>
			<aae041>201701</aae041>
			<yic016>3</yic016>
			<aae140_391>0</aae140_391>
			<aae140_390>0</aae140_390>
			<aae140_330>0</aae140_330>
			<aae140_313>0</aae140_313>
			<aae140_310>0</aae140_310>
			<aae140_110>1</aae140_110>
			<aaz010>511324199304104271</aaz010>
			<aae011>ikjf</aae011>
			<aff002>C1010351007641</aff002>
		</inputxml>
		<reqdate>20170801</reqdate>
		<reqseq>22000801000000000054</reqseq>
		<tradeId>ZS100</tradeId>
		<aaz400></aaz400>
	</Para01>
	<FuncName>szCall</FuncName>
	<Project>NCDC</Project>
</ap>
]
[17-08-01 16:05:19]sProject=[NCDC]
[17-08-01 16:05:19]original key:[1111111133333333]
[17-08-01 16:05:19]new key:[eEKa41ksY6VvAqGo]
[17-08-01 16:05:19]XmlPara01[<Para01><inputxml><aae042>201712</aae042><aae041>201701</aae041><yic016>3</yic016><aae140_391>0</aae140_391><aae140_390>0</aae140_390><aae140_330>0</aae140_330><aae140_313>0</aae140_313><aae140_310>0</aae140_310><aae140_110>1</aae140_110><aaz010>511324199304104271</aaz010><aae011>ikjf</aae011><aff002>C1010351007641</aff002></inputxml><reqdate>20170801</reqdate><reqseq>22000801000000000054</reqseq><tradeId>ZS100</tradeId><aaz400></aaz400></Para01>]
[17-08-01 16:05:19]tradeId[ZS100]
[17-08-01 16:05:19]inputXml[<inputxml reqseq="22000801000000000054" reqdate="20170801"><aae042>201712</aae042><aae041>201701</aae041><yic016>3</yic016><aae140_391>0</aae140_391><aae140_390>0</aae140_390><aae140_330>0</aae140_330><aae140_313>0</aae140_313><aae140_310>0</aae140_310><aae140_110>1</aae140_110><aaz010>511324199304104271</aaz010><aae011>ikjf</aae011><aff002>C1010351007641</aff002></inputxml>]
[17-08-01 16:05:19]加密inputXml[iX3AvIiKQx2FQI8YMAvZWzjta78/e6T977IDQZYlKxy4j5tuM7Yy41+/ehIThI5GqrWmCYHiW8uu
nAjmgDF/4mKuNZkn/9hQiwDsl9v35Y+6bJfwjVOBYdyoEfvZAVTUmnIln2RP++rqJsMtSlohEOUH
HpbVqfMxivVTMA/gKzcn+mL3yISU6330pTFJKMkpM4lqKQQyxmA2fcPY3kgzgYZBeeYiLjro76Qa
x3eKlabUpOyPXMOr5n/vWojPbJMoEmUITrOMaal39/WHsgDgog==]
[17-08-01 16:05:19]社保返回报文加密recvXml[/SAPv3hfPVu9mra0TX9fJ4BPUsRQnm2/kEtSyAlIUmtZmyr1/6T11M5BWoBfdK/feRFD4lHdLULh
Cf2p3P6qBZli88tW3tEBHHO1tpARetOsS3VoMEsqMACn9JbdOc/+eKOMX2D7toDwoEF34ZUIT9IY
dDKOKk6kefw7Sd+yltuqT1DAmamSyZ+k4TcpHD+TEyFnYiUYMC2JliibroIIZQ==]
[17-08-01 16:05:19]社保返回报文解密[<result><code>100</code><message>处理出错：错误原因：人员511324199304104271传入的参保地:找不到!</message></result>]
[17-08-01 16:05:19]应答报文:[000194<ap><RetCode>0000</RetCode><RetMsg>交易成功</RetMsg><RetInfo01><result><code>100</code><message>处理出错：错误原因：人员511324199304104271传入的参保地:找不到!</message></result></RetInfo01></ap>]
[17-08-01 16:05:19]Disconnect from [10.52.4.134]
[17-08-01 16:05:47]线程池中新增新线程[10.52.4.134]当前可用线程数[999]......
[17-08-01 16:05:47]Connect with [10.52.4.134]......
[17-08-01 16:05:47]报文长度:[000585]
[17-08-01 16:05:47]报文内容:[<ap>
	<Para01>
		<inputxml>
			<aae042>201712</aae042>
			<aae041>201701</aae041>
			<yic016>3</yic016>
			<aae140_391>0</aae140_391>
			<aae140_390>0</aae140_390>
			<aae140_330>0</aae140_330>
			<aae140_313>0</aae140_313>
			<aae140_310>0</aae140_310>
			<aae140_110>1</aae140_110>
			<aaz010>511303198008250913</aaz010>
			<aae011>ikjf</aae011>
			<aff002>C1010351007641</aff002>
		</inputxml>
		<reqdate>20170801</reqdate>
		<reqseq>22000801000000000055</reqseq>
		<tradeId>ZS100</tradeId>
		<aaz400></aaz400>
	</Para01>
	<FuncName>szCall</FuncName>
	<Project>NCDC</Project>
</ap>
]
[17-08-01 16:05:47]sProject=[NCDC]
[17-08-01 16:05:47]original key:[1111111133333333]
[17-08-01 16:05:47]new key:[eEKa41ksY6VvAqGo]
[17-08-01 16:05:47]XmlPara01[<Para01><inputxml><aae042>201712</aae042><aae041>201701</aae041><yic016>3</yic016><aae140_391>0</aae140_391><aae140_390>0</aae140_390><aae140_330>0</aae140_330><aae140_313>0</aae140_313><aae140_310>0</aae140_310><aae140_110>1</aae140_110><aaz010>511303198008250913</aaz010><aae011>ikjf</aae011><aff002>C1010351007641</aff002></inputxml><reqdate>20170801</reqdate><reqseq>22000801000000000055</reqseq><tradeId>ZS100</tradeId><aaz400></aaz400></Para01>]
[17-08-01 16:05:47]tradeId[ZS100]
[17-08-01 16:05:47]inputXml[<inputxml reqseq="22000801000000000055" reqdate="20170801"><aae042>201712</aae042><aae041>201701</aae041><yic016>3</yic016><aae140_391>0</aae140_391><aae140_390>0</aae140_390><aae140_330>0</aae140_330><aae140_313>0</aae140_313><aae140_310>0</aae140_310><aae140_110>1</aae140_110><aaz010>511303198008250913</aaz010><aae011>ikjf</aae011><aff002>C1010351007641</aff002></inputxml>]
[17-08-01 16:05:47]加密inputXml[M8+4xg/QhLpurhxoelehn6BFK+tbZt8M+XllBwWEtDu6TQVYM1RcWfQjAZFhs+KC4sDoZsMmA6vj
nmg0/u/kzkphYBoSnWtkDGa4mSm3EG/VXfT/p/uzoIV+S0VTfqn0aQePuOdCV3Rr2CRr+NgUAqqr
bziXRas7F33LN6s9J2zI1rUlwjaqG5c36ifTPmKva7rn5FuzbZRZ1dE107VQl8R51FcOYtJrgAUI
GyVA310XxzSTpIiFCUmiZBbStk5xsyb4bQ0RQ3kqyWLrgPzu4g==]
[17-08-01 16:05:47]社保返回报文加密recvXml[/SAPv3hfPVu9mra0TX9fJ4BPUsRQnm2/kEtSyAlIUmtZmyr1/6T11M5BWoBfdK/feRFD4lHdLULh
Cf2p3P6qBZli88tW3tEBHHO1tpARetMo1NQeXPeFXeArjShVOFrBeKOMX2D7toDwoEF34ZUIT9IY
dDKOKk6kefw7Sd+ylttvJLr5E0ZM0mc267/HKZLWEyFnYiUYMC2JliibroIIZQ==]
[17-08-01 16:05:47]社保返回报文解密[<result><code>100</code><message>处理出错：错误原因：人员511303198008250913传入的参保地:找不到!</message></result>]
[17-08-01 16:05:47]应答报文:[000194<ap><RetCode>0000</RetCode><RetMsg>交易成功</RetMsg><RetInfo01><result><code>100</code><message>处理出错：错误原因：人员511303198008250913传入的参保地:找不到!</message></result></RetInfo01></ap>]
[17-08-01 16:05:47]Disconnect from [10.52.4.134]
[17-08-01 16:06:07]线程池中新增新线程[10.52.4.134]当前可用线程数[999]......
[17-08-01 16:06:07]Connect with [10.52.4.134]......
[17-08-01 16:06:07]报文长度:[000585]
[17-08-01 16:06:07]报文内容:[<ap>
	<Para01>
		<inputxml>
			<aae042>201712</aae042>
			<aae041>201701</aae041>
			<yic016>3</yic016>
			<aae140_391>0</aae140_391>
			<aae140_390>0</aae140_390>
			<aae140_330>0</aae140_330>
			<aae140_313>0</aae140_313>
			<aae140_310>0</aae140_310>
			<aae140_110>1</aae140_110>
			<aaz010>511302199112162540</aaz010>
			<aae011>ikjf</aae011>
			<aff002>C1010351007641</aff002>
		</inputxml>
		<reqdate>20170801</reqdate>
		<reqseq>22000801000000000056</reqseq>
		<tradeId>ZS100</tradeId>
		<aaz400></aaz400>
	</Para01>
	<FuncName>szCall</FuncName>
	<Project>NCDC</Project>
</ap>
]
[17-08-01 16:06:07]sProject=[NCDC]
[17-08-01 16:06:07]original key:[1111111133333333]
[17-08-01 16:06:07]new key:[eEKa41ksY6VvAqGo]
[17-08-01 16:06:07]XmlPara01[<Para01><inputxml><aae042>201712</aae042><aae041>201701</aae041><yic016>3</yic016><aae140_391>0</aae140_391><aae140_390>0</aae140_390><aae140_330>0</aae140_330><aae140_313>0</aae140_313><aae140_310>0</aae140_310><aae140_110>1</aae140_110><aaz010>511302199112162540</aaz010><aae011>ikjf</aae011><aff002>C1010351007641</aff002></inputxml><reqdate>20170801</reqdate><reqseq>22000801000000000056</reqseq><tradeId>ZS100</tradeId><aaz400></aaz400></Para01>]
[17-08-01 16:06:07]tradeId[ZS100]
[17-08-01 16:06:07]inputXml[<inputxml reqseq="22000801000000000056" reqdate="20170801"><aae042>201712</aae042><aae041>201701</aae041><yic016>3</yic016><aae140_391>0</aae140_391><aae140_390>0</aae140_390><aae140_330>0</aae140_330><aae140_313>0</aae140_313><aae140_310>0</aae140_310><aae140_110>1</aae140_110><aaz010>511302199112162540</aaz010><aae011>ikjf</aae011><aff002>C1010351007641</aff002></inputxml>]
[17-08-01 16:06:07]加密inputXml[iX3AvIiKQx2FQI8YMAvZWzg2GN0ANbgvK9zrNdbNcguetoKFfkSpqT4f793EEeih6A8q7ZLLELOc
9NweHIhjYLjBzFc+SWBIRJPrntvSOXgQajx+xGV485ndP3UI2XsUbBxgQAblpZienOrlLJ4a5a61
s8pL7pUsnxVMqMidhmd+MZicmkgNouORQFvMKc55OOOTumlGvs+CoeLOD4MIAA8glE8cW2mKDHBC
4lK63sTVetr4/COX4r1tQ0xRJs5GEmUITrOMaal39/WHsgDgog==]
[17-08-01 16:06:07]社保返回报文加密recvXml[/SAPv3hfPVu9mra0TX9fJ4BPUsRQnm2/kEtSyAlIUmtZmyr1/6T11M5BWoBfdK/feRFD4lHdLULh
Cf2p3P6qBZli88tW3tEBHHO1tpARetNsMMZuXHR25Sv6FRAHScgFeKOMX2D7toDwoEF34ZUIT9IY
dDKOKk6kefw7Sd+ylttk3cVxxAEmM61s+FxrdJqWEyFnYiUYMC2JliibroIIZQ==]
[17-08-01 16:06:07]社保返回报文解密[<result><code>100</code><message>处理出错：错误原因：人员511302199112162540传入的参保地:找不到!</message></result>]
[17-08-01 16:06:07]应答报文:[000194<ap><RetCode>0000</RetCode><RetMsg>交易成功</RetMsg><RetInfo01><result><code>100</code><message>处理出错：错误原因：人员511302199112162540传入的参保地:找不到!</message></result></RetInfo01></ap>]
[17-08-01 16:06:07]Disconnect from [10.52.4.134]
[17-08-01 16:06:27]线程池中新增新线程[10.52.4.134]当前可用线程数[999]......
[17-08-01 16:06:27]Connect with [10.52.4.134]......
[17-08-01 16:06:27]报文长度:[000585]
[17-08-01 16:06:27]报文内容:[<ap>
	<Para01>
		<inputxml>
			<aae042>201712</aae042>
			<aae041>201701</aae041>
			<yic016>3</yic016>
			<aae140_391>0</aae140_391>
			<aae140_390>0</aae140_390>
			<aae140_330>0</aae140_330>
			<aae140_313>0</aae140_313>
			<aae140_310>0</aae140_310>
			<aae140_110>1</aae140_110>
			<aaz010>511325199405114328</aaz010>
			<aae011>ikjf</aae011>
			<aff002>C1010351007641</aff002>
		</inputxml>
		<reqdate>20170801</reqdate>
		<reqseq>22000801000000000057</reqseq>
		<tradeId>ZS100</tradeId>
		<aaz400></aaz400>
	</Para01>
	<FuncName>szCall</FuncName>
	<Project>NCDC</Project>
</ap>
]
[17-08-01 16:06:27]sProject=[NCDC]
[17-08-01 16:06:27]original key:[1111111133333333]
[17-08-01 16:06:27]new key:[eEKa41ksY6VvAqGo]
[17-08-01 16:06:27]XmlPara01[<Para01><inputxml><aae042>201712</aae042><aae041>201701</aae041><yic016>3</yic016><aae140_391>0</aae140_391><aae140_390>0</aae140_390><aae140_330>0</aae140_330><aae140_313>0</aae140_313><aae140_310>0</aae140_310><aae140_110>1</aae140_110><aaz010>511325199405114328</aaz010><aae011>ikjf</aae011><aff002>C1010351007641</aff002></inputxml><reqdate>20170801</reqdate><reqseq>22000801000000000057</reqseq><tradeId>ZS100</tradeId><aaz400></aaz400></Para01>]
[17-08-01 16:06:27]tradeId[ZS100]
[17-08-01 16:06:27]inputXml[<inputxml reqseq="22000801000000000057" reqdate="20170801"><aae042>201712</aae042><aae041>201701</aae041><yic016>3</yic016><aae140_391>0</aae140_391><aae140_390>0</aae140_390><aae140_330>0</aae140_330><aae140_313>0</aae140_313><aae140_310>0</aae140_310><aae140_110>1</aae140_110><aaz010>511325199405114328</aaz010><aae011>ikjf</aae011><aff002>C1010351007641</aff002></inputxml>]
[17-08-01 16:06:27]加密inputXml[M8+4xg/QhLpurhxoelehn/RAMv/NOFACLmi5RjL0p1L2p4R30xpdVV511cm4E7/C4RwoajBLxM6D
DAu7KK3uwKplCuu1+tJAonABpFOw+dJS2XbweZBkgacAiIDml3m59tv67Du6NMn1X3RQuvECeWfq
g5F4ta3ZPK6xQ0kL4uZtpoQwA53enDbMNcKVSu5RQzpkwm/0inWfc/pI0mqtT1U/Tkig+HXpyNs/
8hwca2qWdisi1zksQFt32QhMrlpjEmUITrOMaal39/WHsgDgog==]
[17-08-01 16:06:28]社保返回报文加密recvXml[/SAPv3hfPVu9mra0TX9fJ4BPUsRQnm2/kEtSyAlIUmtZmyr1/6T11M5BWoBfdK/feRFD4lHdLULh
Cf2p3P6qBZli88tW3tEBHHO1tpARetO9Rd9bUgS7RQouXyr3tUldOfOw4P5dHkYBu0EY5bppFDcS
8Sr71hNtnHPBfBM+S4fP0Rs8wU9y/dx4Gr85+WS0]
[17-08-01 16:06:28]社保返回报文解密[<result><code>100</code><message>处理出错：错误原因：人员511325199405114328传入的参保地:找不到!</message></result>]
[17-08-01 16:06:28]应答报文:[000194<ap><RetCode>0000</RetCode><RetMsg>交易成功</RetMsg><RetInfo01><result><code>100</code><message>处理出错：错误原因：人员511325199405114328传入的参保地:找不到!</message></result></RetInfo01></ap>]
[17-08-01 16:06:28]Disconnect from [10.52.4.134]
[17-08-01 16:06:46]线程池中新增新线程[10.52.4.134]当前可用线程数[999]......
[17-08-01 16:06:46]Connect with [10.52.4.134]......
[17-08-01 16:06:46]报文长度:[000585]
[17-08-01 16:06:46]报文内容:[<ap>
	<Para01>
		<inputxml>
			<aae042>201712</aae042>
			<aae041>201701</aae041>
			<yic016>3</yic016>
			<aae140_391>0</aae140_391>
			<aae140_390>0</aae140_390>
			<aae140_330>0</aae140_330>
			<aae140_313>0</aae140_313>
			<aae140_310>0</aae140_310>
			<aae140_110>1</aae140_110>
			<aaz010>530402199004160028</aaz010>
			<aae011>ikjf</aae011>
			<aff002>C1010351007641</aff002>
		</inputxml>
		<reqdate>20170801</reqdate>
		<reqseq>22000801000000000058</reqseq>
		<tradeId>ZS100</tradeId>
		<aaz400></aaz400>
	</Para01>
	<FuncName>szCall</FuncName>
	<Project>NCDC</Project>
</ap>
]
[17-08-01 16:06:46]sProject=[NCDC]
[17-08-01 16:06:46]original key:[1111111133333333]
[17-08-01 16:06:46]new key:[eEKa41ksY6VvAqGo]
[17-08-01 16:06:46]XmlPara01[<Para01><inputxml><aae042>201712</aae042><aae041>201701</aae041><yic016>3</yic016><aae140_391>0</aae140_391><aae140_390>0</aae140_390><aae140_330>0</aae140_330><aae140_313>0</aae140_313><aae140_310>0</aae140_310><aae140_110>1</aae140_110><aaz010>530402199004160028</aaz010><aae011>ikjf</aae011><aff002>C1010351007641</aff002></inputxml><reqdate>20170801</reqdate><reqseq>22000801000000000058</reqseq><tradeId>ZS100</tradeId><aaz400></aaz400></Para01>]
[17-08-01 16:06:46]tradeId[ZS100]
[17-08-01 16:06:46]inputXml[<inputxml reqseq="22000801000000000058" reqdate="20170801"><aae042>201712</aae042><aae041>201701</aae041><yic016>3</yic016><aae140_391>0</aae140_391><aae140_390>0</aae140_390><aae140_330>0</aae140_330><aae140_313>0</aae140_313><aae140_310>0</aae140_310><aae140_110>1</aae140_110><aaz010>530402199004160028</aaz010><aae011>ikjf</aae011><aff002>C1010351007641</aff002></inputxml>]
[17-08-01 16:06:46]加密inputXml[M8+4xg/QhLpurhxoelehn6qLaUWpvUsdL6kKAIQCopFU6VPfIZp6F5a9mWAWxazzu4dDFiB2tWov
9CQ3buCsHxVddLLzzBmO5Ua1gVlhNv5n8AC1VXYmMHuO8Fi+3IEegm+A8ZKrbL3nCqboxIkpuccF
HkkjZetf67FRJNSwnt5yY2b+oE59Z1KGzUnm3ZRmPerwOVthSOWy/JE9kgiwoNlmfuQbPQWnrHbL
2aqDmnimIH+7rBi8DYz3k087DztPEmUITrOMaal39/WHsgDgog==]
[17-08-01 16:06:46]社保返回报文加密recvXml[/SAPv3hfPVu9mra0TX9fJ4BPUsRQnm2/kEtSyAlIUmtZmyr1/6T11M5BWoBfdK/feRFD4lHdLULh
Cf2p3P6qBT7mLoz/37F8i2/5E4AUfyOhN3t9pWGGKnM+T92Ma0SzeKOMX2D7toDwoEF34ZUIT9IY
dDKOKk6kefw7Sd+yltu5dKmc8gWzvOmx3u+WEJDIEyFnYiUYMC2JliibroIIZQ==]
[17-08-01 16:06:46]社保返回报文解密[<result><code>100</code><message>处理出错：错误原因：人员530402199004160028传入的参保地:找不到!</message></result>]
[17-08-01 16:06:46]应答报文:[000194<ap><RetCode>0000</RetCode><RetMsg>交易成功</RetMsg><RetInfo01><result><code>100</code><message>处理出错：错误原因：人员530402199004160028传入的参保地:找不到!</message></result></RetInfo01></ap>]
[17-08-01 16:06:46]Disconnect from [10.52.4.134]
[17-08-01 16:07:08]线程池中新增新线程[10.52.4.134]当前可用线程数[999]......
[17-08-01 16:07:08]Connect with [10.52.4.134]......
[17-08-01 16:07:08]报文长度:[000585]
[17-08-01 16:07:08]报文内容:[<ap>
	<Para01>
		<inputxml>
			<aae042>201712</aae042>
			<aae041>201701</aae041>
			<yic016>3</yic016>
			<aae140_391>0</aae140_391>
			<aae140_390>0</aae140_390>
			<aae140_330>0</aae140_330>
			<aae140_313>0</aae140_313>
			<aae140_310>0</aae140_310>
			<aae140_110>1</aae140_110>
			<aaz010>511321200604297153</aaz010>
			<aae011>ikjf</aae011>
			<aff002>C1010351007641</aff002>
		</inputxml>
		<reqdate>20170801</reqdate>
		<reqseq>22000801000000000059</reqseq>
		<tradeId>ZS100</tradeId>
		<aaz400></aaz400>
	</Para01>
	<FuncName>szCall</FuncName>
	<Project>NCDC</Project>
</ap>
]
[17-08-01 16:07:08]sProject=[NCDC]
[17-08-01 16:07:08]original key:[1111111133333333]
[17-08-01 16:07:08]new key:[eEKa41ksY6VvAqGo]
[17-08-01 16:07:08]XmlPara01[<Para01><inputxml><aae042>201712</aae042><aae041>201701</aae041><yic016>3</yic016><aae140_391>0</aae140_391><aae140_390>0</aae140_390><aae140_330>0</aae140_330><aae140_313>0</aae140_313><aae140_310>0</aae140_310><aae140_110>1</aae140_110><aaz010>511321200604297153</aaz010><aae011>ikjf</aae011><aff002>C1010351007641</aff002></inputxml><reqdate>20170801</reqdate><reqseq>22000801000000000059</reqseq><tradeId>ZS100</tradeId><aaz400></aaz400></Para01>]
[17-08-01 16:07:08]tradeId[ZS100]
[17-08-01 16:07:08]inputXml[<inputxml reqseq="22000801000000000059" reqdate="20170801"><aae042>201712</aae042><aae041>201701</aae041><yic016>3</yic016><aae140_391>0</aae140_391><aae140_390>0</aae140_390><aae140_330>0</aae140_330><aae140_313>0</aae140_313><aae140_310>0</aae140_310><aae140_110>1</aae140_110><aaz010>511321200604297153</aaz010><aae011>ikjf</aae011><aff002>C1010351007641</aff002></inputxml>]
[17-08-01 16:07:08]加密inputXml[qiyGWzuIVt4lYtxkYPutxM4z1uHjLW1beH0bUYrJdGggIDqLLPwUixl5xTUO01tBJwKIwBISxDwq
zxT71ghGtStqsRgNjiKYLfl5wdCOqogaC774OoxT5+kyY2aCV7lLAgj4ZOfn+TVaH8UZas73ZHCi
Jx7ElfcRfZ+izSSmqjJofLExDO8AM0EOOpMgaZ0D1panUXwcqy6ioXOkHJrjNlBk6Hx8sIXnjr+D
mvM9//Vxtt0TWaMF3dvaCzc7qtyoZpr2YFjn5avcDgI6PGapwA==]
[17-08-01 16:07:08]社保返回报文加密recvXml[/SAPv3hfPVu9mra0TX9fJ4BPUsRQnm2/kEtSyAlIUmtZmyr1/6T11M5BWoBfdK/feRFD4lHdLULh
Cf2p3P6qBXmVtxXCXXDu7hVDqG0+s+S+p4hnqb4WaqwiibN8IDNy1IOe2U4fZkhwC6mYTNSk2MJ5
xNujbUv5Iw5agdU+lsg=]
[17-08-01 16:07:08]社保返回报文解密[<result><code>100</code><message>处理出错：错误原因：身份证511321200604297153非法!</message></result>]
[17-08-01 16:07:08]应答报文:[000181<ap><RetCode>0000</RetCode><RetMsg>交易成功</RetMsg><RetInfo01><result><code>100</code><message>处理出错：错误原因：身份证511321200604297153非法!</message></result></RetInfo01></ap>]
[17-08-01 16:07:08]Disconnect from [10.52.4.134]
[17-08-01 16:07:27]线程池中新增新线程[10.52.4.134]当前可用线程数[999]......
[17-08-01 16:07:27]Connect with [10.52.4.134]......
[17-08-01 16:07:27]报文长度:[000585]
[17-08-01 16:07:27]报文内容:[<ap>
	<Para01>
		<inputxml>
			<aae042>201712</aae042>
			<aae041>201701</aae041>
			<yic016>3</yic016>
			<aae140_391>0</aae140_391>
			<aae140_390>0</aae140_390>
			<aae140_330>0</aae140_330>
			<aae140_313>0</aae140_313>
			<aae140_310>0</aae140_310>
			<aae140_110>1</aae140_110>
			<aaz010>511302198706091159</aaz010>
			<aae011>ikjf</aae011>
			<aff002>C1010351007641</aff002>
		</inputxml>
		<reqdate>20170801</reqdate>
		<reqseq>22000801000000000060</reqseq>
		<tradeId>ZS100</tradeId>
		<aaz400></aaz400>
	</Para01>
	<FuncName>szCall</FuncName>
	<Project>NCDC</Project>
</ap>
]
[17-08-01 16:07:27]sProject=[NCDC]
[17-08-01 16:07:27]original key:[1111111133333333]
[17-08-01 16:07:27]new key:[eEKa41ksY6VvAqGo]
[17-08-01 16:07:27]XmlPara01[<Para01><inputxml><aae042>201712</aae042><aae041>201701</aae041><yic016>3</yic016><aae140_391>0</aae140_391><aae140_390>0</aae140_390><aae140_330>0</aae140_330><aae140_313>0</aae140_313><aae140_310>0</aae140_310><aae140_110>1</aae140_110><aaz010>511302198706091159</aaz010><aae011>ikjf</aae011><aff002>C1010351007641</aff002></inputxml><reqdate>20170801</reqdate><reqseq>22000801000000000060</reqseq><tradeId>ZS100</tradeId><aaz400></aaz400></Para01>]
[17-08-01 16:07:27]tradeId[ZS100]
[17-08-01 16:07:27]inputXml[<inputxml reqseq="22000801000000000060" reqdate="20170801"><aae042>201712</aae042><aae041>201701</aae041><yic016>3</yic016><aae140_391>0</aae140_391><aae140_390>0</aae140_390><aae140_330>0</aae140_330><aae140_313>0</aae140_313><aae140_310>0</aae140_310><aae140_110>1</aae140_110><aaz010>511302198706091159</aaz010><aae011>ikjf</aae011><aff002>C1010351007641</aff002></inputxml>]
[17-08-01 16:07:27]加密inputXml[M8+4xg/QhLpurhxoelehn2b3OuXGVov073lhlvJhcVFGt4WTlO8SWAwnQN2Q7II1PzpsHnCVtXAN
KOKSVqA2+z2o+6K22uhMZkM/IQvZGxnk+4+x3Zr3CBBuBO3B5Ss0yfh0JwAzBpDetd3kprrH3df+
p4eUHDuifga4HfO4ql6fhbee5fGWs/jKnyii5xrnSiT126HFp6dsbC67UurxDVFeKCucn2AeBtLG
GKYgO6DEOXOXuw5oQW7GHFLUjtnzsyb4bQ0RQ3kqyWLrgPzu4g==]
[17-08-01 16:07:27]社保返回报文加密recvXml[/SAPv3hfPVu9mra0TX9fJ4BPUsRQnm2/kEtSyAlIUmtZmyr1/6T11M5BWoBfdK/feRFD4lHdLULh
Cf2p3P6qBZli88tW3tEBHHO1tpARetM+MPjeFVmglQy2CEhIcXqVeKOMX2D7toDwoEF34ZUIT9IY
dDKOKk6kefw7Sd+yltvYIDYKgd8+MMjy6DgWl+S6EyFnYiUYMC2JliibroIIZQ==]
[17-08-01 16:07:27]社保返回报文解密[<result><code>100</code><message>处理出错：错误原因：人员511302198706091159传入的参保地:找不到!</message></result>]
[17-08-01 16:07:27]应答报文:[000194<ap><RetCode>0000</RetCode><RetMsg>交易成功</RetMsg><RetInfo01><result><code>100</code><message>处理出错：错误原因：人员511302198706091159传入的参保地:找不到!</message></result></RetInfo01></ap>]
[17-08-01 16:07:27]Disconnect from [10.52.4.134]
[17-08-01 16:16:16]线程池中新增新线程[10.52.4.134]当前可用线程数[999]......
[17-08-01 16:16:16]Connect with [10.52.4.134]......
[17-08-01 16:16:16]报文长度:[000585]
[17-08-01 16:16:16]报文内容:[<ap>
	<Para01>
		<inputxml>
			<aae042>201712</aae042>
			<aae041>201701</aae041>
			<yic016>3</yic016>
			<aae140_391>0</aae140_391>
			<aae140_390>0</aae140_390>
			<aae140_330>0</aae140_330>
			<aae140_313>0</aae140_313>
			<aae140_310>0</aae140_310>
			<aae140_110>1</aae140_110>
			<aaz010>511302198706091159</aaz010>
			<aae011>ikjf</aae011>
			<aff002>C1010351007641</aff002>
		</inputxml>
		<reqdate>20170801</reqdate>
		<reqseq>22000801000000000061</reqseq>
		<tradeId>ZS100</tradeId>
		<aaz400></aaz400>
	</Para01>
	<FuncName>szCall</FuncName>
	<Project>NCDC</Project>
</ap>
]
[17-08-01 16:16:16]sProject=[NCDC]
[17-08-01 16:16:16]original key:[1111111133333333]
[17-08-01 16:16:16]new key:[eEKa41ksY6VvAqGo]
[17-08-01 16:16:16]XmlPara01[<Para01><inputxml><aae042>201712</aae042><aae041>201701</aae041><yic016>3</yic016><aae140_391>0</aae140_391><aae140_390>0</aae140_390><aae140_330>0</aae140_330><aae140_313>0</aae140_313><aae140_310>0</aae140_310><aae140_110>1</aae140_110><aaz010>511302198706091159</aaz010><aae011>ikjf</aae011><aff002>C1010351007641</aff002></inputxml><reqdate>20170801</reqdate><reqseq>22000801000000000061</reqseq><tradeId>ZS100</tradeId><aaz400></aaz400></Para01>]
[17-08-01 16:16:16]tradeId[ZS100]
[17-08-01 16:16:16]inputXml[<inputxml reqseq="22000801000000000061" reqdate="20170801"><aae042>201712</aae042><aae041>201701</aae041><yic016>3</yic016><aae140_391>0</aae140_391><aae140_390>0</aae140_390><aae140_330>0</aae140_330><aae140_313>0</aae140_313><aae140_310>0</aae140_310><aae140_110>1</aae140_110><aaz010>511302198706091159</aaz010><aae011>ikjf</aae011><aff002>C1010351007641</aff002></inputxml>]
[17-08-01 16:16:16]加密inputXml[M8+4xg/QhLpurhxoelehn6qLaUWpvUsdL6kKAIQCopFU6VPfIZp6F5a9mWAWxazzu4dDFiB2tWov
9CQ3buCsH0ffXTJngJbxnCEvfw4qRi0PKDr3aVpP9N+iH8TIQoxBRyxyPsRvaZIgYa551mCUiW44
w+kD41CcRz0+BhOHKlXO4bNRzdLq2/mVRVNiuW6zNDNij/q4B+rXPMAQUCD53PgMC1r8KW0t3z8T
Umz9fue4erq+/VylZwCy/uwVm0g+EmUITrOMaal39/WHsgDgog==]
[17-08-01 16:16:16]社保返回报文加密recvXml[/SAPv3hfPVu9mra0TX9fJ4BPUsRQnm2/kEtSyAlIUmtZmyr1/6T11M5BWoBfdK/feRFD4lHdLULh
Cf2p3P6qBZli88tW3tEBHHO1tpARetN6DjiPcfamCWXu6BieRsKzwV1kHieYaO6ZhqQNp9lhItAD
ghHQaY/hiYGKeq0blBz4kfEToL7SJ1AzUgczhGtOEmUITrOMaal39/WHsgDgog==]
[17-08-01 16:16:16]社保返回报文解密[<result><code>100</code><message>处理出错：错误原因：人员511302198706091159养老缴费时,缴费档次非法!3</message></result>]
[17-08-01 16:16:16]应答报文:[000199<ap><RetCode>0000</RetCode><RetMsg>交易成功</RetMsg><RetInfo01><result><code>100</code><message>处理出错：错误原因：人员511302198706091159养老缴费时,缴费档次非法!3</message></result></RetInfo01></ap>]
[17-08-01 16:16:16]Disconnect from [10.52.4.134]
[17-08-01 16:34:44]线程池中新增新线程[10.52.4.134]当前可用线程数[999]......
[17-08-01 16:34:44]Connect with [10.52.4.134]......
[17-08-01 16:34:44]报文长度:[000587]
[17-08-01 16:34:44]报文内容:[<ap>
	<Para01>
		<inputxml>
			<aae042>201712</aae042>
			<aae041>201701</aae041>
			<yic016>60%</yic016>
			<aae140_391>0</aae140_391>
			<aae140_390>0</aae140_390>
			<aae140_330>0</aae140_330>
			<aae140_313>0</aae140_313>
			<aae140_310>0</aae140_310>
			<aae140_110>1</aae140_110>
			<aaz010>512921197111150576</aaz010>
			<aae011>ikjf</aae011>
			<aff002>C1010351007641</aff002>
		</inputxml>
		<reqdate>20170801</reqdate>
		<reqseq>22000801000000000063</reqseq>
		<tradeId>ZS100</tradeId>
		<aaz400></aaz400>
	</Para01>
	<FuncName>szCall</FuncName>
	<Project>NCDC</Project>
</ap>
]
[17-08-01 16:34:44]sProject=[NCDC]
[17-08-01 16:34:44]original key:[1111111133333333]
[17-08-01 16:34:44]new key:[eEKa41ksY6VvAqGo]
[17-08-01 16:34:44]XmlPara01[<Para01><inputxml><aae042>201712</aae042><aae041>201701</aae041><yic016>60%</yic016><aae140_391>0</aae140_391><aae140_390>0</aae140_390><aae140_330>0</aae140_330><aae140_313>0</aae140_313><aae140_310>0</aae140_310><aae140_110>1</aae140_110><aaz010>512921197111150576</aaz010><aae011>ikjf</aae011><aff002>C1010351007641</aff002></inputxml><reqdate>20170801</reqdate><reqseq>22000801000000000063</reqseq><tradeId>ZS100</tradeId><aaz400></aaz400></Para01>]
[17-08-01 16:34:44]tradeId[ZS100]
[17-08-01 16:34:44]inputXml[<inputxml reqseq="22000801000000000063" reqdate="20170801"><aae042>201712</aae042><aae041>201701</aae041><yic016>60%</yic016><aae140_391>0</aae140_391><aae140_390>0</aae140_390><aae140_330>0</aae140_330><aae140_313>0</aae140_313><aae140_310>0</aae140_310><aae140_110>1</aae140_110><aaz010>512921197111150576</aaz010><aae011>ikjf</aae011><aff002>C1010351007641</aff002></inputxml>]
[17-08-01 16:34:44]加密inputXml[JdugfQllzVkEb/1c0ibxunW4ytKpzZ5LnsKjBSCd4uYKaGDvsT3kyWlpDBVLw96Udgh++fMNZ5KK
G3qtnMnr86jgOZmPFRiFnM3u8Rk/dHIZ/2IsIW8Ta1bW+CBLGPmd3DvP3dYWkrTMdE9ZAunmQ53c
yuIffhVu/6uLIOS5OQc+CgMw/3UYlXBsjk3Y5bivhsv6nkxWvDRYGilS8v+Fd7Vh+lAtZmo8e0KH
U2PJ9ZOuXbOpzUKeRJG1OiK3rmgVmQ5Sc151UQkxqbsrEXgJlQ==]
[17-08-01 16:34:44]社保返回报文加密recvXml[/SAPv3hfPVu9mra0TX9fJ4BPUsRQnm2/kEtSyAlIUmtZmyr1/6T11M5BWoBfdK/feRFD4lHdLULh
Cf2p3P6qBRE+vQBdwJPF2m6ngFN+1jhIivS+CExRQqrCsNkprTsRODevgqXz7WAjUelAAnS9+G00
LF1wthWC8Qq3/qkxt0JcTJx65R41/+4vJ0bYTu63SGu1Ny1TcXzZca+KBig7Cw==]
[17-08-01 16:34:44]社保返回报文解密[<result><code>100</code><message>处理出错：错误原因：人员512921197111150576养老缴费时,缴费档次非法!60%</message></result>]
[17-08-01 16:34:44]应答报文:[000201<ap><RetCode>0000</RetCode><RetMsg>交易成功</RetMsg><RetInfo01><result><code>100</code><message>处理出错：错误原因：人员512921197111150576养老缴费时,缴费档次非法!60%</message></result></RetInfo01></ap>]
[17-08-01 16:34:44]Disconnect from [10.52.4.134]
[17-08-01 16:40:34]线程池中新增新线程[10.52.4.134]当前可用线程数[999]......
[17-08-01 16:40:34]Connect with [10.52.4.134]......
[17-08-01 16:40:34]报文长度:[000584]
[17-08-01 16:40:34]报文内容:[<ap>
	<Para01>
		<inputxml>
			<aae042>201712</aae042>
			<aae041>201701</aae041>
			<yic016></yic016>
			<aae140_391>0</aae140_391>
			<aae140_390>0</aae140_390>
			<aae140_330>0</aae140_330>
			<aae140_313>0</aae140_313>
			<aae140_310>0</aae140_310>
			<aae140_110>1</aae140_110>
			<aaz010>512921197111150576</aaz010>
			<aae011>ikjf</aae011>
			<aff002>C1010351007641</aff002>
		</inputxml>
		<reqdate>20170801</reqdate>
		<reqseq>22000801000000000064</reqseq>
		<tradeId>ZS100</tradeId>
		<aaz400></aaz400>
	</Para01>
	<FuncName>szCall</FuncName>
	<Project>NCDC</Project>
</ap>
]
[17-08-01 16:40:34]sProject=[NCDC]
[17-08-01 16:40:34]original key:[1111111133333333]
[17-08-01 16:40:34]new key:[eEKa41ksY6VvAqGo]
[17-08-01 16:40:34]XmlPara01[<Para01><inputxml><aae042>201712</aae042><aae041>201701</aae041><yic016></yic016><aae140_391>0</aae140_391><aae140_390>0</aae140_390><aae140_330>0</aae140_330><aae140_313>0</aae140_313><aae140_310>0</aae140_310><aae140_110>1</aae140_110><aaz010>512921197111150576</aaz010><aae011>ikjf</aae011><aff002>C1010351007641</aff002></inputxml><reqdate>20170801</reqdate><reqseq>22000801000000000064</reqseq><tradeId>ZS100</tradeId><aaz400></aaz400></Para01>]
[17-08-01 16:40:34]tradeId[ZS100]
[17-08-01 16:40:34]inputXml[<inputxml reqseq="22000801000000000064" reqdate="20170801"><aae042>201712</aae042><aae041>201701</aae041><yic016></yic016><aae140_391>0</aae140_391><aae140_390>0</aae140_390><aae140_330>0</aae140_330><aae140_313>0</aae140_313><aae140_310>0</aae140_310><aae140_110>1</aae140_110><aaz010>512921197111150576</aaz010><aae011>ikjf</aae011><aff002>C1010351007641</aff002></inputxml>]
[17-08-01 16:40:34]加密inputXml[iX3AvIiKQx2FQI8YMAvZWzNT4GXAkwxjUfJjBQFZzJDeePrGp8oFbtQJFNMmlbQcS1AaOgwDqVFA
xsnMIdYA5oUjyEqSlcf4eD4sRA0eombdpXYvTGrD2Fl4Hfxb6xqBCSK5/oij0mWT/dHA2aSFic1R
KcnohYBVgXWGW1EOEfu76J7Sylgt/AVRSU4kvUOIrCdq7ZNve9uToS4oyP7MnU7LJcjMrNkOfdaq
A4I1YOEGBTrp/fSiJrsOh40I4tzcEmUITrOMaal39/WHsgDgog==]
[17-08-01 16:40:34]社保返回报文加密recvXml[/SAPv3hfPVu9mra0TX9fJ4BPUsRQnm2/kEtSyAlIUmtZmyr1/6T11M5BWoBfdK/feRFD4lHdLULh
Cf2p3P6qBRE+vQBdwJPF2m6ngFN+1jhIivS+CExRQqrCsNkprTsRODevgqXz7WAjUelAAnS9+BaM
vf+IaMINJM0fa7KBVFyBtML9OjyHOlv2ssZjJDBxDX9/G5a+oUJ2F+wTrQXYTA==]
[17-08-01 16:40:34]社保返回报文解密[<result><code>100</code><message>处理出错：错误原因：人员512921197111150576养老缴费时,缴费档次不能为空!</message></result>]
[17-08-01 16:40:34]应答报文:[000202<ap><RetCode>0000</RetCode><RetMsg>交易成功</RetMsg><RetInfo01><result><code>100</code><message>处理出错：错误原因：人员512921197111150576养老缴费时,缴费档次不能为空!</message></result></RetInfo01></ap>]
[17-08-01 16:40:34]Disconnect from [10.52.4.134]
[17-08-01 16:48:19]线程池中新增新线程[10.52.4.134]当前可用线程数[999]......
[17-08-01 16:48:19]Connect with [10.52.4.134]......
[17-08-01 16:48:19]报文长度:[000586]
[17-08-01 16:48:19]报文内容:[<ap>
	<Para01>
		<inputxml>
			<aae042>201712</aae042>
			<aae041>201701</aae041>
			<yic016>03</yic016>
			<aae140_391>0</aae140_391>
			<aae140_390>0</aae140_390>
			<aae140_330>0</aae140_330>
			<aae140_313>0</aae140_313>
			<aae140_310>0</aae140_310>
			<aae140_110>1</aae140_110>
			<aaz010>512921197111150576</aaz010>
			<aae011>ikjf</aae011>
			<aff002>C1010351007641</aff002>
		</inputxml>
		<reqdate>20170801</reqdate>
		<reqseq>22000801000000000065</reqseq>
		<tradeId>ZS100</tradeId>
		<aaz400></aaz400>
	</Para01>
	<FuncName>szCall</FuncName>
	<Project>NCDC</Project>
</ap>
]
[17-08-01 16:48:19]sProject=[NCDC]
[17-08-01 16:48:19]original key:[1111111133333333]
[17-08-01 16:48:19]new key:[eEKa41ksY6VvAqGo]
[17-08-01 16:48:19]XmlPara01[<Para01><inputxml><aae042>201712</aae042><aae041>201701</aae041><yic016>03</yic016><aae140_391>0</aae140_391><aae140_390>0</aae140_390><aae140_330>0</aae140_330><aae140_313>0</aae140_313><aae140_310>0</aae140_310><aae140_110>1</aae140_110><aaz010>512921197111150576</aaz010><aae011>ikjf</aae011><aff002>C1010351007641</aff002></inputxml><reqdate>20170801</reqdate><reqseq>22000801000000000065</reqseq><tradeId>ZS100</tradeId><aaz400></aaz400></Para01>]
[17-08-01 16:48:19]tradeId[ZS100]
[17-08-01 16:48:19]inputXml[<inputxml reqseq="22000801000000000065" reqdate="20170801"><aae042>201712</aae042><aae041>201701</aae041><yic016>03</yic016><aae140_391>0</aae140_391><aae140_390>0</aae140_390><aae140_330>0</aae140_330><aae140_313>0</aae140_313><aae140_310>0</aae140_310><aae140_110>1</aae140_110><aaz010>512921197111150576</aaz010><aae011>ikjf</aae011><aff002>C1010351007641</aff002></inputxml>]
[17-08-01 16:48:19]加密inputXml[iX3AvIiKQx2FQI8YMAvZW6DPJWpVajl2jdjCl0doxVpgcjWKUwvA4DpHRVSpbkIPpUZVLG3O6WdX
zHQup7tJpL2vpAXv/Ima7QNegHnUsPoN3ulqtFq10FySawGYaCGn8ly/T3vlikYjWdIW5lZzDh2H
tWgk/zoEDBxwbCyztt164oL0Qve6TemhR3souqIZ2VkEW2ZXsLli6diP5EgZ+dZbDpl0md+vYD85
oYc8HkXblf4F16GEVKilR3HVZXEDEmUITrOMaal39/WHsgDgog==]
[17-08-01 16:48:19]社保返回报文加密recvXml[/SAPv3hfPVu9mra0TX9fJ4BPUsRQnm2/kEtSyAlIUmtZmyr1/6T11M5BWoBfdK/feRFD4lHdLULh
Cf2p3P6qBRE+vQBdwJPF2m6ngFN+1jgQtKSpj2qo2uCS2TShltZZym/ppKUqL/WllAwtjg62TdM8
gg1ktibQc8vAryeMVpHt1StrfYBdnqJfHDTs/5h11/tAGTk11yxz9UNllDShzrx1tbKhSzxZQwpv
bocVZEatLH0XRcDXYR+e8Mb1JprW]
[17-08-01 16:48:19]社保返回报文解密[<result><code>100</code><message>处理出错：错误原因：人员512921197111150576未参保,不能缴费ORA-06512: 在 "NCJB1.PKG_P_BANKINTERFACE", line 4820
</message></result>]
[17-08-01 16:48:19]应答报文:[000242<ap><RetCode>0000</RetCode><RetMsg>交易成功</RetMsg><RetInfo01><result><code>100</code><message>处理出错：错误原因：人员512921197111150576未参保,不能缴费ORA-06512: 在 "NCJB1.PKG_P_BANKINTERFACE", line 4820
</message></result></RetInfo01></ap>]
[17-08-01 16:48:19]Disconnect from [10.52.4.134]
[17-08-01 16:48:49]线程池中新增新线程[10.52.4.134]当前可用线程数[999]......
[17-08-01 16:48:49]Connect with [10.52.4.134]......
[17-08-01 16:48:49]报文长度:[000586]
[17-08-01 16:48:49]报文内容:[<ap>
	<Para01>
		<inputxml>
			<aae042>201712</aae042>
			<aae041>201701</aae041>
			<yic016>03</yic016>
			<aae140_391>0</aae140_391>
			<aae140_390>0</aae140_390>
			<aae140_330>0</aae140_330>
			<aae140_313>0</aae140_313>
			<aae140_310>0</aae140_310>
			<aae140_110>1</aae140_110>
			<aaz010>512921194707211591</aaz010>
			<aae011>ikjf</aae011>
			<aff002>C1010351007641</aff002>
		</inputxml>
		<reqdate>20170801</reqdate>
		<reqseq>22000801000000000066</reqseq>
		<tradeId>ZS100</tradeId>
		<aaz400></aaz400>
	</Para01>
	<FuncName>szCall</FuncName>
	<Project>NCDC</Project>
</ap>
]
[17-08-01 16:48:49]sProject=[NCDC]
[17-08-01 16:48:49]original key:[1111111133333333]
[17-08-01 16:48:49]new key:[eEKa41ksY6VvAqGo]
[17-08-01 16:48:49]XmlPara01[<Para01><inputxml><aae042>201712</aae042><aae041>201701</aae041><yic016>03</yic016><aae140_391>0</aae140_391><aae140_390>0</aae140_390><aae140_330>0</aae140_330><aae140_313>0</aae140_313><aae140_310>0</aae140_310><aae140_110>1</aae140_110><aaz010>512921194707211591</aaz010><aae011>ikjf</aae011><aff002>C1010351007641</aff002></inputxml><reqdate>20170801</reqdate><reqseq>22000801000000000066</reqseq><tradeId>ZS100</tradeId><aaz400></aaz400></Para01>]
[17-08-01 16:48:49]tradeId[ZS100]
[17-08-01 16:48:49]inputXml[<inputxml reqseq="22000801000000000066" reqdate="20170801"><aae042>201712</aae042><aae041>201701</aae041><yic016>03</yic016><aae140_391>0</aae140_391><aae140_390>0</aae140_390><aae140_330>0</aae140_330><aae140_313>0</aae140_313><aae140_310>0</aae140_310><aae140_110>1</aae140_110><aaz010>512921194707211591</aaz010><aae011>ikjf</aae011><aff002>C1010351007641</aff002></inputxml>]
[17-08-01 16:48:49]加密inputXml[iX3AvIiKQx2FQI8YMAvZW3BkqtkgglSKCx2cSMrQY2D+KkFsA4fONv++JipmG/nSNrKazOK77GKJ
TMHDaW7w5LFlo0yrHBYIQo9WWpW6J+8tnY+A/S4sB10eDtnbG1JzMf+n/Jm4n1sZtBdL+SI17HLO
vIFc2LLD8KhWMTQ6vhVI6E6p12qf04izt4fndi05nZ7uYk704SF/v7X9mHDQelpnp8qUy/cWgzAV
RWKeBEPcl9ctoexOdQdCQWIy2a0JEmUITrOMaal39/WHsgDgog==]
[17-08-01 16:48:49]社保返回报文加密recvXml[/SAPv3hfPVu9mra0TX9fJ4BPUsRQnm2/kEtSyAlIUmtZmyr1/6T11M5BWoBfdK/feRFD4lHdLULh
Cf2p3P6qBRE+vQBdwJPF2m6ngFN+1jgbeFD+ZKyDmq1We2BWncnhPcrvpFiJczc/7jX3qi5//Da1
2bKqBPzpROySUEtXsRb8812aFI9QC2y0lib1jaM2+qiOcgrTtKQJp4GvuJ7aoOdyPNedg2gd5A0a
PB9ELzFC94oMOUHV0ws5lyI+XkW6]
[17-08-01 16:48:49]社保返回报文解密[<result><code>100</code><message>处理出错：错误原因：人员512921194707211591未参保,不能缴费ORA-06512: 在 "NCJB1.PKG_P_BANKINTERFACE", line 4820
</message></result>]
[17-08-01 16:48:49]应答报文:[000242<ap><RetCode>0000</RetCode><RetMsg>交易成功</RetMsg><RetInfo01><result><code>100</code><message>处理出错：错误原因：人员512921194707211591未参保,不能缴费ORA-06512: 在 "NCJB1.PKG_P_BANKINTERFACE", line 4820
</message></result></RetInfo01></ap>]
[17-08-01 16:48:49]Disconnect from [10.52.4.134]
[17-08-01 16:49:25]线程池中新增新线程[10.52.4.134]当前可用线程数[999]......
[17-08-01 16:49:25]Connect with [10.52.4.134]......
[17-08-01 16:49:25]报文长度:[000586]
[17-08-01 16:49:25]报文内容:[<ap>
	<Para01>
		<inputxml>
			<aae042>201712</aae042>
			<aae041>201701</aae041>
			<yic016>03</yic016>
			<aae140_391>0</aae140_391>
			<aae140_390>0</aae140_390>
			<aae140_330>0</aae140_330>
			<aae140_313>0</aae140_313>
			<aae140_310>0</aae140_310>
			<aae140_110>1</aae140_110>
			<aaz010>512924194303275002</aaz010>
			<aae011>ikjf</aae011>
			<aff002>C1010351007641</aff002>
		</inputxml>
		<reqdate>20170801</reqdate>
		<reqseq>22000801000000000067</reqseq>
		<tradeId>ZS100</tradeId>
		<aaz400></aaz400>
	</Para01>
	<FuncName>szCall</FuncName>
	<Project>NCDC</Project>
</ap>
]
[17-08-01 16:49:25]sProject=[NCDC]
[17-08-01 16:49:25]original key:[1111111133333333]
[17-08-01 16:49:25]new key:[eEKa41ksY6VvAqGo]
[17-08-01 16:49:25]XmlPara01[<Para01><inputxml><aae042>201712</aae042><aae041>201701</aae041><yic016>03</yic016><aae140_391>0</aae140_391><aae140_390>0</aae140_390><aae140_330>0</aae140_330><aae140_313>0</aae140_313><aae140_310>0</aae140_310><aae140_110>1</aae140_110><aaz010>512924194303275002</aaz010><aae011>ikjf</aae011><aff002>C1010351007641</aff002></inputxml><reqdate>20170801</reqdate><reqseq>22000801000000000067</reqseq><tradeId>ZS100</tradeId><aaz400></aaz400></Para01>]
[17-08-01 16:49:25]tradeId[ZS100]
[17-08-01 16:49:25]inputXml[<inputxml reqseq="22000801000000000067" reqdate="20170801"><aae042>201712</aae042><aae041>201701</aae041><yic016>03</yic016><aae140_391>0</aae140_391><aae140_390>0</aae140_390><aae140_330>0</aae140_330><aae140_313>0</aae140_313><aae140_310>0</aae140_310><aae140_110>1</aae140_110><aaz010>512924194303275002</aaz010><aae011>ikjf</aae011><aff002>C1010351007641</aff002></inputxml>]
[17-08-01 16:49:25]加密inputXml[iX3AvIiKQx2FQI8YMAvZW79ITf0AKBTgWgktVE0IoBBdIbEvh3dJ+ORfdG3/zvo8mWC89MwJTB6s
E0SWIetLRvYmhWUNbi8DXkUCfEitTuH32w6LSYJGJRCejGCjdikvy9AGtRWqpXmfQuwSvB0Rh3Wp
01LXyKZArcXcdiItv52ZCdwekhnhn0nm4jf5OZB2y/QVwDH/am1O/N1G23QBywjOLIQlT1LTPfYv
hH9buqT+kq+OxG/wHCJDpZfQY7XKEmUITrOMaal39/WHsgDgog==]
[17-08-01 16:49:25]社保返回报文加密recvXml[/SAPv3hfPVu9mra0TX9fJ4BPUsRQnm2/kEtSyAlIUmtZmyr1/6T11M5BWoBfdK/feRFD4lHdLULh
Cf2p3P6qBRE+vQBdwJPF2m6ngFN+1jh4jztHYFtZhMR+DFzMqxvhVZUkzNrHbTixEgjLEoap+McT
NF6a+k4RVvMaX/XMNvjRKJpvTC4NxLRf+vEhLH0z7A4Ah19SZC4CIaBcaG/3LKckBYGiMXnjIkMd
2pmk3H2dX1gZ2nujXa3GXwmSgOUO]
[17-08-01 16:49:25]社保返回报文解密[<result><code>100</code><message>处理出错：错误原因：人员512924194303275002未参保,不能缴费ORA-06512: 在 "NCJB1.PKG_P_BANKINTERFACE", line 4820
</message></result>]
[17-08-01 16:49:25]应答报文:[000242<ap><RetCode>0000</RetCode><RetMsg>交易成功</RetMsg><RetInfo01><result><code>100</code><message>处理出错：错误原因：人员512924194303275002未参保,不能缴费ORA-06512: 在 "NCJB1.PKG_P_BANKINTERFACE", line 4820
</message></result></RetInfo01></ap>]
[17-08-01 16:49:25]Disconnect from [10.52.4.134]
[17-08-01 16:57:27]线程池中新增新线程[10.52.4.134]当前可用线程数[999]......
[17-08-01 16:57:27]Connect with [10.52.4.134]......
[17-08-01 16:57:27]报文长度:[000586]
[17-08-01 16:57:27]报文内容:[<ap>
	<Para01>
		<inputxml>
			<aae042>201712</aae042>
			<aae041>201701</aae041>
			<yic016>03</yic016>
			<aae140_391>0</aae140_391>
			<aae140_390>0</aae140_390>
			<aae140_330>0</aae140_330>
			<aae140_313>0</aae140_313>
			<aae140_310>0</aae140_310>
			<aae140_110>1</aae140_110>
			<aaz010>511304199901231222</aaz010>
			<aae011>ikjf</aae011>
			<aff002>C1010351007641</aff002>
		</inputxml>
		<reqdate>20170801</reqdate>
		<reqseq>22000801000000000068</reqseq>
		<tradeId>ZS100</tradeId>
		<aaz400></aaz400>
	</Para01>
	<FuncName>szCall</FuncName>
	<Project>NCDC</Project>
</ap>
]
[17-08-01 16:57:27]sProject=[NCDC]
[17-08-01 16:57:27]original key:[1111111133333333]
[17-08-01 16:57:27]new key:[eEKa41ksY6VvAqGo]
[17-08-01 16:57:27]XmlPara01[<Para01><inputxml><aae042>201712</aae042><aae041>201701</aae041><yic016>03</yic016><aae140_391>0</aae140_391><aae140_390>0</aae140_390><aae140_330>0</aae140_330><aae140_313>0</aae140_313><aae140_310>0</aae140_310><aae140_110>1</aae140_110><aaz010>511304199901231222</aaz010><aae011>ikjf</aae011><aff002>C1010351007641</aff002></inputxml><reqdate>20170801</reqdate><reqseq>22000801000000000068</reqseq><tradeId>ZS100</tradeId><aaz400></aaz400></Para01>]
[17-08-01 16:57:27]tradeId[ZS100]
[17-08-01 16:57:27]inputXml[<inputxml reqseq="22000801000000000068" reqdate="20170801"><aae042>201712</aae042><aae041>201701</aae041><yic016>03</yic016><aae140_391>0</aae140_391><aae140_390>0</aae140_390><aae140_330>0</aae140_330><aae140_313>0</aae140_313><aae140_310>0</aae140_310><aae140_110>1</aae140_110><aaz010>511304199901231222</aaz010><aae011>ikjf</aae011><aff002>C1010351007641</aff002></inputxml>]
[17-08-01 16:57:27]加密inputXml[M8+4xg/QhLpurhxoelehn2b3OuXGVov073lhlvJhcVGiBtTcShmfIAT0WWs/HdaCo5Op9QwtGDuP
wk7/p2gb/TIkFJvCgnG75BhG9yTkBB07WNySTafdneBJ2Iso80ca1bJmMSwRNanL53qelYM/q4SK
ShQCTYnSxD7E+3XXZagvadQF4YALcvxVM5aH88NISUy2CEt1RSL/fMy0HoMqAS8s4LCgvZT+OTML
rPEpEc/iB95oVo/MTyOTHbqV/xdrEmUITrOMaal39/WHsgDgog==]
[17-08-01 16:57:27]社保返回报文加密recvXml[/SAPv3hfPVu9mra0TX9fJ4BPUsRQnm2/kEtSyAlIUmtZmyr1/6T11M5BWoBfdK/feRFD4lHdLULh
Cf2p3P6qBXmVtxXCXXDu7hVDqG0+s+QHFv54/+3xTCmbOdL212MOT0j+nAlK49m0h3ULCjvslsBf
GgcCq/yJDWcyIvPBP1LDGiZArE7ClFhmCmk4LM4g]
[17-08-01 16:57:27]社保返回报文解密[<result><code>100</code><message>处理出错：错误原因：身份证511304199901231222在系统中存在多条!</message></result>]
[17-08-01 16:57:27]应答报文:[000193<ap><RetCode>0000</RetCode><RetMsg>交易成功</RetMsg><RetInfo01><result><code>100</code><message>处理出错：错误原因：身份证511304199901231222在系统中存在多条!</message></result></RetInfo01></ap>]
[17-08-01 16:57:27]Disconnect from [10.52.4.134]
[17-08-01 16:58:18]线程池中新增新线程[10.52.4.134]当前可用线程数[999]......
[17-08-01 16:58:18]Connect with [10.52.4.134]......
[17-08-01 16:58:18]报文长度:[000586]
[17-08-01 16:58:18]报文内容:[<ap>
	<Para01>
		<inputxml>
			<aae042>201712</aae042>
			<aae041>201701</aae041>
			<yic016>03</yic016>
			<aae140_391>0</aae140_391>
			<aae140_390>0</aae140_390>
			<aae140_330>0</aae140_330>
			<aae140_313>0</aae140_313>
			<aae140_310>0</aae140_310>
			<aae140_110>1</aae140_110>
			<aaz010>51130219830116302X</aaz010>
			<aae011>ikjf</aae011>
			<aff002>C1010351007641</aff002>
		</inputxml>
		<reqdate>20170801</reqdate>
		<reqseq>22000801000000000069</reqseq>
		<tradeId>ZS100</tradeId>
		<aaz400></aaz400>
	</Para01>
	<FuncName>szCall</FuncName>
	<Project>NCDC</Project>
</ap>
]
[17-08-01 16:58:18]sProject=[NCDC]
[17-08-01 16:58:18]original key:[1111111133333333]
[17-08-01 16:58:18]new key:[eEKa41ksY6VvAqGo]
[17-08-01 16:58:18]XmlPara01[<Para01><inputxml><aae042>201712</aae042><aae041>201701</aae041><yic016>03</yic016><aae140_391>0</aae140_391><aae140_390>0</aae140_390><aae140_330>0</aae140_330><aae140_313>0</aae140_313><aae140_310>0</aae140_310><aae140_110>1</aae140_110><aaz010>51130219830116302X</aaz010><aae011>ikjf</aae011><aff002>C1010351007641</aff002></inputxml><reqdate>20170801</reqdate><reqseq>22000801000000000069</reqseq><tradeId>ZS100</tradeId><aaz400></aaz400></Para01>]
[17-08-01 16:58:18]tradeId[ZS100]
[17-08-01 16:58:18]inputXml[<inputxml reqseq="22000801000000000069" reqdate="20170801"><aae042>201712</aae042><aae041>201701</aae041><yic016>03</yic016><aae140_391>0</aae140_391><aae140_390>0</aae140_390><aae140_330>0</aae140_330><aae140_313>0</aae140_313><aae140_310>0</aae140_310><aae140_110>1</aae140_110><aaz010>51130219830116302X</aaz010><aae011>ikjf</aae011><aff002>C1010351007641</aff002></inputxml>]
[17-08-01 16:58:18]加密inputXml[qiyGWzuIVt4lYtxkYPutxDbPI7xj45jOaCMOF4JneNNibQHtklrXXsZPVhKYBWNo967l5DNazjLa
wYLS1MXED4P4ZTUckbWEpyqAZ5XJvZbDGcRdHs/LRuWJb26S7BWBmM5nMb1bZhjIYFtGTmV+DJkc
fOw0kvtrwAfq8apb4rJhx1MjAs7bB1EA0bGaBUdtpRU09PBT+v3PdHaGQ0SfmuEO45/4fHYoSYuU
uy1odrBPEXj8n4mOkqLsZ1ydrcU+Zpr2YFjn5avcDgI6PGapwA==]
[17-08-01 16:58:18]社保返回报文加密recvXml[i3Ei+Ig356i2hWGYCcSBIltzKV+vhc9zKqkr8UNcu/QL1FHdur7NILilFi3N+p4J0+fCWi2CxEHa
yb0v71zk6xHcWg44O4SBEoy2tM7m4zq0s6bJcLLwkOo7zw2CmdstzuMM7+YTXgVWpkBwTt6xowvp
PtoBJrKIZ2BTxLtcct0CBkOQUtn5cFLm34TDmMVuv/RYdUn1tyfNERoe0RKlcPGexf4zt+xyz5/G
k2fD1GyMVe0xkFWm6NKT3VMTcDcRB/WFXqH6g6EIJvt9KespyN53bD6ecr9GnlxkN3hh7cDFhKh2
GPv+RxLbPhtnuU1upRGzB0LHQ5r4eoWKdJufcQ==]
[17-08-01 16:58:18]社保返回报文解密[<?xml version="1.0" encoding="UTF-8"?>
<result><message></message><code>1</code><output><aae009_sb>社保局</aae009_sb><aae013/><aac003>蒋丽君</aac003><aae072>55219489</aae072><aae010_sb>11111111111111111111111111111</aae010_sb><aaa027>511302</aaa027><aae008_sb>测试银行</aae008_sb><aae019>7262.4</aae019><aac001>1039906097</aac001></output></result>]
[17-08-01 16:58:18]应答报文:[000390<ap><RetCode>0000</RetCode><RetMsg>交易成功</RetMsg><RetInfo01><result><message></message><code>1</code><output><aae009_sb>社保局</aae009_sb><aae013 /><aac003>蒋丽君</aac003><aae072>55219489</aae072><aae010_sb>11111111111111111111111111111</aae010_sb><aaa027>511302</aaa027><aae008_sb>测试银行</aae008_sb><aae019>7262.4</aae019><aac001>1039906097</aac001></output></result></RetInfo01></ap>]
[17-08-01 16:58:18]Disconnect from [10.52.4.134]
[17-08-01 17:06:28]线程池中新增新线程[10.52.4.134]当前可用线程数[999]......
[17-08-01 17:06:28]Connect with [10.52.4.134]......
[17-08-01 17:06:28]报文长度:[000586]
[17-08-01 17:06:28]报文内容:[<ap>
	<Para01>
		<inputxml>
			<aae042>201712</aae042>
			<aae041>201701</aae041>
			<yic016>07</yic016>
			<aae140_391>0</aae140_391>
			<aae140_390>0</aae140_390>
			<aae140_330>0</aae140_330>
			<aae140_313>0</aae140_313>
			<aae140_310>0</aae140_310>
			<aae140_110>1</aae140_110>
			<aaz010>51130219830116302X</aaz010>
			<aae011>ikjf</aae011>
			<aff002>C1010351007641</aff002>
		</inputxml>
		<reqdate>20170801</reqdate>
		<reqseq>22000801000000000070</reqseq>
		<tradeId>ZS100</tradeId>
		<aaz400></aaz400>
	</Para01>
	<FuncName>szCall</FuncName>
	<Project>NCDC</Project>
</ap>
]
[17-08-01 17:06:28]sProject=[NCDC]
[17-08-01 17:06:28]original key:[1111111133333333]
[17-08-01 17:06:28]new key:[eEKa41ksY6VvAqGo]
[17-08-01 17:06:28]XmlPara01[<Para01><inputxml><aae042>201712</aae042><aae041>201701</aae041><yic016>07</yic016><aae140_391>0</aae140_391><aae140_390>0</aae140_390><aae140_330>0</aae140_330><aae140_313>0</aae140_313><aae140_310>0</aae140_310><aae140_110>1</aae140_110><aaz010>51130219830116302X</aaz010><aae011>ikjf</aae011><aff002>C1010351007641</aff002></inputxml><reqdate>20170801</reqdate><reqseq>22000801000000000070</reqseq><tradeId>ZS100</tradeId><aaz400></aaz400></Para01>]
[17-08-01 17:06:28]tradeId[ZS100]
[17-08-01 17:06:28]inputXml[<inputxml reqseq="22000801000000000070" reqdate="20170801"><aae042>201712</aae042><aae041>201701</aae041><yic016>07</yic016><aae140_391>0</aae140_391><aae140_390>0</aae140_390><aae140_330>0</aae140_330><aae140_313>0</aae140_313><aae140_310>0</aae140_310><aae140_110>1</aae140_110><aaz010>51130219830116302X</aaz010><aae011>ikjf</aae011><aff002>C1010351007641</aff002></inputxml>]
[17-08-01 17:06:28]加密inputXml[qiyGWzuIVt4lYtxkYPutxDbPI7xj45jOaCMOF4JneNNibQHtklrXXsZPVhKYBWNo967l5DNazjLa
wYLS1MXED26UCXeVrvGJXOaPKcDBoz4/GYNi04ocPLmyq3vvC7KFC/Tb7rrpwpJfeIan4NI4PcEI
oXMceDesF2TaGI0mXL5tCCNCVZTjXYNpJX5BbC33Vrm0MyJ9a3rRaSQs93XAwTBYJy9NzCUrD0V7
uJJ8eDQ8n0Qs/S6KaVktbwEdmkNGZpr2YFjn5avcDgI6PGapwA==]
[17-08-01 17:06:28]社保返回报文加密recvXml[/SAPv3hfPVu9mra0TX9fJ4BPUsRQnm2/kEtSyAlIUmtZmyr1/6T11M5BWoBfdK/feRFD4lHdLULh
Cf2p3P6qBZli88tW3tEBHHO1tpARetNghENnZT30xx6P21BE3qSG8U1TVNmBi97DQGp1UIL4GcUn
f90JcyBYXhd2Yo2sgtNuVZn2eW5696m6FeM+UGFeU34Pk9ZzBvC6ra/f0PpcScmeBJwAlrB42UWc
flHux5c=]
[17-08-01 17:06:28]社保返回报文解密[<result><code>100</code><message>处理出错：错误原因：人员51130219830116302X在缴费期间:201701至201712 已缴过养老保险费用!</message></result>]
[17-08-01 17:06:28]应答报文:[000219<ap><RetCode>0000</RetCode><RetMsg>交易成功</RetMsg><RetInfo01><result><code>100</code><message>处理出错：错误原因：人员51130219830116302X在缴费期间:201701至201712 已缴过养老保险费用!</message></result></RetInfo01></ap>]
[17-08-01 17:06:28]Disconnect from [10.52.4.134]
