[17-01-06 09:40:14]线程池中新增新线程[10.52.4.134]当前可用线程数[999]......
[17-01-06 09:40:14]Connect with [10.52.4.134]......
[17-01-06 09:40:14]报文长度:[000466]
[17-01-06 09:40:14]报文内容:[<ap>
	<Para01>
		<inputxml>
			<rows>
				<row>
					<akb079>2132494</akb079>
					<aae019sum>ikjf0013</aae019sum>
					<aaz002>625334239</aaz002>
				</row>
			</rows>
			<aae011>ikjf</aae011>
			<aff002>C1010351007641</aff002>
			<aaa027>511302</aaa027>
		</inputxml>
		<reqdate>20170103</reqdate>
		<reqseq>22000106000000000070</reqseq>
		<tradeId>NC39006</tradeId>
		<aaz400>511302</aaz400>
	</Para01>
	<FuncName>szCall</FuncName>
	<Project>NCDC</Project>
</ap>
]
[17-01-06 09:40:14]sProject=[NCDC]
[17-01-06 09:40:14]original key:[1111111133333333]
[17-01-06 09:40:14]new key:[iHO3ikVV8qq37H0N]
[17-01-06 09:40:14]XmlPara01[<Para01><inputxml><rows><row><akb079>2132494</akb079><aae019sum>ikjf0013</aae019sum><aaz002>625334239</aaz002></row></rows><aae011>ikjf</aae011><aff002>C1010351007641</aff002><aaa027>511302</aaa027></inputxml><reqdate>20170103</reqdate><reqseq>22000106000000000070</reqseq><tradeId>NC39006</tradeId><aaz400>511302</aaz400></Para01>]
[17-01-06 09:40:14]aaz400[511302]
[17-01-06 09:40:14]tradeId[NC39006]
[17-01-06 09:40:14]inputXml[<inputxml reqseq="22000106000000000070" reqdate="20170103"><rows><row><akb079>2132494</akb079><aae019sum>ikjf0013</aae019sum><aaz002>625334239</aaz002></row></rows><aae011>ikjf</aae011><aff002>C1010351007641</aff002><aaa027>511302</aaa027></inputxml>]
[17-01-06 09:40:15]加密inputXml[aLyInX3CHmKK41KoAz0UaahLgiDJW0y/GiP+Gxn+1U1+oMvSTDOaNcnpFK4ZbdqSkx7q77RRoHm+
pXdeLrUYX/fOyIehuIfHJKh0LWwV6EI/+OBvxSaEKkKpwnynjs11kahgt15qNdM+m2Xo9poPI9+z
OiDNwU9y1iXEstrx2/aeAEVAe6bRr+aggK1HoqTq4Gk/LSJy1ExjuJA8r/23zaCdy/spjHqJvtcL
HD2BEY8=]
[17-01-06 09:40:15]社保返回报文加密recvXml[Ux5Kc+/FjW9VsEWafP/U7BiTAv9OBncvV8ncC8mCxpPTLOJLBSBwF3r0eF12HTKcwxS8jgIc17Tv
rfGm9PzYIL/yXwucPykoYDTpvc/mzpDGtyu545vkCunoX7Fw1Uk4bymsPVGazXU3HUN5uCxtgtNQ
evyccMFZkWeQpvyOa/t1xWV7Tko0lW9mVIIesxd9e6OzN5cLdjSYeEXlDrH2R/KGB5XXp3UjqNWP
ONxlsBD3zH5eWv7hqCSZmwSLi4mc]
[17-01-06 09:40:15]社保返回报文解密[<result><code>100</code><message>处理出错：错误原因：39006，系统出错：ORA-01722: 无效数字,错误行数:ORA-06512: 在 "NCJB.PKG_P_BANKINTERFACE", line 3247
</message></result>]
[17-01-06 09:40:15]应答报文:[000250<ap><RetCode>0000</RetCode><RetMsg>交易成功</RetMsg><RetInfo01><result><code>100</code><message>处理出错：错误原因：39006，系统出错：ORA-01722: 无效数字,错误行数:ORA-06512: 在 "NCJB.PKG_P_BANKINTERFACE", line 3247
</message></result></RetInfo01></ap>]
[17-01-06 09:40:15]Disconnect from [10.52.4.134]
[17-01-06 09:52:16]线程池中新增新线程[10.52.4.134]当前可用线程数[999]......
[17-01-06 09:52:16]Connect with [10.52.4.134]......
[17-01-06 09:52:16]报文长度:[000453]
[17-01-06 09:52:16]报文内容:[<ap>
	<Para01>
		<inputxml>
			<rows>
				<row>
					<akb079>1</akb079>
					<aae019sum>150</aae019sum>
					<aaz002>2132494</aaz002>
				</row>
			</rows>
			<aae011>ikjf</aae011>
			<aff002>C1010351007641</aff002>
			<aaa027>511302</aaa027>
		</inputxml>
		<reqdate>20170103</reqdate>
		<reqseq>22000106000000000071</reqseq>
		<tradeId>NC39006</tradeId>
		<aaz400>511302</aaz400>
	</Para01>
	<FuncName>szCall</FuncName>
	<Project>NCDC</Project>
</ap>
]
[17-01-06 09:52:16]sProject=[NCDC]
[17-01-06 09:52:16]original key:[1111111133333333]
[17-01-06 09:52:16]new key:[iHO3ikVV8qq37H0N]
[17-01-06 09:52:16]XmlPara01[<Para01><inputxml><rows><row><akb079>1</akb079><aae019sum>150</aae019sum><aaz002>2132494</aaz002></row></rows><aae011>ikjf</aae011><aff002>C1010351007641</aff002><aaa027>511302</aaa027></inputxml><reqdate>20170103</reqdate><reqseq>22000106000000000071</reqseq><tradeId>NC39006</tradeId><aaz400>511302</aaz400></Para01>]
[17-01-06 09:52:16]aaz400[511302]
[17-01-06 09:52:16]tradeId[NC39006]
[17-01-06 09:52:16]inputXml[<inputxml reqseq="22000106000000000071" reqdate="20170103"><rows><row><akb079>1</akb079><aae019sum>150</aae019sum><aaz002>2132494</aaz002></row></rows><aae011>ikjf</aae011><aff002>C1010351007641</aff002><aaa027>511302</aaa027></inputxml>]
[17-01-06 09:52:16]加密inputXml[aLyInX3CHmKK41KoAz0UabFvJV/cxgPaR8BYS4XDVCfKiEMIjADLOVX6T+Zqm9RFd1pOaz50gSG3
vwfKmDLgtRifFV8n28Sg7HaCcIHwXANfDiEF5ymTz8gFoVWJhf/VRDNTlppWzPmEUbLSyD7fjpYH
IVfa57OVzL4R4xGeubngePvH+cQNltQEpu1oyZ5I+sckE21N0VIE9YfdrVBM/RYvxay5ZLb52rxr
4e4okrc=]
[17-01-06 09:52:18]社保返回报文加密recvXml[tbelt8BXPKyzP/KynIB0QAl0Ll5U2pN5hChsiz/Xg49ntoeyO0R52SIf8O59H4JBhRx88rIb9Gnc
umtqGut/2U9H/IWtdtg3cEhfjMzGII9SUkl3DeFP8FRf3Xlz95sCzrPXakgOR0CToGEKNrpahimv
6V5uNnktToCz+LsYJVlvkox7JzPRN39iy9zmoGcIjYtFmyD2PkTiiN2NG5sqOg==]
[17-01-06 09:52:18]社保返回报文解密[<?xml version="1.0" encoding="UTF-8"?>
<result><message></message><code>1</code><output><rows><row><aae013/><cljg>1</cljg><aaz002>2132494</aaz002></row></rows></output></result>]
[17-01-06 09:52:18]应答报文:[000219<ap><RetCode>0000</RetCode><RetMsg>交易成功</RetMsg><RetInfo01><result><message></message><code>1</code><output><rows><row><aae013 /><cljg>1</cljg><aaz002>2132494</aaz002></row></rows></output></result></RetInfo01></ap>]
[17-01-06 09:52:18]Disconnect from [10.52.4.134]
