[17-01-08 09:52:03]线程池中新增新线程[10.52.4.134]当前可用线程数[999]......
[17-01-08 09:52:03]Connect with [10.52.4.134]......
[17-01-08 09:52:03]报文长度:[000453]
[17-01-08 09:52:03]报文内容:[<ap>
	<Para01>
		<inputxml>
			<rows>
				<row>
					<akb079>1</akb079>
					<aae019sum>150</aae019sum>
					<aaz002>2132494</aaz002>
				</row>
			</rows>
			<aae011>ikjf</aae011>
			<aff002>C1010351007641</aff002>
			<aaa027>511302</aaa027>
		</inputxml>
		<reqdate>20170103</reqdate>
		<reqseq>22000108000000000038</reqseq>
		<tradeId>NC39006</tradeId>
		<aaz400>511302</aaz400>
	</Para01>
	<FuncName>szCall</FuncName>
	<Project>NCDC</Project>
</ap>
]
[17-01-08 09:52:03]sProject=[NCDC]
[17-01-08 09:52:03]original key:[1111111133333333]
[17-01-08 09:52:03]new key:[iHO3ikVV8qq37H0N]
[17-01-08 09:52:03]XmlPara01[<Para01><inputxml><rows><row><akb079>1</akb079><aae019sum>150</aae019sum><aaz002>2132494</aaz002></row></rows><aae011>ikjf</aae011><aff002>C1010351007641</aff002><aaa027>511302</aaa027></inputxml><reqdate>20170103</reqdate><reqseq>22000108000000000038</reqseq><tradeId>NC39006</tradeId><aaz400>511302</aaz400></Para01>]
[17-01-08 09:52:03]aaz400[511302]
[17-01-08 09:52:03]tradeId[NC39006]
[17-01-08 09:52:03]inputXml[<inputxml reqseq="22000108000000000038" reqdate="20170103"><rows><row><akb079>1</akb079><aae019sum>150</aae019sum><aaz002>2132494</aaz002></row></rows><aae011>ikjf</aae011><aff002>C1010351007641</aff002><aaa027>511302</aaa027></inputxml>]
[17-01-08 09:52:03]加密inputXml[SbFEomnokjJEx4DUgdGfDCViqMoQoPH3G1pltnbIWM6sDXlIGpb+xVnPg3YTcAM2dQwcq6Jm7PKi
SX2CmmFH79CIfUy2uGe33rccXe9OKUwL26MyhAAw0eXgDIf0nTwiTZe9QOTA9L3J7p/oTzDYNmhv
rR+K3fhk58k0QFQ4WViLrrw3V1djYU0WXvL7xNog9mmqfAnuZ8yoz220I+D6OU5usDckwJL/qNFE
n5OZbe4=]
[17-01-08 09:52:04]社保返回报文加密recvXml[GHkZhnR0TaTk8NIViun5Y2wBFvDMft67bpE5rEfV6jBK9iKXFwZUbt8hVe+eqFzbCZY7RwQROpHf
yxwJ6fjVekw/6UE9+V/87NhLZBGE2urbuMbwmR039cwyDwtbbsQH30fjuow4i0Y/ToURWVOqEzQS
ROl9SA2400/dTc7B+jhlJ5x4byG8wFTLQ+sDB6CgH4b1ElDAZqqYNxV7Y6SHgqxo7d3HdeYd5mlr
II/BIqG/O1LaG4QZl4y1/40oruXe/cGF1exA6QD+vy4zC76aKairmN6/UlLbZpbBRhw1bGuVf/oT
r4GmAWd96VpIl9OWzk1O8SaJYIE1iZSp1mN87g==]
[17-01-08 09:52:04]社保返回报文解密[<?xml version="1.0" encoding="UTF-8"?>
<result><message></message><code>1</code><output><rows><row><aae013>2132494|103|C1010351007641|150|1|日志为2132494的缴费信息已经对账，不能重复对账</aae013><cljg>6</cljg><aaz002>2132494</aaz002></row></rows></output></result>]
[17-01-08 09:52:04]应答报文:[000304<ap><RetCode>0000</RetCode><RetMsg>交易成功</RetMsg><RetInfo01><result><message></message><code>1</code><output><rows><row><aae013>2132494|103|C1010351007641|150|1|日志为2132494的缴费信息已经对账，不能重复对账</aae013><cljg>6</cljg><aaz002>2132494</aaz002></row></rows></output></result></RetInfo01></ap>]
[17-01-08 09:52:04]Disconnect from [10.52.4.134]
[17-01-08 14:54:44]线程池中新增新线程[10.52.4.134]当前可用线程数[999]......
[17-01-08 14:54:44]Connect with [10.52.4.134]......
[17-01-08 14:54:44]报文长度:[000547]
[17-01-08 14:54:44]报文内容:[<ap>
	<Para01>
		<inputxml>
			<rows>
				<row>
					<aae100>0</aae100>
					<aae001>2017</aae001>
					<aae140>390</aae140>
					<aac002>372501198108246025</aac002>
					<aac003>李秀兰</aac003>
				</row>
			</rows>
			<aab004>四川省南充市</aab004>
			<aae011>ikjf</aae011>
			<aff002>C1010351007641</aff002>
			<aaa027>511302</aaa027>
		</inputxml>
		<reqdate>20170108</reqdate>
		<reqseq>22000108000000000072</reqseq>
		<tradeId>NC39002</tradeId>
		<aaz400>511302</aaz400>
	</Para01>
	<FuncName>szCall</FuncName>
	<Project>NCDC</Project>
</ap>
]
[17-01-08 14:54:44]sProject=[NCDC]
[17-01-08 14:54:44]original key:[1111111133333333]
[17-01-08 14:54:44]new key:[iHO3ikVV8qq37H0N]
[17-01-08 14:54:44]XmlPara01[<Para01><inputxml><rows><row><aae100>0</aae100><aae001>2017</aae001><aae140>390</aae140><aac002>372501198108246025</aac002><aac003>李秀兰</aac003></row></rows><aab004>四川省南充市</aab004><aae011>ikjf</aae011><aff002>C1010351007641</aff002><aaa027>511302</aaa027></inputxml><reqdate>20170108</reqdate><reqseq>22000108000000000072</reqseq><tradeId>NC39002</tradeId><aaz400>511302</aaz400></Para01>]
[17-01-08 14:54:44]aaz400[511302]
[17-01-08 14:54:44]tradeId[NC39002]
[17-01-08 14:54:44]inputXml[<inputxml reqseq="22000108000000000072" reqdate="20170108"><rows><row><aae100>0</aae100><aae001>2017</aae001><aae140>390</aae140><aac002>372501198108246025</aac002><aac003>李秀兰</aac003></row></rows><aab004>四川省南充市</aab004><aae011>ikjf</aae011><aff002>C1010351007641</aff002><aaa027>511302</aaa027></inputxml>]
[17-01-08 14:54:44]加密inputXml[V2To0kSTCz1n4W/pL6MQbA6trAwoUYgiPwO5iPqCgbolmF4VnN27liMR9PeagRuf/WgCYCLkQIkG
EFwkvHjaPkTE8ExpMMSBgKWxnoFoKaHi+wPw2hfuDv/U67tT6em7jWzqMvzFDSWlccRZFON5whrl
UZ5rVPZGPCKeFP4XcYP3CHFUkEZQnvXmNUuRXyET1jiaColBbhhnOsLsQvB4JlfJg3a+sb32A+aO
04lVVjWdPl/1QDRXMV0IT4mn4c5/jwsEQVQAeDGuhbbnBn4Xif2oYRK/wycIWY22T2QTNdXywPnX
Zy2zB5vByvaC2dJo]
[17-01-08 14:54:44]社保返回报文加密recvXml[K0rsoakb8GIiabIZ9hGM6XoIR8QXrNkEmBueA1RAzZv8zzUcsxNuckDak6GyLCXiFWaoprX185Bi
u5CllFfA+mYb92WJa7FcS87nYiNgrxQGLEKBOkwfDMwmOTKVkskWoRGj4lRjdiFaGZBUvKzca0dV
WS8LIQSEjtQGo/B4BBqgGW8mMAiMXHZoaDuKtDOwYq0V7L7+1JkAE/jRLpbncd2kigNVcGvOphGD
DZEzvvD9AZzDv/7ZMeCow407Hf0I08fChBEaHO/TfgORk481gepAhnxT/KeoJo02YX/EMDpIrlLz
Uy0A3Rwd1l1jacpFOVH2ovxV1/+mlu5q61HLa9F6qH9jNnno1yqkqAQdALs=]
[17-01-08 14:54:44]社保返回报文解密[<?xml version="1.0" encoding="UTF-8"?>
<result><message></message><code>1</code><output><aae019sum>150</aae019sum><aaz002>2132627</aaz002><akb079>1</akb079><rows><row><aae013/><aac003>李秀兰</aac003><aae001>2017</aae001><cljg>1</cljg><aaa027>511302</aaa027><aae100>0</aae100><aae019>150</aae019><aae140>390</aae140><aac002>372501198108246025</aac002></row></rows></output></result>]
[17-01-08 14:54:44]应答报文:[000423<ap><RetCode>0000</RetCode><RetMsg>交易成功</RetMsg><RetInfo01><result><message></message><code>1</code><output><aae019sum>150</aae019sum><aaz002>2132627</aaz002><akb079>1</akb079><rows><row><aae013 /><aac003>李秀兰</aac003><aae001>2017</aae001><cljg>1</cljg><aaa027>511302</aaa027><aae100>0</aae100><aae019>150</aae019><aae140>390</aae140><aac002>372501198108246025</aac002></row></rows></output></result></RetInfo01></ap>]
[17-01-08 14:54:44]Disconnect from [10.52.4.134]
[17-01-08 14:57:04]线程池中新增新线程[10.52.4.134]当前可用线程数[999]......
[17-01-08 14:57:04]Connect with [10.52.4.134]......
[17-01-08 14:57:04]报文长度:[000405]
[17-01-08 14:57:04]报文内容:[<ap>
	<Para01>
		<inputxml>
			<akb079>1</akb079>
			<aae019sum>150</aae019sum>
			<aaz002>2132627</aaz002>
			<aae011>ikjf</aae011>
			<aff002>C1010351007641</aff002>
			<aaa027>511302</aaa027>
		</inputxml>
		<reqdate>20170108</reqdate>
		<reqseq>22000108000000000073</reqseq>
		<tradeId>NC39004</tradeId>
		<aaz400>511302</aaz400>
	</Para01>
	<FuncName>szCall</FuncName>
	<Project>NCDC</Project>
</ap>
]
[17-01-08 14:57:04]sProject=[NCDC]
[17-01-08 14:57:04]original key:[1111111133333333]
[17-01-08 14:57:04]new key:[iHO3ikVV8qq37H0N]
[17-01-08 14:57:04]XmlPara01[<Para01><inputxml><akb079>1</akb079><aae019sum>150</aae019sum><aaz002>2132627</aaz002><aae011>ikjf</aae011><aff002>C1010351007641</aff002><aaa027>511302</aaa027></inputxml><reqdate>20170108</reqdate><reqseq>22000108000000000073</reqseq><tradeId>NC39004</tradeId><aaz400>511302</aaz400></Para01>]
[17-01-08 14:57:04]aaz400[511302]
[17-01-08 14:57:04]tradeId[NC39004]
[17-01-08 14:57:04]inputXml[<inputxml reqseq="22000108000000000073" reqdate="20170108"><akb079>1</akb079><aae019sum>150</aae019sum><aaz002>2132627</aaz002><aae011>ikjf</aae011><aff002>C1010351007641</aff002><aaa027>511302</aaa027></inputxml>]
[17-01-08 14:57:04]加密inputXml[iwoi57PIpIOaKl+oQDoCaF7bzyNrTqrtmEVZyhfAkIO6l+Y3wX0Y3C35gXe5s6VwtRF3cctt/Lb7
S3cqmKJFOcTbh7jlUiLg6eOOJmBqHF2yridX9124XQBjIoQeEokLZII0/J6/m2jV2LLpHsNjSRnE
wJ701IjZeqOhXvYVSG7LvI0Td6do81QesO4GZtQzoJAgfE383XMFwBy9GKcm3w==]
[17-01-08 14:57:04]社保返回报文加密recvXml[FFMdZ8AS0FT3cMCk1xPnu1EVqfZ7xdxTZ/1cJ0ssl8eVmStFJEpSUcud59kJmLMnJ5sWA82oxXgU
EvpSLsQnhnJfuXzrrJb5RHu1CTeZdzmiWtEgaxB6NlT1c1t5vukyevUDUjpFMrZufzvx/G9e4X1I
7j4Ly2pxrgBAQ/fLyTSGCa3Boh/Y00A16kUv1ccK]
[17-01-08 14:57:04]社保返回报文解密[<?xml version="1.0" encoding="UTF-8"?>
<result><message></message><code>1</code><output><aae013/><cljg>1</cljg><aaz002>2132627</aaz002></output></result>]
[17-01-08 14:57:04]应答报文:[000195<ap><RetCode>0000</RetCode><RetMsg>交易成功</RetMsg><RetInfo01><result><message></message><code>1</code><output><aae013 /><cljg>1</cljg><aaz002>2132627</aaz002></output></result></RetInfo01></ap>]
[17-01-08 14:57:04]Disconnect from [10.52.4.134]
[17-01-08 15:01:28]线程池中新增新线程[10.52.4.134]当前可用线程数[999]......
[17-01-08 15:01:28]Connect with [10.52.4.134]......
[17-01-08 15:01:28]报文长度:[000537]
[17-01-08 15:01:28]报文内容:[<ap>
	<Para01>
		<inputxml>
			<rows>
				<row>
					<aae100>0</aae100>
					<aae001>2017</aae001>
					<aae140>390</aae140>
					<aac002>372525197904021667</aac002>
					<aac003>司霞</aac003>
				</row>
			</rows>
			<aab004>四川</aab004>
			<aae011>ikjf</aae011>
			<aff002>C1010351007641</aff002>
			<aaa027>511302</aaa027>
		</inputxml>
		<reqdate>20170108</reqdate>
		<reqseq>22000108000000000074</reqseq>
		<tradeId>NC39002</tradeId>
		<aaz400>511302</aaz400>
	</Para01>
	<FuncName>szCall</FuncName>
	<Project>NCDC</Project>
</ap>
]
[17-01-08 15:01:28]sProject=[NCDC]
[17-01-08 15:01:28]original key:[1111111133333333]
[17-01-08 15:01:28]new key:[iHO3ikVV8qq37H0N]
[17-01-08 15:01:28]XmlPara01[<Para01><inputxml><rows><row><aae100>0</aae100><aae001>2017</aae001><aae140>390</aae140><aac002>372525197904021667</aac002><aac003>司霞</aac003></row></rows><aab004>四川</aab004><aae011>ikjf</aae011><aff002>C1010351007641</aff002><aaa027>511302</aaa027></inputxml><reqdate>20170108</reqdate><reqseq>22000108000000000074</reqseq><tradeId>NC39002</tradeId><aaz400>511302</aaz400></Para01>]
[17-01-08 15:01:28]aaz400[511302]
[17-01-08 15:01:28]tradeId[NC39002]
[17-01-08 15:01:28]inputXml[<inputxml reqseq="22000108000000000074" reqdate="20170108"><rows><row><aae100>0</aae100><aae001>2017</aae001><aae140>390</aae140><aac002>372525197904021667</aac002><aac003>司霞</aac003></row></rows><aab004>四川</aab004><aae011>ikjf</aae011><aff002>C1010351007641</aff002><aaa027>511302</aaa027></inputxml>]
[17-01-08 15:01:28]加密inputXml[FpraiDNc5L3AMAksR0MLaY3mukFlQcmuc0EjRwhRiSQet4JffI0vIWqma0tlpKD6j8AboVksrSqr
hXeWx2G4WkO7dqlVSHOqiUPgIVYeop2gyeCeJUTiKM+KyHp6BsfmbbeD/2c4cAUtaWTZhKxT9WRV
iGJHOZogJdPHNM/yxp/DnYhVatlWQX/WlSPE8TwoonEJ2FqKcvZc3vRrYA/b2Pn7BGkLxcvHt5WG
eYqD++fs+D6tOvuy0r5OgFrqiidAfVk+AeXFvTH041i2TPG3P85NTvEmiWCBNYmUqdZjfO4=]
[17-01-08 15:01:28]社保返回报文加密recvXml[jZcL/ywZdre+q+OPtYs6q7kRWlBTWtb2dxPjSA7npMHY1GK2bQTlxMdhPwfBOZvQAlnVMBrfT4Nr
zsO9DPlCed8zVkGZx4ZUfUBYR8BOWf1FElzZk7xwJgB5PH7nLLT95AJ0K4GWhJ6vV+BuxTH3wjLI
gqnwwRwuUWdQzznh7FwGk8sCaUBBxMZB0SSTCEFzHIMtNLGVj7sCXPpQxuhb/3MTNL2TsFvK1keR
wBgJCkJlLiThcjCdZFlMG0cZ5PWdQqcNAWCcKFz+RPu9si3YFYdsbDIGlkIAF3Xbr++qYdjav1do
JfVTTt+mHIvd7lMbH4wH7M4llmPETKYG/tRxxA==]
[17-01-08 15:01:28]社保返回报文解密[<?xml version="1.0" encoding="UTF-8"?>
<result><message></message><code>1</code><output><aae019sum>150</aae019sum><aaz002>2132628</aaz002><akb079>1</akb079><rows><row><aae013/><aac003>司霞</aac003><aae001>2017</aae001><cljg>1</cljg><aaa027>511302</aaa027><aae100>0</aae100><aae019>150</aae019><aae140>390</aae140><aac002>372525197904021667</aac002></row></rows></output></result>]
[17-01-08 15:01:28]应答报文:[000421<ap><RetCode>0000</RetCode><RetMsg>交易成功</RetMsg><RetInfo01><result><message></message><code>1</code><output><aae019sum>150</aae019sum><aaz002>2132628</aaz002><akb079>1</akb079><rows><row><aae013 /><aac003>司霞</aac003><aae001>2017</aae001><cljg>1</cljg><aaa027>511302</aaa027><aae100>0</aae100><aae019>150</aae019><aae140>390</aae140><aac002>372525197904021667</aac002></row></rows></output></result></RetInfo01></ap>]
[17-01-08 15:01:28]Disconnect from [10.52.4.134]
[17-01-08 15:03:53]线程池中新增新线程[10.52.4.134]当前可用线程数[999]......
[17-01-08 15:03:53]Connect with [10.52.4.134]......
[17-01-08 15:03:53]报文长度:[000405]
[17-01-08 15:03:53]报文内容:[<ap>
	<Para01>
		<inputxml>
			<akb079>1</akb079>
			<aae019sum>150</aae019sum>
			<aaz002>2132628</aaz002>
			<aae011>ikjf</aae011>
			<aff002>C1010351007641</aff002>
			<aaa027>511302</aaa027>
		</inputxml>
		<reqdate>20170108</reqdate>
		<reqseq>22000108000000000075</reqseq>
		<tradeId>NC39004</tradeId>
		<aaz400>511302</aaz400>
	</Para01>
	<FuncName>szCall</FuncName>
	<Project>NCDC</Project>
</ap>
]
[17-01-08 15:03:53]sProject=[NCDC]
[17-01-08 15:03:53]original key:[1111111133333333]
[17-01-08 15:03:53]new key:[iHO3ikVV8qq37H0N]
[17-01-08 15:03:53]XmlPara01[<Para01><inputxml><akb079>1</akb079><aae019sum>150</aae019sum><aaz002>2132628</aaz002><aae011>ikjf</aae011><aff002>C1010351007641</aff002><aaa027>511302</aaa027></inputxml><reqdate>20170108</reqdate><reqseq>22000108000000000075</reqseq><tradeId>NC39004</tradeId><aaz400>511302</aaz400></Para01>]
[17-01-08 15:03:53]aaz400[511302]
[17-01-08 15:03:53]tradeId[NC39004]
[17-01-08 15:03:53]inputXml[<inputxml reqseq="22000108000000000075" reqdate="20170108"><akb079>1</akb079><aae019sum>150</aae019sum><aaz002>2132628</aaz002><aae011>ikjf</aae011><aff002>C1010351007641</aff002><aaa027>511302</aaa027></inputxml>]
[17-01-08 15:03:53]加密inputXml[iwoi57PIpIOaKl+oQDoCaJ86bhLd6iXW1SzOfXLv62dwOoc/lQ8Bz8Sh96wndYsEpsTLjZD5a+bk
VDcS90MkYlCIeyO3/eaxKTShM8avF8cMpuSfBT6cBtnDgJzkJ76h4Wr0XgjR8JzH4V8UbZVSRK2B
ERcgoraqdO1NB0AO703EFhUH3NjbdEW/Obg1WLYkc2XUg1A6JT9/1rr5FCfRrg==]
[17-01-08 15:03:53]社保返回报文加密recvXml[YrHfPdELLEdIv0xikjwgPRzvy5tIyS3pf0VuaeCiN2GHqaXo8J4shIqbxg5hR+4Uf3v4Kt7Zqe9P
hmgjT09I2o+E3Izk1lWqj+Gl9UqkL/WIkVxwTwM33N6Gxf+tIvA0Wav4qe2qdcnd2SQ75KZGhNYx
3NR1FBRA7vzVDxboctKk0J4Zz7s4XddaFm6FSx3M]
[17-01-08 15:03:53]社保返回报文解密[<?xml version="1.0" encoding="UTF-8"?>
<result><message></message><code>1</code><output><aae013/><cljg>1</cljg><aaz002>2132628</aaz002></output></result>]
[17-01-08 15:03:53]应答报文:[000195<ap><RetCode>0000</RetCode><RetMsg>交易成功</RetMsg><RetInfo01><result><message></message><code>1</code><output><aae013 /><cljg>1</cljg><aaz002>2132628</aaz002></output></result></RetInfo01></ap>]
[17-01-08 15:03:53]Disconnect from [10.52.4.134]
[17-01-08 15:20:06]线程池中新增新线程[10.52.4.134]当前可用线程数[999]......
[17-01-08 15:20:06]Connect with [10.52.4.134]......
[17-01-08 15:20:06]报文长度:[000453]
[17-01-08 15:20:06]报文内容:[<ap>
	<Para01>
		<inputxml>
			<rows>
				<row>
					<akb079>1</akb079>
					<aae019sum>150</aae019sum>
					<aaz002>2132494</aaz002>
				</row>
			</rows>
			<aae011>ikjf</aae011>
			<aff002>C1010351007641</aff002>
			<aaa027>511302</aaa027>
		</inputxml>
		<reqdate>20170106</reqdate>
		<reqseq>22000108000000000076</reqseq>
		<tradeId>NC39006</tradeId>
		<aaz400>511302</aaz400>
	</Para01>
	<FuncName>szCall</FuncName>
	<Project>NCDC</Project>
</ap>
]
[17-01-08 15:20:06]sProject=[NCDC]
[17-01-08 15:20:06]original key:[1111111133333333]
[17-01-08 15:20:06]new key:[iHO3ikVV8qq37H0N]
[17-01-08 15:20:06]XmlPara01[<Para01><inputxml><rows><row><akb079>1</akb079><aae019sum>150</aae019sum><aaz002>2132494</aaz002></row></rows><aae011>ikjf</aae011><aff002>C1010351007641</aff002><aaa027>511302</aaa027></inputxml><reqdate>20170106</reqdate><reqseq>22000108000000000076</reqseq><tradeId>NC39006</tradeId><aaz400>511302</aaz400></Para01>]
[17-01-08 15:20:06]aaz400[511302]
[17-01-08 15:20:06]tradeId[NC39006]
[17-01-08 15:20:06]inputXml[<inputxml reqseq="22000108000000000076" reqdate="20170106"><rows><row><akb079>1</akb079><aae019sum>150</aae019sum><aaz002>2132494</aaz002></row></rows><aae011>ikjf</aae011><aff002>C1010351007641</aff002><aaa027>511302</aaa027></inputxml>]
[17-01-08 15:20:07]err=[无法连接到远程服务器]
[17-01-08 15:20:07]应答报文:[000087<ap><RetCode>0998</RetCode><RetMsg>web服务调用错误</RetMsg><RetInfo01></RetInfo01></ap>]
[17-01-08 15:20:07]Disconnect from [10.52.4.134]
[17-01-08 15:30:08]线程池中新增新线程[10.52.4.134]当前可用线程数[999]......
[17-01-08 15:30:08]Connect with [10.52.4.134]......
[17-01-08 15:30:08]报文长度:[000453]
[17-01-08 15:30:08]报文内容:[<ap>
	<Para01>
		<inputxml>
			<rows>
				<row>
					<akb079>1</akb079>
					<aae019sum>150</aae019sum>
					<aaz002>2132627</aaz002>
				</row>
			</rows>
			<aae011>ikjf</aae011>
			<aff002>C1010351007641</aff002>
			<aaa027>511302</aaa027>
		</inputxml>
		<reqdate>20170106</reqdate>
		<reqseq>22000108000000000088</reqseq>
		<tradeId>NC39006</tradeId>
		<aaz400>511302</aaz400>
	</Para01>
	<FuncName>szCall</FuncName>
	<Project>NCDC</Project>
</ap>
]
[17-01-08 15:30:08]sProject=[NCDC]
[17-01-08 15:30:08]original key:[1111111133333333]
[17-01-08 15:30:08]new key:[iHO3ikVV8qq37H0N]
[17-01-08 15:30:08]XmlPara01[<Para01><inputxml><rows><row><akb079>1</akb079><aae019sum>150</aae019sum><aaz002>2132627</aaz002></row></rows><aae011>ikjf</aae011><aff002>C1010351007641</aff002><aaa027>511302</aaa027></inputxml><reqdate>20170106</reqdate><reqseq>22000108000000000088</reqseq><tradeId>NC39006</tradeId><aaz400>511302</aaz400></Para01>]
[17-01-08 15:30:08]aaz400[511302]
[17-01-08 15:30:08]tradeId[NC39006]
[17-01-08 15:30:08]inputXml[<inputxml reqseq="22000108000000000088" reqdate="20170106"><rows><row><akb079>1</akb079><aae019sum>150</aae019sum><aaz002>2132627</aaz002></row></rows><aae011>ikjf</aae011><aff002>C1010351007641</aff002><aaa027>511302</aaa027></inputxml>]
[17-01-08 15:30:09]err=[无法连接到远程服务器]
[17-01-08 15:30:09]应答报文:[000087<ap><RetCode>0998</RetCode><RetMsg>web服务调用错误</RetMsg><RetInfo01></RetInfo01></ap>]
[17-01-08 15:30:09]Disconnect from [10.52.4.134]
[17-01-08 16:49:23]线程池中新增新线程[10.52.4.134]当前可用线程数[999]......
[17-01-08 16:49:23]Connect with [10.52.4.134]......
[17-01-08 16:49:23]报文长度:[000463]
[17-01-08 16:49:23]报文内容:[<ap>
	<Para01>
		<inputxml>
			<aae011>ikjf</aae011>
			<aff002>C1010351007641</aff002>
			<aaa027>511302</aaa027>
		</inputxml>
		<reqdate>20170106</reqdate>
		<reqseq>22000108000000000111</reqseq>
		<tradeId>NC39006</tradeId>
		<aaz400>511302</aaz400>
	</Para01>
	<FuncName>szCall</FuncName>
	<Project>NCDC</Project>
	<fc>
		<aaz002>2132627</aaz002>
		<aae019sum>150</aae019sum>
	</fc>
	<fc>
		<aaz002>2132628</aaz002>
		<aae019sum>150</aae019sum>
	</fc>
</ap>
]
[17-01-08 16:49:23]sProject=[NCDC]
[17-01-08 16:49:23]original key:[1111111133333333]
[17-01-08 16:49:23]new key:[iHO3ikVV8qq37H0N]
[17-01-08 16:49:23]XmlPara01[<Para01><inputxml><aae011>ikjf</aae011><aff002>C1010351007641</aff002><aaa027>511302</aaa027></inputxml><reqdate>20170106</reqdate><reqseq>22000108000000000111</reqseq><tradeId>NC39006</tradeId><aaz400>511302</aaz400></Para01>]
[17-01-08 16:49:23]aaz400[511302]
[17-01-08 16:49:23]tradeId[NC39006]
[17-01-08 16:49:23]inputXml[<inputxml reqseq="22000108000000000111" reqdate="20170106"><aae011>ikjf</aae011><aff002>C1010351007641</aff002><aaa027>511302</aaa027></inputxml>]
[17-01-08 16:49:25]err=[无法连接到远程服务器]
[17-01-08 16:49:25]应答报文:[000087<ap><RetCode>0998</RetCode><RetMsg>web服务调用错误</RetMsg><RetInfo01></RetInfo01></ap>]
[17-01-08 16:49:25]Disconnect from [10.52.4.134]
[17-01-08 17:12:28]线程池中新增新线程[10.52.4.134]当前可用线程数[999]......
[17-01-08 17:12:28]Connect with [10.52.4.134]......
[17-01-08 17:12:28]报文长度:[000523]
[17-01-08 17:12:28]报文内容:[<ap>
	<Para01>
		<inputxml>
			<aae011>ikjf</aae011>
			<aff002>C1010351007641</aff002>
			<aaa027>511302</aaa027>
		</inputxml>
		<reqdate>20170106</reqdate>
		<reqseq>22000108000000000115</reqseq>
		<tradeId>NC39006</tradeId>
		<aaz400>511302</aaz400>
	</Para01>
	<FuncName>szCall</FuncName>
	<Project>NCDC</Project>
	<Para01>/<inputxml>
		<aaz002>2132627</aaz002>
		<aae019sum>150</aae019sum>
	</Para01>/<inputxml>
	<Para01>/<inputxml>
		<aaz002>2132628</aaz002>
		<aae019sum>150</aae019sum>
	</Para01>/<inputxml>
</ap>
]
[17-01-08 17:12:28]Exception:[行 15 上的开始标记“inputxml”与结束标记“Para01”不匹配。 行 18，位置 4。]
[17-01-08 17:12:28]应答报文:[000065<ap><RetCode>9980</RetCode><RetMsg>请求报文格式错误</RetMsg></ap>]
[17-01-08 17:12:28]Disconnect from [10.52.4.134]
[17-01-08 17:19:29]线程池中新增新线程[10.52.4.134]当前可用线程数[999]......
[17-01-08 17:19:29]Connect with [10.52.4.134]......
[17-01-08 17:19:29]报文长度:[000575]
[17-01-08 17:19:29]报文内容:[<ap>
	<Para01>
		<inputxml>
			<aae011>ikjf</aae011>
			<aff002>C1010351007641</aff002>
			<aaa027>511302</aaa027>
		</inputxml>
		<reqdate>20170106</reqdate>
		<reqseq>22000108000000000117</reqseq>
		<tradeId>NC39006</tradeId>
		<aaz400>511302</aaz400>
	</Para01>
	<FuncName>szCall</FuncName>
	<Project>NCDC</Project>
	<Para01>/<inputxml>/<rows>/<row>
		<aaz002>2132627</aaz002>
		<aae019sum>150</aae019sum>
	</Para01>/<inputxml>/<rows>/<row>
	<Para01>/<inputxml>/<rows>/<row>
		<aaz002>2132628</aaz002>
		<aae019sum>150</aae019sum>
	</Para01>/<inputxml>/<rows>/<row>
</ap>
]
[17-01-08 17:19:29]Exception:[行 15 上的开始标记“row”与结束标记“Para01”不匹配。 行 18，位置 4。]
[17-01-08 17:19:29]应答报文:[000065<ap><RetCode>9980</RetCode><RetMsg>请求报文格式错误</RetMsg></ap>]
[17-01-08 17:19:29]Disconnect from [10.52.4.134]
[17-01-08 17:50:05]线程池中新增新线程[10.52.4.134]当前可用线程数[999]......
[17-01-08 17:50:05]Connect with [10.52.4.134]......
[17-01-08 17:50:05]报文长度:[000499]
[17-01-08 17:50:05]报文内容:[<ap>
	<Para01>
		<inputxml>
			<aae011>ikjf</aae011>
			<aff002>C1010351007641</aff002>
			<aaa027>511302</aaa027>
		</inputxml>
		<reqdate>20170106</reqdate>
		<reqseq>22000108000000000120</reqseq>
		<tradeId>NC39006</tradeId>
		<aaz400>511302</aaz400>
	</Para01>
	<FuncName>szCall</FuncName>
	<Project>NCDC</Project>
	<ap>/<Para01>
		<aaz002>2132627</aaz002>
		<aae019sum>150</aae019sum>
	</ap>/<Para01>
	<ap>/<Para01>
		<aaz002>2132628</aaz002>
		<aae019sum>150</aae019sum>
	</ap>/<Para01>
</ap>
]
[17-01-08 17:50:05]Exception:[行 15 上的开始标记“Para01”与结束标记“ap”不匹配。 行 18，位置 4。]
[17-01-08 17:50:05]应答报文:[000065<ap><RetCode>9980</RetCode><RetMsg>请求报文格式错误</RetMsg></ap>]
[17-01-08 17:50:05]Disconnect from [10.52.4.134]
[17-01-08 18:22:12]线程池中新增新线程[10.52.4.134]当前可用线程数[999]......
[17-01-08 18:22:12]Connect with [10.52.4.134]......
[17-01-08 18:22:12]报文长度:[000479]
[17-01-08 18:22:12]报文内容:[<ap>
	<Para01>
		<inputxml>
			<aae011>ikjf</aae011>
			<aff002>C1010351007641</aff002>
			<aaa027>511302</aaa027>
		</inputxml>
		<reqdate>20170106</reqdate>
		<reqseq>22000108000000000121</reqseq>
		<tradeId>NC39006</tradeId>
		<aaz400>511302</aaz400>
	</Para01>
	<FuncName>szCall</FuncName>
	<Project>NCDC</Project>
	<Para01>
		<aaz002>2132627</aaz002>
		<aae019sum>150</aae019sum>
	</Para01>
	<Para01>
		<aaz002>2132628</aaz002>
		<aae019sum>150</aae019sum>
	</Para01>
</ap>
]
[17-01-08 18:22:12]sProject=[NCDC]
[17-01-08 18:22:12]original key:[1111111133333333]
[17-01-08 18:22:12]new key:[iHO3ikVV8qq37H0N]
[17-01-08 18:22:12]XmlPara01[<Para01><inputxml><aae011>ikjf</aae011><aff002>C1010351007641</aff002><aaa027>511302</aaa027></inputxml><reqdate>20170106</reqdate><reqseq>22000108000000000121</reqseq><tradeId>NC39006</tradeId><aaz400>511302</aaz400></Para01>]
[17-01-08 18:22:12]aaz400[511302]
[17-01-08 18:22:12]tradeId[NC39006]
[17-01-08 18:22:12]inputXml[<inputxml reqseq="22000108000000000121" reqdate="20170106"><aae011>ikjf</aae011><aff002>C1010351007641</aff002><aaa027>511302</aaa027></inputxml>]
[17-01-08 18:22:13]err=[无法连接到远程服务器]
[17-01-08 18:22:13]应答报文:[000087<ap><RetCode>0998</RetCode><RetMsg>web服务调用错误</RetMsg><RetInfo01></RetInfo01></ap>]
[17-01-08 18:22:13]Disconnect from [10.52.4.134]
[17-01-08 19:53:58]WriteLog start...
[17-01-08 19:53:58]System(3.0.1) init is completed......
[17-01-08 19:53:59]Begin to listen[8901][20]......
[17-01-08 19:53:59]线程池最大线程[1000]最小线程[5]
[17-01-08 19:57:01]线程池中新增新线程[10.52.4.134]当前可用线程数[999]......
[17-01-08 19:57:01]Connect with [10.52.4.134]......
[17-01-08 19:57:01]报文长度:[000463]
[17-01-08 19:57:01]报文内容:[<ap>
	<Para01>
		<inputxml>
			<aae011>ikjf</aae011>
			<aff002>C1010351007641</aff002>
			<aaa027>511302</aaa027>
		</inputxml>
		<reqdate>20170106</reqdate>
		<reqseq>22000108000000000244</reqseq>
		<tradeId>NC39006</tradeId>
		<aaz400>511302</aaz400>
	</Para01>
	<FuncName>szCall</FuncName>
	<Project>NCDC</Project>
	<fc>
		<aaz002>2132627</aaz002>
		<aae019sum>150</aae019sum>
	</fc>
	<fc>
		<aaz002>2132628</aaz002>
		<aae019sum>150</aae019sum>
	</fc>
</ap>
]
[17-01-08 19:57:01]sProject=[NCDC]
[17-01-08 19:57:01]original key:[1111111133333333]
[17-01-08 19:57:01]new key:[iHO3ikVV8qq37H0N]
[17-01-08 19:57:03]XmlPara01[<Para01><inputxml><aae011>ikjf</aae011><aff002>C1010351007641</aff002><aaa027>511302</aaa027></inputxml><reqdate>20170106</reqdate><reqseq>22000108000000000244</reqseq><tradeId>NC39006</tradeId><aaz400>511302</aaz400></Para01>]
[17-01-08 19:57:03]aaz400[511302]
[17-01-08 19:57:03]tradeId[NC39006]
[17-01-08 19:57:03]inputXml[<inputxml reqseq="22000108000000000244" reqdate="20170106"><aae011>ikjf</aae011><aff002>C1010351007641</aff002><aaa027>511302</aaa027></inputxml>]
[17-01-08 19:57:03]inputXml[<inputxml reqseq="22000108000000000244" reqdate="20170106"><aae011>ikjf</aae011><aff002>C1010351007641</aff002><aaa027>511302</aaa027><rows /></inputxml>]
[17-01-08 19:57:05]err=[无法连接到远程服务器]
[17-01-08 19:57:05]应答报文:[000087<ap><RetCode>0998</RetCode><RetMsg>web服务调用错误</RetMsg><RetInfo01></RetInfo01></ap>]
[17-01-08 19:57:05]Disconnect from [10.52.4.134]
[17-01-08 20:01:29]WriteLog start...
[17-01-08 20:01:29]System(3.0.1) init is completed......
[17-01-08 20:01:30]Begin to listen[8901][20]......
[17-01-08 20:01:30]线程池最大线程[1000]最小线程[5]
[17-01-08 20:03:02]线程池中新增新线程[10.52.4.134]当前可用线程数[999]......
[17-01-08 20:03:02]Connect with [10.52.4.134]......
[17-01-08 20:03:02]报文长度:[000463]
[17-01-08 20:03:02]报文内容:[<ap>
	<Para01>
		<inputxml>
			<aae011>ikjf</aae011>
			<aff002>C1010351007641</aff002>
			<aaa027>511302</aaa027>
		</inputxml>
		<reqdate>20170106</reqdate>
		<reqseq>22000108000000000263</reqseq>
		<tradeId>NC39006</tradeId>
		<aaz400>511302</aaz400>
	</Para01>
	<FuncName>szCall</FuncName>
	<Project>NCDC</Project>
	<fc>
		<aaz002>2132627</aaz002>
		<aae019sum>150</aae019sum>
	</fc>
	<fc>
		<aaz002>2132628</aaz002>
		<aae019sum>150</aae019sum>
	</fc>
</ap>
]
[17-01-08 20:03:02]sProject=[NCDC]
[17-01-08 20:03:02]original key:[1111111133333333]
[17-01-08 20:03:02]new key:[iHO3ikVV8qq37H0N]
[17-01-08 20:03:03]XmlPara01[<Para01><inputxml><aae011>ikjf</aae011><aff002>C1010351007641</aff002><aaa027>511302</aaa027></inputxml><reqdate>20170106</reqdate><reqseq>22000108000000000263</reqseq><tradeId>NC39006</tradeId><aaz400>511302</aaz400></Para01>]
[17-01-08 20:03:03]aaz400[511302]
[17-01-08 20:03:03]tradeId[NC39006]
[17-01-08 20:03:03]inputXml[<inputxml reqseq="22000108000000000263" reqdate="20170106"><aae011>ikjf</aae011><aff002>C1010351007641</aff002><aaa027>511302</aaa027></inputxml>]
[17-01-08 20:23:52]WriteLog start...
[17-01-08 20:23:52]System(3.0.1) init is completed......
[17-01-08 20:23:53]Begin to listen[8901][20]......
[17-01-08 20:23:54]线程池最大线程[1000]最小线程[5]
[17-01-08 20:24:38]WriteLog start...
[17-01-08 20:24:38]System(3.0.1) init is completed......
[17-01-08 20:24:39]Begin to listen[8901][20]......
[17-01-08 20:24:39]线程池最大线程[1000]最小线程[5]
[17-01-08 20:27:06]线程池中新增新线程[10.52.4.134]当前可用线程数[999]......
[17-01-08 20:27:06]Connect with [10.52.4.134]......
[17-01-08 20:27:06]报文长度:[000463]
[17-01-08 20:27:06]报文内容:[<ap>
	<Para01>
		<inputxml>
			<aae011>ikjf</aae011>
			<aff002>C1010351007641</aff002>
			<aaa027>511302</aaa027>
		</inputxml>
		<reqdate>20170106</reqdate>
		<reqseq>22000108000000000282</reqseq>
		<tradeId>NC39006</tradeId>
		<aaz400>511302</aaz400>
	</Para01>
	<FuncName>szCall</FuncName>
	<Project>NCDC</Project>
	<fc>
		<aaz002>2132627</aaz002>
		<aae019sum>150</aae019sum>
	</fc>
	<fc>
		<aaz002>2132628</aaz002>
		<aae019sum>150</aae019sum>
	</fc>
</ap>
]
[17-01-08 20:27:06]sProject=[NCDC]
[17-01-08 20:27:06]original key:[1111111133333333]
[17-01-08 20:27:06]new key:[iHO3ikVV8qq37H0N]
[17-01-08 20:27:08]XmlPara01[<Para01><inputxml><aae011>ikjf</aae011><aff002>C1010351007641</aff002><aaa027>511302</aaa027></inputxml><reqdate>20170106</reqdate><reqseq>22000108000000000282</reqseq><tradeId>NC39006</tradeId><aaz400>511302</aaz400></Para01>]
[17-01-08 20:27:08]aaz400[511302]
[17-01-08 20:27:08]tradeId[NC39006]
[17-01-08 20:27:08]inputXml[<inputxml reqseq="22000108000000000282" reqdate="20170106"><aae011>ikjf</aae011><aff002>C1010351007641</aff002><aaa027>511302</aaa027></inputxml>]
[17-01-08 20:27:08]inputXml[<inputxml reqseq="22000108000000000282" reqdate="20170106"><aae011>ikjf</aae011><aff002>C1010351007641</aff002><aaa027>511302</aaa027><rows /><row><fc><aaz002>2132627</aaz002><aae019sum>150</aae019sum></fc></row><row><fc><aaz002>2132628</aaz002><aae019sum>150</aae019sum></fc></row></inputxml>]
[17-01-08 20:27:09]err=[无法连接到远程服务器]
[17-01-08 20:27:09]应答报文:[000087<ap><RetCode>0998</RetCode><RetMsg>web服务调用错误</RetMsg><RetInfo01></RetInfo01></ap>]
[17-01-08 20:27:09]Disconnect from [10.52.4.134]
[17-01-08 20:35:42]WriteLog start...
[17-01-08 20:35:42]System(3.0.1) init is completed......
[17-01-08 20:35:43]Begin to listen[8901][20]......
[17-01-08 20:35:43]线程池最大线程[1000]最小线程[5]
[17-01-08 20:37:08]线程池中新增新线程[10.52.4.134]当前可用线程数[999]......
[17-01-08 20:37:08]Connect with [10.52.4.134]......
[17-01-08 20:37:08]报文长度:[000463]
[17-01-08 20:37:08]报文内容:[<ap>
	<Para01>
		<inputxml>
			<aae011>ikjf</aae011>
			<aff002>C1010351007641</aff002>
			<aaa027>511302</aaa027>
		</inputxml>
		<reqdate>20170106</reqdate>
		<reqseq>22000108000000000283</reqseq>
		<tradeId>NC39006</tradeId>
		<aaz400>511302</aaz400>
	</Para01>
	<FuncName>szCall</FuncName>
	<Project>NCDC</Project>
	<fc>
		<aaz002>2132627</aaz002>
		<aae019sum>150</aae019sum>
	</fc>
	<fc>
		<aaz002>2132628</aaz002>
		<aae019sum>150</aae019sum>
	</fc>
</ap>
]
[17-01-08 20:37:08]sProject=[NCDC]
[17-01-08 20:37:08]original key:[1111111133333333]
[17-01-08 20:37:08]new key:[iHO3ikVV8qq37H0N]
[17-01-08 20:37:10]XmlPara01[<Para01><inputxml><aae011>ikjf</aae011><aff002>C1010351007641</aff002><aaa027>511302</aaa027></inputxml><reqdate>20170106</reqdate><reqseq>22000108000000000283</reqseq><tradeId>NC39006</tradeId><aaz400>511302</aaz400></Para01>]
[17-01-08 20:37:10]aaz400[511302]
[17-01-08 20:37:10]tradeId[NC39006]
[17-01-08 20:37:10]inputXml[<inputxml reqseq="22000108000000000283" reqdate="20170106"><aae011>ikjf</aae011><aff002>C1010351007641</aff002><aaa027>511302</aaa027></inputxml>]
[17-01-08 20:37:10]inputXml[<inputxml reqseq="22000108000000000283" reqdate="20170106"><aae011>ikjf</aae011><aff002>C1010351007641</aff002><aaa027>511302</aaa027><rows /><row><aaz002>2132627</aaz002><aae019sum>150</aae019sum></row><row><aaz002>2132628</aaz002><aae019sum>150</aae019sum></row></inputxml>]
[17-01-08 20:37:11]err=[无法连接到远程服务器]
[17-01-08 20:37:11]应答报文:[000087<ap><RetCode>0998</RetCode><RetMsg>web服务调用错误</RetMsg><RetInfo01></RetInfo01></ap>]
[17-01-08 20:37:11]Disconnect from [10.52.4.134]
[17-01-08 20:42:18]WriteLog start...
[17-01-08 20:42:18]System(3.0.1) init is completed......
[17-01-08 20:42:19]Begin to listen[8901][20]......
[17-01-08 20:42:19]线程池最大线程[1000]最小线程[5]
[17-01-08 20:45:10]线程池中新增新线程[10.52.4.134]当前可用线程数[999]......
[17-01-08 20:45:10]Connect with [10.52.4.134]......
[17-01-08 20:45:10]报文长度:[000505]
[17-01-08 20:45:10]报文内容:[<ap>
	<Para01>
		<inputxml>
			<aae011>ikjf</aae011>
			<aff002>C1010351007641</aff002>
			<aaa027>511302</aaa027>
		</inputxml>
		<reqdate>20170106</reqdate>
		<reqseq>22000108000000000284</reqseq>
		<tradeId>NC39006</tradeId>
		<aaz400>511302</aaz400>
	</Para01>
	<FuncName>szCall</FuncName>
	<Project>NCDC</Project>
	<fc>
		<aaz002>2132627</aaz002>
		<aae019sum>150</aae019sum>
		<akb079>1</akb079>
	</fc>
	<fc>
		<aaz002>2132628</aaz002>
		<aae019sum>150</aae019sum>
		<akb079>1</akb079>
	</fc>
</ap>
]
[17-01-08 20:45:10]sProject=[NCDC]
[17-01-08 20:45:10]original key:[1111111133333333]
[17-01-08 20:45:10]new key:[iHO3ikVV8qq37H0N]
[17-01-08 20:45:11]XmlPara01[<Para01><inputxml><aae011>ikjf</aae011><aff002>C1010351007641</aff002><aaa027>511302</aaa027></inputxml><reqdate>20170106</reqdate><reqseq>22000108000000000284</reqseq><tradeId>NC39006</tradeId><aaz400>511302</aaz400></Para01>]
[17-01-08 20:45:11]aaz400[511302]
[17-01-08 20:45:11]tradeId[NC39006]
[17-01-08 20:45:11]inputXml[<inputxml reqseq="22000108000000000284" reqdate="20170106"><aae011>ikjf</aae011><aff002>C1010351007641</aff002><aaa027>511302</aaa027></inputxml>]
[17-01-08 20:45:11]inputXml[<inputxml reqseq="22000108000000000284" reqdate="20170106"><aae011>ikjf</aae011><aff002>C1010351007641</aff002><aaa027>511302</aaa027><rows><row><aaz002>2132627</aaz002><aae019sum>150</aae019sum><akb079>1</akb079></row><row><aaz002>2132628</aaz002><aae019sum>150</aae019sum><akb079>1</akb079></row></rows></inputxml>]
[17-01-08 20:45:13]err=[无法连接到远程服务器]
[17-01-08 20:45:13]应答报文:[000087<ap><RetCode>0998</RetCode><RetMsg>web服务调用错误</RetMsg><RetInfo01></RetInfo01></ap>]
[17-01-08 20:45:13]Disconnect from [10.52.4.134]
[17-01-08 20:50:09]线程池中新增新线程[10.52.4.134]当前可用线程数[999]......
[17-01-08 20:50:09]Connect with [10.52.4.134]......
[17-01-08 20:50:09]报文长度:[000541]
[17-01-08 20:50:09]报文内容:[<ap>
	<Para01>
		<inputxml>
			<rows>
				<row>
					<aae100>0</aae100>
					<aae001>2017</aae001>
					<aae140>390</aae140>
					<aac002>372427197202144539</aac002>
					<aac003>曾庆富</aac003>
				</row>
			</rows>
			<aab004>四川省</aab004>
			<aae011>ikjf</aae011>
			<aff002>C1010351007641</aff002>
			<aaa027>511303</aaa027>
		</inputxml>
		<reqdate>20170108</reqdate>
		<reqseq>22000108000000000285</reqseq>
		<tradeId>NC39002</tradeId>
		<aaz400>511303</aaz400>
	</Para01>
	<FuncName>szCall</FuncName>
	<Project>NCDC</Project>
</ap>
]
[17-01-08 20:50:09]sProject=[NCDC]
[17-01-08 20:50:09]original key:[1111111133333333]
[17-01-08 20:50:09]new key:[iHO3ikVV8qq37H0N]
[17-01-08 20:50:09]XmlPara01[<Para01><inputxml><rows><row><aae100>0</aae100><aae001>2017</aae001><aae140>390</aae140><aac002>372427197202144539</aac002><aac003>曾庆富</aac003></row></rows><aab004>四川省</aab004><aae011>ikjf</aae011><aff002>C1010351007641</aff002><aaa027>511303</aaa027></inputxml><reqdate>20170108</reqdate><reqseq>22000108000000000285</reqseq><tradeId>NC39002</tradeId><aaz400>511303</aaz400></Para01>]
[17-01-08 20:50:09]aaz400[511303]
[17-01-08 20:50:09]tradeId[NC39002]
[17-01-08 20:50:09]inputXml[<inputxml reqseq="22000108000000000285" reqdate="20170108"><rows><row><aae100>0</aae100><aae001>2017</aae001><aae140>390</aae140><aac002>372427197202144539</aac002><aac003>曾庆富</aac003></row></rows><aab004>四川省</aab004><aae011>ikjf</aae011><aff002>C1010351007641</aff002><aaa027>511303</aaa027></inputxml>]
[17-01-08 20:50:10]加密inputXml[2wbybhlfVacsHhsbwyZkXGg3hnQLdGhs28v2qW/xj7mwotEt94YORbdH5EpHel94qI9LnjwugV3P
jSNKvQgZtOOMQH6RP41j/7Hx+fg0tEincCbuLqB2l+GS8sJdaJHM8E4FZuryl8Qj54W035fLa8fA
+3/doKbcdeU3eeqTCMEVg1bul6PxExyE9OXlg2zPkM3l2ruMWOI3vvQVbAOMFrAoo89dLMLOkyUg
da6JAC92ciDL02V5kgDKoPXvVU+HcLP7I3I30SZ6FERGBQPHmPms4+2fiZPfrTeFrUI6/5U=]
[17-01-08 20:50:11]社保返回报文加密recvXml[gtiCcql56gSzowDKxpiPwKcAsWlNGM1w5sFbGE3nNKG+gen5gM1O+mhW5k0pZrr0hkFBXa5SzbZe
jeX6kGJBGHuX/ARR7TTPmsapJa6th9vUqb3FgSaKg/Xpx2qRjJEv2CbwT+Ivvft16LzLjzXw+v+g
wIiRATmCjYP44Or/zhuu9m1r4pa//teA3g4A5+VM+C7tPnp+CPchtYepHTyFzcAjqh2hNWMg5hH+
12ksLYoh2AEVzhY9t6fS0C4YzFcfWrthxaf3Ktm0mezP/gSptsUZFGSSEONgYMRdemyj58hRQl60
HrXbQdX37dfydW/XPrpNH3WTOFLmuSErLJNxh9F6qH9jNnno1yqkqAQdALs=]
[17-01-08 20:50:11]社保返回报文解密[<?xml version="1.0" encoding="UTF-8"?>
<result><message></message><code>1</code><output><aae019sum>150</aae019sum><aaz002>2132629</aaz002><akb079>1</akb079><rows><row><aae013/><aac003>曾庆富</aac003><aae001>2017</aae001><cljg>1</cljg><aaa027>511303</aaa027><aae100>0</aae100><aae019>150</aae019><aae140>390</aae140><aac002>372427197202144539</aac002></row></rows></output></result>]
[17-01-08 20:50:11]应答报文:[000423<ap><RetCode>0000</RetCode><RetMsg>交易成功</RetMsg><RetInfo01><result><message></message><code>1</code><output><aae019sum>150</aae019sum><aaz002>2132629</aaz002><akb079>1</akb079><rows><row><aae013 /><aac003>曾庆富</aac003><aae001>2017</aae001><cljg>1</cljg><aaa027>511303</aaa027><aae100>0</aae100><aae019>150</aae019><aae140>390</aae140><aac002>372427197202144539</aac002></row></rows></output></result></RetInfo01></ap>]
[17-01-08 20:50:11]Disconnect from [10.52.4.134]
[17-01-08 20:50:41]线程池中新增新线程[10.52.4.134]当前可用线程数[999]......
[17-01-08 20:50:41]Connect with [10.52.4.134]......
[17-01-08 20:50:41]报文长度:[000405]
[17-01-08 20:50:41]报文内容:[<ap>
	<Para01>
		<inputxml>
			<akb079>1</akb079>
			<aae019sum>150</aae019sum>
			<aaz002>2132629</aaz002>
			<aae011>ikjf</aae011>
			<aff002>C1010351007641</aff002>
			<aaa027>511303</aaa027>
		</inputxml>
		<reqdate>20170108</reqdate>
		<reqseq>22000108000000000286</reqseq>
		<tradeId>NC39004</tradeId>
		<aaz400>511303</aaz400>
	</Para01>
	<FuncName>szCall</FuncName>
	<Project>NCDC</Project>
</ap>
]
[17-01-08 20:50:41]sProject=[NCDC]
[17-01-08 20:50:41]original key:[1111111133333333]
[17-01-08 20:50:41]new key:[iHO3ikVV8qq37H0N]
[17-01-08 20:50:41]XmlPara01[<Para01><inputxml><akb079>1</akb079><aae019sum>150</aae019sum><aaz002>2132629</aaz002><aae011>ikjf</aae011><aff002>C1010351007641</aff002><aaa027>511303</aaa027></inputxml><reqdate>20170108</reqdate><reqseq>22000108000000000286</reqseq><tradeId>NC39004</tradeId><aaz400>511303</aaz400></Para01>]
[17-01-08 20:50:41]aaz400[511303]
[17-01-08 20:50:41]tradeId[NC39004]
[17-01-08 20:50:41]inputXml[<inputxml reqseq="22000108000000000286" reqdate="20170108"><akb079>1</akb079><aae019sum>150</aae019sum><aaz002>2132629</aaz002><aae011>ikjf</aae011><aff002>C1010351007641</aff002><aaa027>511303</aaa027></inputxml>]
[17-01-08 20:50:41]加密inputXml[2nxF3cTc2PKjcJfFG57cKeWkO54itUzvL5ZXZ0EGel045FnTaCxGwoX1NSNXqCQPKa9ZqVVEKqVJ
daB3K2j9zeDbwXhgczAkWguAqSvgIOemD6tcMMqkcMTNsCrfcCX0iKrTUXquE1fQvl8HCaEKTlCh
Efz2mGuHMgE+ag486V+XNoo3Y79LXhfxTGkVvP6onvpaQ5gg16+Pkyk6ChGzgQ==]
[17-01-08 20:50:41]社保返回报文加密recvXml[jGNLS0gw3Aj0FaHI2rV+je7KLW3nNx5a6SQ05z3V2XAnxlgwBlWHWWfiE6815dxFVjYazTAkjoYU
HDsmUaE1zWU9+WAhIeZaEAU3AhGl6hU26mrLbXuph8MyuJ2GCVFknITpoQ155ISRstwCOD/ES+FR
LDk6X+6XUbE1jZ2OwARzeig/J6vB5suV5o6jQ20+]
[17-01-08 20:50:41]社保返回报文解密[<?xml version="1.0" encoding="UTF-8"?>
<result><message></message><code>1</code><output><aae013/><cljg>1</cljg><aaz002>2132629</aaz002></output></result>]
[17-01-08 20:50:41]应答报文:[000195<ap><RetCode>0000</RetCode><RetMsg>交易成功</RetMsg><RetInfo01><result><message></message><code>1</code><output><aae013 /><cljg>1</cljg><aaz002>2132629</aaz002></output></result></RetInfo01></ap>]
[17-01-08 20:50:41]Disconnect from [10.52.4.134]
[17-01-08 20:54:12]线程池中新增新线程[10.52.4.134]当前可用线程数[999]......
[17-01-08 20:54:12]Connect with [10.52.4.134]......
[17-01-08 20:54:12]报文长度:[000505]
[17-01-08 20:54:12]报文内容:[<ap>
	<Para01>
		<inputxml>
			<aae011>ikjf</aae011>
			<aff002>C1010351007641</aff002>
			<aaa027>511302</aaa027>
		</inputxml>
		<reqdate>20170106</reqdate>
		<reqseq>22000108000000000287</reqseq>
		<tradeId>NC39006</tradeId>
		<aaz400>511302</aaz400>
	</Para01>
	<FuncName>szCall</FuncName>
	<Project>NCDC</Project>
	<fc>
		<aaz002>2132627</aaz002>
		<aae019sum>150</aae019sum>
		<akb079>1</akb079>
	</fc>
	<fc>
		<aaz002>2132628</aaz002>
		<aae019sum>150</aae019sum>
		<akb079>1</akb079>
	</fc>
</ap>
]
[17-01-08 20:54:12]sProject=[NCDC]
[17-01-08 20:54:12]original key:[1111111133333333]
[17-01-08 20:54:12]new key:[iHO3ikVV8qq37H0N]
[17-01-08 20:54:12]XmlPara01[<Para01><inputxml><aae011>ikjf</aae011><aff002>C1010351007641</aff002><aaa027>511302</aaa027></inputxml><reqdate>20170106</reqdate><reqseq>22000108000000000287</reqseq><tradeId>NC39006</tradeId><aaz400>511302</aaz400></Para01>]
[17-01-08 20:54:12]aaz400[511302]
[17-01-08 20:54:12]tradeId[NC39006]
[17-01-08 20:54:12]inputXml[<inputxml reqseq="22000108000000000287" reqdate="20170106"><aae011>ikjf</aae011><aff002>C1010351007641</aff002><aaa027>511302</aaa027></inputxml>]
[17-01-08 20:54:12]inputXml[<inputxml reqseq="22000108000000000287" reqdate="20170106"><aae011>ikjf</aae011><aff002>C1010351007641</aff002><aaa027>511302</aaa027><rows><row><aaz002>2132627</aaz002><aae019sum>150</aae019sum><akb079>1</akb079></row><row><aaz002>2132628</aaz002><aae019sum>150</aae019sum><akb079>1</akb079></row></rows></inputxml>]
[17-01-08 20:54:12]加密inputXml[d1VCqWKyc/r2qTpIrwFaR3A8+cBmhSjcjJ6Dn8yisDTRfmFw/2Lnpxn74twTOo0Y18JGOUm2i0Cj
6ZM2uhjqxtR3fAh3P3wpln5k9971vsnS9WlZSL/yNIrqzJ+zPTa+SJV+DI+sfMmQXnFDpBl9Bdq2
BFJOImQvYDpi870l1UbFP7/TliM6RTB0Mckj9In+mJyGwgSJJjl6gLwNUqeHYs2JsGwveybaoys7
Fb2w607Reqh/YzZ56NcqpKgEHQC7]
[17-01-08 20:54:12]社保返回报文加密recvXml[GHkZhnR0TaTk8NIViun5Y2wBFvDMft67bpE5rEfV6jBK9iKXFwZUbt8hVe+eqFzbCZY7RwQROpHf
yxwJ6fjVekw/6UE9+V/87NhLZBGE2urbuMbwmR039cwyDwtbbsQHPZkiLbz3W/F8ANHOXseTKvrK
5SClqBJjKVN/OFF5xHqLwTOOu25+5qAZziMIs0eQ3QJuUxib6wFjvIQ+2jH8nA==]
[17-01-08 20:54:12]社保返回报文解密[<?xml version="1.0" encoding="UTF-8"?>
<result><message></message><code>1</code><output><rows><row><aae013/><cljg>1</cljg><aaz002>2132627</aaz002></row><row><aae013/><cljg>1</cljg><aaz002>2132628</aaz002></row></rows></output></result>]
[17-01-08 20:54:12]应答报文:[000278<ap><RetCode>0000</RetCode><RetMsg>交易成功</RetMsg><RetInfo01><result><message></message><code>1</code><output><rows><row><aae013 /><cljg>1</cljg><aaz002>2132627</aaz002></row><row><aae013 /><cljg>1</cljg><aaz002>2132628</aaz002></row></rows></output></result></RetInfo01></ap>]
[17-01-08 20:54:12]Disconnect from [10.52.4.134]
[17-01-08 21:03:32]线程池中新增新线程[10.52.4.134]当前可用线程数[999]......
[17-01-08 21:03:32]Connect with [10.52.4.134]......
[17-01-08 21:03:32]报文长度:[000539]
[17-01-08 21:03:32]报文内容:[<ap>
	<Para01>
		<inputxml>
			<rows>
				<row>
					<aae100>0</aae100>
					<aae001>2017</aae001>
					<aae140>390</aae140>
					<aac002>372526198403282085</aac002>
					<aac003>钱红红</aac003>
				</row>
			</rows>
			<aab004>四川</aab004>
			<aae011>ikjf</aae011>
			<aff002>C1010351007641</aff002>
			<aaa027>511304</aaa027>
		</inputxml>
		<reqdate>20170108</reqdate>
		<reqseq>22000108000000000290</reqseq>
		<tradeId>NC39002</tradeId>
		<aaz400>511304</aaz400>
	</Para01>
	<FuncName>szCall</FuncName>
	<Project>NCDC</Project>
</ap>
]
[17-01-08 21:03:32]sProject=[NCDC]
[17-01-08 21:03:32]original key:[1111111133333333]
[17-01-08 21:03:32]new key:[iHO3ikVV8qq37H0N]
[17-01-08 21:03:32]XmlPara01[<Para01><inputxml><rows><row><aae100>0</aae100><aae001>2017</aae001><aae140>390</aae140><aac002>372526198403282085</aac002><aac003>钱红红</aac003></row></rows><aab004>四川</aab004><aae011>ikjf</aae011><aff002>C1010351007641</aff002><aaa027>511304</aaa027></inputxml><reqdate>20170108</reqdate><reqseq>22000108000000000290</reqseq><tradeId>NC39002</tradeId><aaz400>511304</aaz400></Para01>]
[17-01-08 21:03:32]aaz400[511304]
[17-01-08 21:03:32]tradeId[NC39002]
[17-01-08 21:03:32]inputXml[<inputxml reqseq="22000108000000000290" reqdate="20170108"><rows><row><aae100>0</aae100><aae001>2017</aae001><aae140>390</aae140><aac002>372526198403282085</aac002><aac003>钱红红</aac003></row></rows><aab004>四川</aab004><aae011>ikjf</aae011><aff002>C1010351007641</aff002><aaa027>511304</aaa027></inputxml>]
[17-01-08 21:03:32]加密inputXml[9AT8upXUWoHusEkFK1ZALzQl6lqGrZUz2qzz0d9WxNYbk1ObaCG4lYhtIhQX5JB+cZ/t2BVXC1E5
mcn1+5sIlDZe31GL/w8+0ntdA+Bz+4dOxVw6+sZqzKPBm5fJC/Y+NQGbyfNAyK0kK6GMSqbok3Oo
joFKar2jjgnrBd9xLzEK6I/cEOd4ZOxytYW/il4CUeWCsxssUYeqptliVTtxwYlw0aZsVjtMRBu0
3Fexfjs43UQ8DAwRP+W3ZYKD0RvHmOM+NdQLGftSwXMuzramjNHPOnlvhQEHYGnh4tiMK6w=]
[17-01-08 21:03:32]社保返回报文加密recvXml[9H19jFHZrVQ9ovnjcZ6SvBUlyRticq+1mURb8zSeYuVOyAIi3uz+2aG/be453fxFcyoyMEIjK+YL
5nOwcZte3mtrdW+iGinQpmCY0asCaweuGogWBGx5BDzHBOb1piL+0cdfWW6bfmkfsNmfcIDvTjg2
BTiw40qKKKTHcbRxGmLOTgXz94vsl+gkYP8YWzaVvrYYWtu1XNiw65/1RrvjbSosG00arIEzZHgs
hemnCozgUTbmSKqUuhnImU13Xh2upaRYE76ab82DNjGffoXgwdRm/hHjjbvLsRqDlEM59gfVN0II
yv7ZKt6L8eiPDql02rS1qk3R806nRoaCcJwAfg==]
[17-01-08 21:03:32]社保返回报文解密[<?xml version="1.0" encoding="UTF-8"?>
<result><message></message><code>1</code><output><aae019sum>150</aae019sum><aaz002>2132630</aaz002><akb079>1</akb079><rows><row><aae013/><aac003>钱红红</aac003><aae001>2017</aae001><cljg>1</cljg><aaa027>511304</aaa027><aae100>0</aae100><aae019>150</aae019><aae140>390</aae140><aac002>372526198403282085</aac002></row></rows></output></result>]
[17-01-08 21:03:32]应答报文:[000423<ap><RetCode>0000</RetCode><RetMsg>交易成功</RetMsg><RetInfo01><result><message></message><code>1</code><output><aae019sum>150</aae019sum><aaz002>2132630</aaz002><akb079>1</akb079><rows><row><aae013 /><aac003>钱红红</aac003><aae001>2017</aae001><cljg>1</cljg><aaa027>511304</aaa027><aae100>0</aae100><aae019>150</aae019><aae140>390</aae140><aac002>372526198403282085</aac002></row></rows></output></result></RetInfo01></ap>]
[17-01-08 21:03:32]Disconnect from [10.52.4.134]
[17-01-08 21:03:51]线程池中新增新线程[10.52.4.134]当前可用线程数[999]......
[17-01-08 21:03:51]Connect with [10.52.4.134]......
[17-01-08 21:03:51]报文长度:[000405]
[17-01-08 21:03:51]报文内容:[<ap>
	<Para01>
		<inputxml>
			<akb079>1</akb079>
			<aae019sum>150</aae019sum>
			<aaz002>2132630</aaz002>
			<aae011>ikjf</aae011>
			<aff002>C1010351007641</aff002>
			<aaa027>511304</aaa027>
		</inputxml>
		<reqdate>20170108</reqdate>
		<reqseq>22000108000000000291</reqseq>
		<tradeId>NC39004</tradeId>
		<aaz400>511304</aaz400>
	</Para01>
	<FuncName>szCall</FuncName>
	<Project>NCDC</Project>
</ap>
]
[17-01-08 21:03:51]sProject=[NCDC]
[17-01-08 21:03:51]original key:[1111111133333333]
[17-01-08 21:03:51]new key:[iHO3ikVV8qq37H0N]
[17-01-08 21:03:51]XmlPara01[<Para01><inputxml><akb079>1</akb079><aae019sum>150</aae019sum><aaz002>2132630</aaz002><aae011>ikjf</aae011><aff002>C1010351007641</aff002><aaa027>511304</aaa027></inputxml><reqdate>20170108</reqdate><reqseq>22000108000000000291</reqseq><tradeId>NC39004</tradeId><aaz400>511304</aaz400></Para01>]
[17-01-08 21:03:51]aaz400[511304]
[17-01-08 21:03:51]tradeId[NC39004]
[17-01-08 21:03:51]inputXml[<inputxml reqseq="22000108000000000291" reqdate="20170108"><akb079>1</akb079><aae019sum>150</aae019sum><aaz002>2132630</aaz002><aae011>ikjf</aae011><aff002>C1010351007641</aff002><aaa027>511304</aaa027></inputxml>]
[17-01-08 21:03:51]加密inputXml[2nxF3cTc2PKjcJfFG57cKY8OJ6KxIrYzC5aXmg5byKA++buigsQNR/3KPnOlAZU62IDt4JH+3BJ5
A3t+SKE5OATtSWCFh5C6wFCVk9m0aGE8Lf9FSzOcdVyNuBk7bwTlmOoI88WYBHPfUlbfFSmo/YZ+
5t1QQzLptuQW6rHygOKSv1gBKJpxV+RyiXpIADQV6MCCUFsDGeNgycwfnwvF2g==]
[17-01-08 21:03:51]社保返回报文加密recvXml[jGNLS0gw3Aj0FaHI2rV+ja7bfsDuFIG8jujWOqVKF/nytXjxPlrb+sjxFNUG4ju1ca8mBjJG5QXB
d0JBxjgbIh4i2Nr1etSsDR7Wt0uvWZQYZbmFNFtgli2nXvedV5KTFDL2hQiWNbuJHojqm1SIdqMj
mF4o4cTyAJHvBYprq0E+LxNa3AexSNlCNOPdUIMA]
[17-01-08 21:03:51]社保返回报文解密[<?xml version="1.0" encoding="UTF-8"?>
<result><message></message><code>1</code><output><aae013/><cljg>1</cljg><aaz002>2132630</aaz002></output></result>]
[17-01-08 21:03:51]应答报文:[000195<ap><RetCode>0000</RetCode><RetMsg>交易成功</RetMsg><RetInfo01><result><message></message><code>1</code><output><aae013 /><cljg>1</cljg><aaz002>2132630</aaz002></output></result></RetInfo01></ap>]
[17-01-08 21:03:51]Disconnect from [10.52.4.134]
[17-01-08 21:06:14]线程池中新增新线程[10.52.4.134]当前可用线程数[999]......
[17-01-08 21:06:14]Connect with [10.52.4.134]......
[17-01-08 21:06:14]报文长度:[000505]
[17-01-08 21:06:14]报文内容:[<ap>
	<Para01>
		<inputxml>
			<aae011>ikjf</aae011>
			<aff002>C1010351007641</aff002>
			<aaa027>511302</aaa027>
		</inputxml>
		<reqdate>20170106</reqdate>
		<reqseq>22000108000000000292</reqseq>
		<tradeId>NC39006</tradeId>
		<aaz400>511302</aaz400>
	</Para01>
	<FuncName>szCall</FuncName>
	<Project>NCDC</Project>
	<fc>
		<aaz002>2132627</aaz002>
		<aae019sum>150</aae019sum>
		<akb079>1</akb079>
	</fc>
	<fc>
		<aaz002>2132628</aaz002>
		<aae019sum>150</aae019sum>
		<akb079>1</akb079>
	</fc>
</ap>
]
[17-01-08 21:06:14]sProject=[NCDC]
[17-01-08 21:06:14]original key:[1111111133333333]
[17-01-08 21:06:14]new key:[iHO3ikVV8qq37H0N]
[17-01-08 21:06:14]XmlPara01[<Para01><inputxml><aae011>ikjf</aae011><aff002>C1010351007641</aff002><aaa027>511302</aaa027></inputxml><reqdate>20170106</reqdate><reqseq>22000108000000000292</reqseq><tradeId>NC39006</tradeId><aaz400>511302</aaz400></Para01>]
[17-01-08 21:06:14]aaz400[511302]
[17-01-08 21:06:14]tradeId[NC39006]
[17-01-08 21:06:14]inputXml[<inputxml reqseq="22000108000000000292" reqdate="20170106"><aae011>ikjf</aae011><aff002>C1010351007641</aff002><aaa027>511302</aaa027></inputxml>]
[17-01-08 21:06:14]inputXml[<inputxml reqseq="22000108000000000292" reqdate="20170106"><aae011>ikjf</aae011><aff002>C1010351007641</aff002><aaa027>511302</aaa027><rows><row><aaz002>2132627</aaz002><aae019sum>150</aae019sum><akb079>1</akb079></row><row><aaz002>2132628</aaz002><aae019sum>150</aae019sum><akb079>1</akb079></row></rows></inputxml>]
[17-01-08 21:06:14]加密inputXml[d1VCqWKyc/r2qTpIrwFaR3A8+cBmhSjcjJ6Dn8yisDTRfmFw/2Lnpxn74twTOo0Y18JGOUm2i0Cj
6ZM2uhjqxmD81t186FI0nj17jJ+9co/lDGTSkBXETWG88yyI5RuQzAQIEn4xZHDtQGfNC1OQYMvs
P8nIAbA3i8Wv3QJdyzG9ave0nguByvwu2ow8Z229MFcMkJi5m+VCsqoDdYiaXqNU3JV6ZxapLi1J
K9Lo9zw=]
[17-01-08 21:06:14]社保返回报文加密recvXml[GHkZhnR0TaTk8NIViun5Y2wBFvDMft67bpE5rEfV6jBK9iKXFwZUbt8hVe+eqFzbCZY7RwQROpHf
yxwJ6fjVekw/6UE9+V/87NhLZBGE2urbuMbwmR039cwyDwtbbsQHCboS0iTIrR6uqYyoXGIHfTQS
ROl9SA2400/dTc7B+jhlJ5x4byG8wFTLQ+sDB6CgH4b1ElDAZqqYNxV7Y6SHgqxo7d3HdeYd5mlr
II/BIqG/O1LaG4QZl4y1/40oruXe/cGF1exA6QD+vy4zC76aKairmN6/UlLbZpbBRhw1bGsZgF5C
ZrjIBr40Lp0LYyphgep/Iz/CY2cGDBVHk7OZKjImw5ZHvBSz2WbipI8W+WI=]
[17-01-08 21:06:14]社保返回报文解密[<?xml version="1.0" encoding="UTF-8"?>
<result><message></message><code>1</code><output><rows><row><aae013>2132627|103|C1010351007641|150|1|日志为2132627的缴费信息已经对账，不能重复对账</aae013><cljg>6</cljg><aaz002>2132627</aaz002></row><row><aae013>2132628|103|C1010351007641|150|1|日志为2132628的缴费信息已经对账，不能重复对账</aae013><cljg>6</cljg><aaz002>2132628</aaz002></row></rows></output></result>]
[17-01-08 21:06:14]应答报文:[000448<ap><RetCode>0000</RetCode><RetMsg>交易成功</RetMsg><RetInfo01><result><message></message><code>1</code><output><rows><row><aae013>2132627|103|C1010351007641|150|1|日志为2132627的缴费信息已经对账，不能重复对账</aae013><cljg>6</cljg><aaz002>2132627</aaz002></row><row><aae013>2132628|103|C1010351007641|150|1|日志为2132628的缴费信息已经对账，不能重复对账</aae013><cljg>6</cljg><aaz002>2132628</aaz002></row></rows></output></result></RetInfo01></ap>]
[17-01-08 21:06:14]Disconnect from [10.52.4.134]
[17-01-08 21:06:14]线程池中新增新线程[10.52.4.134]当前可用线程数[999]......
[17-01-08 21:06:14]Connect with [10.52.4.134]......
[17-01-08 21:06:14]报文长度:[000415]
[17-01-08 21:06:14]报文内容:[<ap>
	<Para01>
		<inputxml>
			<aae011>ikjf</aae011>
			<aff002>C1010351007641</aff002>
			<aaa027>511303</aaa027>
		</inputxml>
		<reqdate>20170106</reqdate>
		<reqseq>22000108000000000292</reqseq>
		<tradeId>NC39006</tradeId>
		<aaz400>511303</aaz400>
	</Para01>
	<FuncName>szCall</FuncName>
	<Project>NCDC</Project>
	<fc>
		<aaz002>2132629</aaz002>
		<aae019sum>150</aae019sum>
		<akb079>1</akb079>
	</fc>
</ap>
]
[17-01-08 21:06:14]sProject=[NCDC]
[17-01-08 21:06:14]original key:[1111111133333333]
[17-01-08 21:06:14]new key:[iHO3ikVV8qq37H0N]
[17-01-08 21:06:14]XmlPara01[<Para01><inputxml><aae011>ikjf</aae011><aff002>C1010351007641</aff002><aaa027>511303</aaa027></inputxml><reqdate>20170106</reqdate><reqseq>22000108000000000292</reqseq><tradeId>NC39006</tradeId><aaz400>511303</aaz400></Para01>]
[17-01-08 21:06:14]aaz400[511303]
[17-01-08 21:06:14]tradeId[NC39006]
[17-01-08 21:06:14]inputXml[<inputxml reqseq="22000108000000000292" reqdate="20170106"><aae011>ikjf</aae011><aff002>C1010351007641</aff002><aaa027>511303</aaa027></inputxml>]
[17-01-08 21:06:14]inputXml[<inputxml reqseq="22000108000000000292" reqdate="20170106"><aae011>ikjf</aae011><aff002>C1010351007641</aff002><aaa027>511303</aaa027><rows><row><aaz002>2132629</aaz002><aae019sum>150</aae019sum><akb079>1</akb079></row></rows></inputxml>]
[17-01-08 21:06:14]加密inputXml[R4hLH4nAE7/7brQ/ZSXlK6cW3tfE202L0BNJWlCsU1hCLBTtXIzs2rnOR0wTY9WY7ISAYv9Z14VE
5KynYZIXEIK4SgyEPlSfodLOoD/Vhp3hj5Ehl8ipYnMTYQjN7TCTzBNZnsn4KwNO4LUSsCFuNkYD
Ps0yGnllKpuwrAoeigXJb2MbSPUHlbdPwY3lbNyPP5vtltv3z7g7dVPTONqyWLTK7GC30b3MN+80
xEFmB9Q=]
[17-01-08 21:06:14]社保返回报文加密recvXml[wMCFOnnOMBK9anBL2bzI84Sh42L9CU3f9+m24Z9YVBj/93J1RBBBUbWqZENw64k6+WNjRIncCy0J
MATxhVJFuc6SSrtFTlwIgQxjh/Mo7fZFPiNXgt221b6tMGS/oAl3b93nbIDAedaWSEoMlLuskVRL
On3Qxre0CoRyOXSsxGzMuF+EBU9AqTWLjmDjzQb9aILuA4dcryIz9ag6SC9/lg==]
[17-01-08 21:06:14]社保返回报文解密[<?xml version="1.0" encoding="UTF-8"?>
<result><message></message><code>1</code><output><rows><row><aae013/><cljg>1</cljg><aaz002>2132629</aaz002></row></rows></output></result>]
[17-01-08 21:06:14]应答报文:[000219<ap><RetCode>0000</RetCode><RetMsg>交易成功</RetMsg><RetInfo01><result><message></message><code>1</code><output><rows><row><aae013 /><cljg>1</cljg><aaz002>2132629</aaz002></row></rows></output></result></RetInfo01></ap>]
[17-01-08 21:06:14]Disconnect from [10.52.4.134]
[17-01-08 21:06:14]线程池中新增新线程[10.52.4.134]当前可用线程数[999]......
[17-01-08 21:06:14]Connect with [10.52.4.134]......
[17-01-08 21:06:14]报文长度:[000415]
[17-01-08 21:06:14]报文内容:[<ap>
	<Para01>
		<inputxml>
			<aae011>ikjf</aae011>
			<aff002>C1010351007641</aff002>
			<aaa027>511304</aaa027>
		</inputxml>
		<reqdate>20170106</reqdate>
		<reqseq>22000108000000000292</reqseq>
		<tradeId>NC39006</tradeId>
		<aaz400>511304</aaz400>
	</Para01>
	<FuncName>szCall</FuncName>
	<Project>NCDC</Project>
	<fc>
		<aaz002>2132630</aaz002>
		<aae019sum>150</aae019sum>
		<akb079>1</akb079>
	</fc>
</ap>
]
[17-01-08 21:06:14]sProject=[NCDC]
[17-01-08 21:06:14]original key:[1111111133333333]
[17-01-08 21:06:14]new key:[iHO3ikVV8qq37H0N]
[17-01-08 21:06:14]XmlPara01[<Para01><inputxml><aae011>ikjf</aae011><aff002>C1010351007641</aff002><aaa027>511304</aaa027></inputxml><reqdate>20170106</reqdate><reqseq>22000108000000000292</reqseq><tradeId>NC39006</tradeId><aaz400>511304</aaz400></Para01>]
[17-01-08 21:06:14]aaz400[511304]
[17-01-08 21:06:14]tradeId[NC39006]
[17-01-08 21:06:14]inputXml[<inputxml reqseq="22000108000000000292" reqdate="20170106"><aae011>ikjf</aae011><aff002>C1010351007641</aff002><aaa027>511304</aaa027></inputxml>]
[17-01-08 21:06:14]inputXml[<inputxml reqseq="22000108000000000292" reqdate="20170106"><aae011>ikjf</aae011><aff002>C1010351007641</aff002><aaa027>511304</aaa027><rows><row><aaz002>2132630</aaz002><aae019sum>150</aae019sum><akb079>1</akb079></row></rows></inputxml>]
[17-01-08 21:06:14]加密inputXml[6c5c/MpIwjoKlnsMX/jITjXtVl9EUBq2RzwZwsc7JNmv0eIoq18daO0ye5ixYubfKvMGtuw/AOnQ
Vkc93zZizgSkIwEHa49Rb08afu4KxWqWKrbkEW5/QRCCtRX5TJ2FjxztzP+uUFrXHVWLu+imEuyb
2g6nTTJoAH7j9afzPZl3khWENEeMUozCEZ7qRDqN8O9M6c0+PsLsmcVBQffNBB/0oXu/2AtB7Prf
z9wAqVQ=]
[17-01-08 21:06:14]社保返回报文加密recvXml[K15ZM56W2KfVnQwNrNaYnBVPb7GwdNzwAKitnsOilppGQpJzvxsy0eGEYyAEm63LzYL2YGhjL0t1
uRaBr4nMV6c3Gy5BhRI3nnye94LyL7TMe8A8/S1xMvwxTvyUFRRqH5L57dPs0cYdI9zVKq9Lmi3L
k1i71SM6Gm5InpSL8U4pH9gxbXBqDxfN6AD5XjXYx/STnJs2gsYCacfk6XPiWg==]
[17-01-08 21:06:14]社保返回报文解密[<?xml version="1.0" encoding="UTF-8"?>
<result><message></message><code>1</code><output><rows><row><aae013/><cljg>1</cljg><aaz002>2132630</aaz002></row></rows></output></result>]
[17-01-08 21:06:14]应答报文:[000219<ap><RetCode>0000</RetCode><RetMsg>交易成功</RetMsg><RetInfo01><result><message></message><code>1</code><output><rows><row><aae013 /><cljg>1</cljg><aaz002>2132630</aaz002></row></rows></output></result></RetInfo01></ap>]
[17-01-08 21:06:14]Disconnect from [10.52.4.134]
[17-01-08 21:21:50]线程池中新增新线程[10.52.4.134]当前可用线程数[999]......
[17-01-08 21:21:50]Connect with [10.52.4.134]......
[17-01-08 21:21:50]报文长度:[000539]
[17-01-08 21:21:50]报文内容:[<ap>
	<Para01>
		<inputxml>
			<rows>
				<row>
					<aae100>0</aae100>
					<aae001>2017</aae001>
					<aae140>390</aae140>
					<aac002>372827197801051723</aac002>
					<aac003>王世玲</aac003>
				</row>
			</rows>
			<aab004>四川</aab004>
			<aae011>ikjf</aae011>
			<aff002>C1010351007641</aff002>
			<aaa027>511399</aaa027>
		</inputxml>
		<reqdate>20170108</reqdate>
		<reqseq>22000108000000000296</reqseq>
		<tradeId>NC39002</tradeId>
		<aaz400>511399</aaz400>
	</Para01>
	<FuncName>szCall</FuncName>
	<Project>NCDC</Project>
</ap>
]
[17-01-08 21:21:50]sProject=[NCDC]
[17-01-08 21:21:50]original key:[1111111133333333]
[17-01-08 21:21:50]new key:[iHO3ikVV8qq37H0N]
[17-01-08 21:21:50]XmlPara01[<Para01><inputxml><rows><row><aae100>0</aae100><aae001>2017</aae001><aae140>390</aae140><aac002>372827197801051723</aac002><aac003>王世玲</aac003></row></rows><aab004>四川</aab004><aae011>ikjf</aae011><aff002>C1010351007641</aff002><aaa027>511399</aaa027></inputxml><reqdate>20170108</reqdate><reqseq>22000108000000000296</reqseq><tradeId>NC39002</tradeId><aaz400>511399</aaz400></Para01>]
[17-01-08 21:21:50]aaz400[511399]
[17-01-08 21:21:50]tradeId[NC39002]
[17-01-08 21:21:50]inputXml[<inputxml reqseq="22000108000000000296" reqdate="20170108"><rows><row><aae100>0</aae100><aae001>2017</aae001><aae140>390</aae140><aac002>372827197801051723</aac002><aac003>王世玲</aac003></row></rows><aab004>四川</aab004><aae011>ikjf</aae011><aff002>C1010351007641</aff002><aaa027>511399</aaa027></inputxml>]
[17-01-08 21:21:50]加密inputXml[ixW2srwLtVP1JXBwdAhXfhObM6/bcH6TOh1RplrfXE2TIQLiaaWxTN9SH9leAWwXDj6kBCdmYTjN
m3mfIbzFFb4FC1wyhm+JCAe8OT+cxlIhb8aliJf2IigPcjnuxIzKapAmwwv1ZK63A/qpy7ZfobOU
NG1l+ZOL0PAQABuvkfUYUHQ035g979vSQ57+Mj0ePiTT00TVPL6gwvYSxSbB8Hcl/3hv4VpI7V+x
/If1ApC1noqfzOCHBKG4deBYL4mq3TLzKMVE0DfWeB0WTM1Ztso0vhNFTFWrtcX3PDWcONI=]
[17-01-08 21:21:50]社保返回报文加密recvXml[mcFWZBTTavB2z8eKjszhpvbvwRPjGjlSE3GgqMMfhRtZYfl0GeuKePniaVIcymNke3s5b3hueWgs
kWoWE9SNK3i23Gvch5E/eearlUbZV0fYZUGAA9Fgz2cdNl9MG8EJ6Hvx9nSRwiDhYRjMf9QXZbni
c+J+HCe+MRdZKSmasRh09wsjm1+EtlnplR1G56N1m8j5ciPLM7iRIFY1zPUU5DY7q9Y7QtGB93MV
eh+eMYr7YlBFE087qtFz1iwCkc6kBT7JyjdHWcVCH8xtP580LAU5jffq1U5Ei+qmib5h0V9JVP9R
ITQowwLLLvkLekX+0Q/IcHNlB5OFONVzhAnAHZbbnB8PQ7oxYbNFjMxgIGQ+jxqBhogyZZ6nZF+6
0Ua9f31Lwh6O0oGPeTcmXI+IWJVe6lo08zPxUOU50S+WDp4n9mGbNCR75NmITVNllTLLOA3sGHGJ
I6Y8iRf532UatQ==]
[17-01-08 21:21:50]社保返回报文解密[<?xml version="1.0" encoding="UTF-8"?>
<result><message></message><code>1</code><output><aae019sum>0</aae019sum><aaz002>2132631</aaz002><akb079>0</akb079><rows><row><aae013>身份证为372827197801051723的人员选择的缴费区县[市本级]不允许城乡居保缴费!</aae013><aac003>王世玲</aac003><aae001>2017</aae001><cljg>0</cljg><aaa027>511399</aaa027><aae100>0</aae100><aae019>0</aae019><aae140>390</aae140><aac002>372827197801051723</aac002></row></rows></output></result>]
[17-01-08 21:21:50]应答报文:[000499<ap><RetCode>0000</RetCode><RetMsg>交易成功</RetMsg><RetInfo01><result><message></message><code>1</code><output><aae019sum>0</aae019sum><aaz002>2132631</aaz002><akb079>0</akb079><rows><row><aae013>身份证为372827197801051723的人员选择的缴费区县[市本级]不允许城乡居保缴费!</aae013><aac003>王世玲</aac003><aae001>2017</aae001><cljg>0</cljg><aaa027>511399</aaa027><aae100>0</aae100><aae019>0</aae019><aae140>390</aae140><aac002>372827197801051723</aac002></row></rows></output></result></RetInfo01></ap>]
[17-01-08 21:21:50]Disconnect from [10.52.4.134]
[17-01-08 21:21:58]线程池中新增新线程[10.52.4.134]当前可用线程数[999]......
[17-01-08 21:21:58]Connect with [10.52.4.134]......
[17-01-08 21:21:58]报文长度:[000539]
[17-01-08 21:21:58]报文内容:[<ap>
	<Para01>
		<inputxml>
			<rows>
				<row>
					<aae100>0</aae100>
					<aae001>2017</aae001>
					<aae140>390</aae140>
					<aac002>372827197801051723</aac002>
					<aac003>王世玲</aac003>
				</row>
			</rows>
			<aab004>四川</aab004>
			<aae011>ikjf</aae011>
			<aff002>C1010351007641</aff002>
			<aaa027>511302</aaa027>
		</inputxml>
		<reqdate>20170108</reqdate>
		<reqseq>22000108000000000297</reqseq>
		<tradeId>NC39002</tradeId>
		<aaz400>511302</aaz400>
	</Para01>
	<FuncName>szCall</FuncName>
	<Project>NCDC</Project>
</ap>
]
[17-01-08 21:21:58]sProject=[NCDC]
[17-01-08 21:21:58]original key:[1111111133333333]
[17-01-08 21:21:58]new key:[iHO3ikVV8qq37H0N]
[17-01-08 21:21:58]XmlPara01[<Para01><inputxml><rows><row><aae100>0</aae100><aae001>2017</aae001><aae140>390</aae140><aac002>372827197801051723</aac002><aac003>王世玲</aac003></row></rows><aab004>四川</aab004><aae011>ikjf</aae011><aff002>C1010351007641</aff002><aaa027>511302</aaa027></inputxml><reqdate>20170108</reqdate><reqseq>22000108000000000297</reqseq><tradeId>NC39002</tradeId><aaz400>511302</aaz400></Para01>]
[17-01-08 21:21:58]aaz400[511302]
[17-01-08 21:21:58]tradeId[NC39002]
[17-01-08 21:21:58]inputXml[<inputxml reqseq="22000108000000000297" reqdate="20170108"><rows><row><aae100>0</aae100><aae001>2017</aae001><aae140>390</aae140><aac002>372827197801051723</aac002><aac003>王世玲</aac003></row></rows><aab004>四川</aab004><aae011>ikjf</aae011><aff002>C1010351007641</aff002><aaa027>511302</aaa027></inputxml>]
[17-01-08 21:21:58]加密inputXml[ixW2srwLtVP1JXBwdAhXfp9xGgKbej86n/lLF//oQn7M5BNcy90KMgQPJZKNQRSPBPEuY3xY0RDR
GOTgnvL4iNbqRBAf/g7jLkxPj0ztGwe8EQNWTgK57OuZokh+MF5muaDmId9Z/wKZwsWjYQQgrjrR
TxGR3Ax3ZLN0IUy+v0ydsFzpHVbh7A04EFd2mfwje1nxM/6kcsD2So6iI32K1D8iRBziPX3MmccP
qIBN9xH1jzJKouuXOvWPNoY+dpu0JUI2n7bZoqbrNV/HUitTuJl2mRVUW0WN+LsEMrUAz8I=]
[17-01-08 21:21:58]社保返回报文加密recvXml[jZcL/ywZdre+q+OPtYs6q0cyyPqdVi5+pDvuARCoHy/dlQ+n2kC4tmIAVhb5UH8zwYc7h/Q/obox
fvNXftpFgBa9zt6+H6B0DyHkbdRHjyPGxrd9GQyAKIhqhhQYj/X3s4HKpms3Zvd3P6cQjLKyFRJU
I2Q2ZfSz6EwZ3gxqyw15kMK03a/o0yRngQZVyYVIE4LmQm2xkZGifxHny71Wqq7HzNd2VCgXs3Gv
ScfP0QliFYu0ZgitXZkr8h8yDNsU48CTmID3tCZLKVY13s7+jROHEmau1HcBDhyRs26ps2xiQp3g
+KaF1eE3JOucH6Gzr/o37xkZtnaEeavkyohBbg==]
[17-01-08 21:21:58]社保返回报文解密[<?xml version="1.0" encoding="UTF-8"?>
<result><message></message><code>1</code><output><aae019sum>150</aae019sum><aaz002>2132632</aaz002><akb079>1</akb079><rows><row><aae013/><aac003>王世玲</aac003><aae001>2017</aae001><cljg>1</cljg><aaa027>511302</aaa027><aae100>0</aae100><aae019>150</aae019><aae140>390</aae140><aac002>372827197801051723</aac002></row></rows></output></result>]
[17-01-08 21:21:58]应答报文:[000423<ap><RetCode>0000</RetCode><RetMsg>交易成功</RetMsg><RetInfo01><result><message></message><code>1</code><output><aae019sum>150</aae019sum><aaz002>2132632</aaz002><akb079>1</akb079><rows><row><aae013 /><aac003>王世玲</aac003><aae001>2017</aae001><cljg>1</cljg><aaa027>511302</aaa027><aae100>0</aae100><aae019>150</aae019><aae140>390</aae140><aac002>372827197801051723</aac002></row></rows></output></result></RetInfo01></ap>]
[17-01-08 21:21:58]Disconnect from [10.52.4.134]
[17-01-08 21:23:33]线程池中新增新线程[10.52.4.134]当前可用线程数[999]......
[17-01-08 21:23:33]Connect with [10.52.4.134]......
[17-01-08 21:23:33]报文长度:[000405]
[17-01-08 21:23:33]报文内容:[<ap>
	<Para01>
		<inputxml>
			<akb079>1</akb079>
			<aae019sum>150</aae019sum>
			<aaz002>2132632</aaz002>
			<aae011>ikjf</aae011>
			<aff002>C1010351007641</aff002>
			<aaa027>511302</aaa027>
		</inputxml>
		<reqdate>20170108</reqdate>
		<reqseq>22000108000000000298</reqseq>
		<tradeId>NC39004</tradeId>
		<aaz400>511302</aaz400>
	</Para01>
	<FuncName>szCall</FuncName>
	<Project>NCDC</Project>
</ap>
]
[17-01-08 21:23:33]sProject=[NCDC]
[17-01-08 21:23:33]original key:[1111111133333333]
[17-01-08 21:23:33]new key:[iHO3ikVV8qq37H0N]
[17-01-08 21:23:33]XmlPara01[<Para01><inputxml><akb079>1</akb079><aae019sum>150</aae019sum><aaz002>2132632</aaz002><aae011>ikjf</aae011><aff002>C1010351007641</aff002><aaa027>511302</aaa027></inputxml><reqdate>20170108</reqdate><reqseq>22000108000000000298</reqseq><tradeId>NC39004</tradeId><aaz400>511302</aaz400></Para01>]
[17-01-08 21:23:33]aaz400[511302]
[17-01-08 21:23:33]tradeId[NC39004]
[17-01-08 21:23:33]inputXml[<inputxml reqseq="22000108000000000298" reqdate="20170108"><akb079>1</akb079><aae019sum>150</aae019sum><aaz002>2132632</aaz002><aae011>ikjf</aae011><aff002>C1010351007641</aff002><aaa027>511302</aaa027></inputxml>]
[17-01-08 21:23:33]加密inputXml[2nxF3cTc2PKjcJfFG57cKbN8yKyYmS0CJdTHRcVDT6BXvlsA7i1ULBQ1zf57jjTCK0zaBhWmuAoq
RtgSMIMA9OW+6uu7DWNF8IhlM4bxVL1dKK1ruyjweUvFdTzF8b2WV5Ne3s+kOGcvZc4kocsnHi3e
FC2PwwYkA/FnzSyr7j5Ea/+iFtvzFIgVti8ymuELjVbP+Q8TdiC3/LgE/kFnkw==]
[17-01-08 21:23:33]社保返回报文加密recvXml[YrHfPdELLEdIv0xikjwgPZJLg3GxaSIvNRgjmt2kLgj66DDGYIEd6RgnFJtsj7otu1HZZ8aFmX9S
YqIpxl7DH8C+CeiA4QOJ/lwNvWm9H4v9WXInp6EzKeBw/dUe0tu6ddXwOnK9PYFsnc3alPVXyDy0
OWnrbgs3gP4OPZRUIvVkyF910ASZIxOpw6PXn7p1]
[17-01-08 21:23:33]社保返回报文解密[<?xml version="1.0" encoding="UTF-8"?>
<result><message></message><code>1</code><output><aae013/><cljg>1</cljg><aaz002>2132632</aaz002></output></result>]
[17-01-08 21:23:33]应答报文:[000195<ap><RetCode>0000</RetCode><RetMsg>交易成功</RetMsg><RetInfo01><result><message></message><code>1</code><output><aae013 /><cljg>1</cljg><aaz002>2132632</aaz002></output></result></RetInfo01></ap>]
[17-01-08 21:23:33]Disconnect from [10.52.4.134]
[17-01-08 21:26:35]线程池中新增新线程[10.52.4.134]当前可用线程数[999]......
[17-01-08 21:26:35]Connect with [10.52.4.134]......
[17-01-08 21:26:35]报文长度:[000408]
[17-01-08 21:26:35]报文内容:[<ap>
	<Para01>
		<inputxml>
			<akb079>1</akb079>
			<aae019sum>150.00</aae019sum>
			<aaz002>2132632</aaz002>
			<aae011>ikjf</aae011>
			<aff002>C1010351007641</aff002>
			<aaa027>511302</aaa027>
		</inputxml>
		<reqdate>20170108</reqdate>
		<reqseq>22000108000000000300</reqseq>
		<tradeId>NC39005</tradeId>
		<aaz400>511302</aaz400>
	</Para01>
	<FuncName>szCall</FuncName>
	<Project>NCDC</Project>
</ap>
]
[17-01-08 21:26:35]sProject=[NCDC]
[17-01-08 21:26:35]original key:[1111111133333333]
[17-01-08 21:26:35]new key:[iHO3ikVV8qq37H0N]
[17-01-08 21:26:35]XmlPara01[<Para01><inputxml><akb079>1</akb079><aae019sum>150.00</aae019sum><aaz002>2132632</aaz002><aae011>ikjf</aae011><aff002>C1010351007641</aff002><aaa027>511302</aaa027></inputxml><reqdate>20170108</reqdate><reqseq>22000108000000000300</reqseq><tradeId>NC39005</tradeId><aaz400>511302</aaz400></Para01>]
[17-01-08 21:26:35]aaz400[511302]
[17-01-08 21:26:35]tradeId[NC39005]
[17-01-08 21:26:35]inputXml[<inputxml reqseq="22000108000000000300" reqdate="20170108"><akb079>1</akb079><aae019sum>150.00</aae019sum><aaz002>2132632</aaz002><aae011>ikjf</aae011><aff002>C1010351007641</aff002><aaa027>511302</aaa027></inputxml>]
[17-01-08 21:26:35]加密inputXml[Hr7RvGjDYIS9y/JCtaYqDZ62RTCm1bjfGbrl1V4eIK2rLuH9jAguxdQUi/ZTpMBa/JCjr0OutUwm
fZpDxbitY8nJmN/zqdV92PA8xG/vp2xJtxOulNdYVH/qZhPq2WRpE7N+zglaYovfOvgyyQ2IGsF2
wRODVNa9lGay9LIX5K4O2bsS69f6mAxVEiai72406hWExEeHhEJy1mw4pMP2cQ==]
[17-01-08 21:26:35]社保返回报文加密recvXml[YrHfPdELLEdIv0xikjwgPZJLg3GxaSIvNRgjmt2kLgj66DDGYIEd6RgnFJtsj7otu1HZZ8aFmX9S
YqIpxl7DH8C+CeiA4QOJ/lwNvWm9H4v9WXInp6EzKeBw/dUe0tu6ddXwOnK9PYFsnc3alPVXyDy0
OWnrbgs3gP4OPZRUIvVkyF910ASZIxOpw6PXn7p1]
[17-01-08 21:26:35]社保返回报文解密[<?xml version="1.0" encoding="UTF-8"?>
<result><message></message><code>1</code><output><aae013/><cljg>1</cljg><aaz002>2132632</aaz002></output></result>]
[17-01-08 21:26:35]应答报文:[000195<ap><RetCode>0000</RetCode><RetMsg>交易成功</RetMsg><RetInfo01><result><message></message><code>1</code><output><aae013 /><cljg>1</cljg><aaz002>2132632</aaz002></output></result></RetInfo01></ap>]
[17-01-08 21:26:35]Disconnect from [10.52.4.134]
[17-01-08 21:30:37]线程池中新增新线程[10.52.4.134]当前可用线程数[999]......
[17-01-08 21:30:37]Connect with [10.52.4.134]......
[17-01-08 21:30:37]报文长度:[000539]
[17-01-08 21:30:37]报文内容:[<ap>
	<Para01>
		<inputxml>
			<rows>
				<row>
					<aae100>0</aae100>
					<aae001>2017</aae001>
					<aae140>390</aae140>
					<aac002>372922197401218233</aac002>
					<aac003>马伟</aac003>
				</row>
			</rows>
			<aab004>四川省</aab004>
			<aae011>ikjf</aae011>
			<aff002>C1010351007641</aff002>
			<aaa027>511302</aaa027>
		</inputxml>
		<reqdate>20170108</reqdate>
		<reqseq>22000108000000000303</reqseq>
		<tradeId>NC39002</tradeId>
		<aaz400>511302</aaz400>
	</Para01>
	<FuncName>szCall</FuncName>
	<Project>NCDC</Project>
</ap>
]
[17-01-08 21:30:37]sProject=[NCDC]
[17-01-08 21:30:37]original key:[1111111133333333]
[17-01-08 21:30:37]new key:[iHO3ikVV8qq37H0N]
[17-01-08 21:30:37]XmlPara01[<Para01><inputxml><rows><row><aae100>0</aae100><aae001>2017</aae001><aae140>390</aae140><aac002>372922197401218233</aac002><aac003>马伟</aac003></row></rows><aab004>四川省</aab004><aae011>ikjf</aae011><aff002>C1010351007641</aff002><aaa027>511302</aaa027></inputxml><reqdate>20170108</reqdate><reqseq>22000108000000000303</reqseq><tradeId>NC39002</tradeId><aaz400>511302</aaz400></Para01>]
[17-01-08 21:30:37]aaz400[511302]
[17-01-08 21:30:37]tradeId[NC39002]
[17-01-08 21:30:37]inputXml[<inputxml reqseq="22000108000000000303" reqdate="20170108"><rows><row><aae100>0</aae100><aae001>2017</aae001><aae140>390</aae140><aac002>372922197401218233</aac002><aac003>马伟</aac003></row></rows><aab004>四川省</aab004><aae011>ikjf</aae011><aff002>C1010351007641</aff002><aaa027>511302</aaa027></inputxml>]
[17-01-08 21:30:37]加密inputXml[mCrMJqtFoU1XadgoG5YH/kwLgMXkiqC7UbWpNxMY4nU8BYDfQ0CQaaIjul7Gce3rOQ3UQBYOxof0
zMmkXnBlhlrNltLNdTWZ4d5nLbCd/pOGh602PKlKludLF2CbkYAnTj5eQTmlvjoD5ar1giUkoDO0
p2oomgAkyPtNLv1LOiOr5baTve4emYO2MDRLKFcoV1JIzucjTV03i7jntpq6cQMkL1XwJ7Hc96YX
D9zeVGrZ1kTuJQZH28XyuhUbIDRveQYFs1v+obJT3jwUexY1JB1ICl6T7X0PwAvawbXI4AA=]
[17-01-08 21:30:38]社保返回报文加密recvXml[dGDatInZI8FJGQnPTQAX+KCVhwQhXq5jW0pZ5eno83jB/6/i2l8BcRdweKDZo+0BdxnAzF0S1ej5
Aa+WudPzecHs5Qm/PoRHqhzIT7aMxiKf0xbGw9tERmbPFCssHIA86Jr40eXQC2RFrHL/EPZ+x3vJ
Eru8N7WsMjp5sUY60krzlS771VItdlQ0EOzgTsRA6J5BjhYmDR3Mjny9kYKTlMHZqD3bzL4ASdmb
ZlwB2YR9o+UWfqunOcbcmiqiXUuncINPKeUs4l7BoiOpnNZrvF0wjMqu4Y/lKX8aEPr2DcFYnoIZ
Dbv0zdWHW25xIhlvvqwGLfl6GThSKUvG/HbItQ==]
[17-01-08 21:30:38]社保返回报文解密[<?xml version="1.0" encoding="UTF-8"?>
<result><message></message><code>1</code><output><aae019sum>150</aae019sum><aaz002>2132633</aaz002><akb079>1</akb079><rows><row><aae013/><aac003>马伟</aac003><aae001>2017</aae001><cljg>1</cljg><aaa027>511302</aaa027><aae100>0</aae100><aae019>150</aae019><aae140>390</aae140><aac002>372922197401218233</aac002></row></rows></output></result>]
[17-01-08 21:30:38]应答报文:[000421<ap><RetCode>0000</RetCode><RetMsg>交易成功</RetMsg><RetInfo01><result><message></message><code>1</code><output><aae019sum>150</aae019sum><aaz002>2132633</aaz002><akb079>1</akb079><rows><row><aae013 /><aac003>马伟</aac003><aae001>2017</aae001><cljg>1</cljg><aaa027>511302</aaa027><aae100>0</aae100><aae019>150</aae019><aae140>390</aae140><aac002>372922197401218233</aac002></row></rows></output></result></RetInfo01></ap>]
[17-01-08 21:30:38]Disconnect from [10.52.4.134]
[17-01-08 21:31:06]线程池中新增新线程[10.52.4.134]当前可用线程数[999]......
[17-01-08 21:31:06]Connect with [10.52.4.134]......
[17-01-08 21:31:06]报文长度:[000405]
[17-01-08 21:31:06]报文内容:[<ap>
	<Para01>
		<inputxml>
			<akb079>1</akb079>
			<aae019sum>150</aae019sum>
			<aaz002>2132633</aaz002>
			<aae011>ikjf</aae011>
			<aff002>C1010351007641</aff002>
			<aaa027>511302</aaa027>
		</inputxml>
		<reqdate>20170108</reqdate>
		<reqseq>22000108000000000304</reqseq>
		<tradeId>NC39004</tradeId>
		<aaz400>511302</aaz400>
	</Para01>
	<FuncName>szCall</FuncName>
	<Project>NCDC</Project>
</ap>
]
[17-01-08 21:31:06]sProject=[NCDC]
[17-01-08 21:31:06]original key:[1111111133333333]
[17-01-08 21:31:06]new key:[iHO3ikVV8qq37H0N]
[17-01-08 21:31:06]XmlPara01[<Para01><inputxml><akb079>1</akb079><aae019sum>150</aae019sum><aaz002>2132633</aaz002><aae011>ikjf</aae011><aff002>C1010351007641</aff002><aaa027>511302</aaa027></inputxml><reqdate>20170108</reqdate><reqseq>22000108000000000304</reqseq><tradeId>NC39004</tradeId><aaz400>511302</aaz400></Para01>]
[17-01-08 21:31:06]aaz400[511302]
[17-01-08 21:31:06]tradeId[NC39004]
[17-01-08 21:31:06]inputXml[<inputxml reqseq="22000108000000000304" reqdate="20170108"><akb079>1</akb079><aae019sum>150</aae019sum><aaz002>2132633</aaz002><aae011>ikjf</aae011><aff002>C1010351007641</aff002><aaa027>511302</aaa027></inputxml>]
[17-01-08 21:31:06]加密inputXml[aVdgyzY1TKeIq9Jm8iMRlNh30iib+42Z/lMs7PssTHM5ZaCSvdmWaWMaFtX+tOuIuh1L3cgUR244
cSAXwiHJ90qgjAGFdVF12Qh8a7XUrQFjaGUoSOVWxxzskyJleL7LfCSUhTKVhHFKsr2+I+QQ5U64
iIIAW7KUzbgEkH3pXu6K8r4668zLCwWz/VCqHCcEMlqqzUYHHc/E6L9UGiwANA==]
[17-01-08 21:31:06]社保返回报文加密recvXml[YrHfPdELLEdIv0xikjwgPZJLg3GxaSIvNRgjmt2kLgj66DDGYIEd6RgnFJtsj7otu1HZZ8aFmX9S
YqIpxl7DH8C+CeiA4QOJ/lwNvWm9H4v9WXInp6EzKeBw/dUe0tu6ddXwOnK9PYFsnc3alPVXyHD9
FrKP8C85JOv4D8sHvOi/V3t5pef31Xew/qOsKCrs]
[17-01-08 21:31:06]社保返回报文解密[<?xml version="1.0" encoding="UTF-8"?>
<result><message></message><code>1</code><output><aae013/><cljg>1</cljg><aaz002>2132633</aaz002></output></result>]
[17-01-08 21:31:06]应答报文:[000195<ap><RetCode>0000</RetCode><RetMsg>交易成功</RetMsg><RetInfo01><result><message></message><code>1</code><output><aae013 /><cljg>1</cljg><aaz002>2132633</aaz002></output></result></RetInfo01></ap>]
[17-01-08 21:31:06]Disconnect from [10.52.4.134]
[17-01-08 21:33:37]线程池中新增新线程[10.52.4.134]当前可用线程数[999]......
[17-01-08 21:33:37]Connect with [10.52.4.134]......
[17-01-08 21:33:37]报文长度:[000537]
[17-01-08 21:33:37]报文内容:[<ap>
	<Para01>
		<inputxml>
			<rows>
				<row>
					<aae100>0</aae100>
					<aae001>2017</aae001>
					<aae140>390</aae140>
					<aac002>372929196304283068</aac002>
					<aac003>陈芳</aac003>
				</row>
			</rows>
			<aab004>四川</aab004>
			<aae011>ikjf</aae011>
			<aff002>C1010351007641</aff002>
			<aaa027>511302</aaa027>
		</inputxml>
		<reqdate>20170108</reqdate>
		<reqseq>22000108000000000305</reqseq>
		<tradeId>NC39002</tradeId>
		<aaz400>511302</aaz400>
	</Para01>
	<FuncName>szCall</FuncName>
	<Project>NCDC</Project>
</ap>
]
[17-01-08 21:33:37]sProject=[NCDC]
[17-01-08 21:33:37]original key:[1111111133333333]
[17-01-08 21:33:37]new key:[iHO3ikVV8qq37H0N]
[17-01-08 21:33:37]XmlPara01[<Para01><inputxml><rows><row><aae100>0</aae100><aae001>2017</aae001><aae140>390</aae140><aac002>372929196304283068</aac002><aac003>陈芳</aac003></row></rows><aab004>四川</aab004><aae011>ikjf</aae011><aff002>C1010351007641</aff002><aaa027>511302</aaa027></inputxml><reqdate>20170108</reqdate><reqseq>22000108000000000305</reqseq><tradeId>NC39002</tradeId><aaz400>511302</aaz400></Para01>]
[17-01-08 21:33:37]aaz400[511302]
[17-01-08 21:33:37]tradeId[NC39002]
[17-01-08 21:33:37]inputXml[<inputxml reqseq="22000108000000000305" reqdate="20170108"><rows><row><aae100>0</aae100><aae001>2017</aae001><aae140>390</aae140><aac002>372929196304283068</aac002><aac003>陈芳</aac003></row></rows><aab004>四川</aab004><aae011>ikjf</aae011><aff002>C1010351007641</aff002><aaa027>511302</aaa027></inputxml>]
[17-01-08 21:33:37]加密inputXml[zTVyztwoZjKMqq0BWt/EA4RHyDlwIWtqj7FpAmw/VgF7IMvnQoWyABeTLx89GhtV/qLyPIPjWOeY
+zSsVE0seeS5elTx35cPK8dgXrhPhkbwu2MTUV1SVekgcOTJNsGCLakUUuz7MoDNtQkwNx8piWDl
rGERGE1UKobZY1MFxovRQyEfiic0mzaAF/QlXOlFgNEgLGeOIbxjOCokaC5xbKvUqXk9VOoK26e/
+3ptC209f+qFCKR1li7oePdedVvyEYWvEAmtovVG8EETvr3RVgzpOMevxdwpsQY55QzZ5VM=]
[17-01-08 21:33:37]社保返回报文加密recvXml[sYI/twpC2L9bVgE7nemcdvCOkNy1noY2dvDf3mYY2S4qExOh72Ej4FzN6Dix0ALeqz6Q+8vuIHrH
CELXZhDQDr3pGuh8xMjILKNA44cDuBfafLnqoHUiY6t7jDtJLfB6brn5n9Xi841MdX/lbyNT8jRx
fG4SQ/rRWMaF8Z66DWJXlA/PfxooA3wr5xZZ+S5Tkty8dgSjuO7Vs4jQmjhhEQxaHg+H82qj1f9B
RRKlv1XmcquMIxplr3iFqHl8T3LgnRznX9NmJXBrM4RxWMrmzFGubBTSNHVOJXEynyrIIGg9cuuy
xTH+ZZWJ7HSRn+vVqElI/i2JTXrWvYAEySPEQQ==]
[17-01-08 21:33:37]社保返回报文解密[<?xml version="1.0" encoding="UTF-8"?>
<result><message></message><code>1</code><output><aae019sum>150</aae019sum><aaz002>2132634</aaz002><akb079>1</akb079><rows><row><aae013/><aac003>陈芳</aac003><aae001>2017</aae001><cljg>1</cljg><aaa027>511302</aaa027><aae100>0</aae100><aae019>150</aae019><aae140>390</aae140><aac002>372929196304283068</aac002></row></rows></output></result>]
[17-01-08 21:33:37]应答报文:[000421<ap><RetCode>0000</RetCode><RetMsg>交易成功</RetMsg><RetInfo01><result><message></message><code>1</code><output><aae019sum>150</aae019sum><aaz002>2132634</aaz002><akb079>1</akb079><rows><row><aae013 /><aac003>陈芳</aac003><aae001>2017</aae001><cljg>1</cljg><aaa027>511302</aaa027><aae100>0</aae100><aae019>150</aae019><aae140>390</aae140><aac002>372929196304283068</aac002></row></rows></output></result></RetInfo01></ap>]
[17-01-08 21:33:37]Disconnect from [10.52.4.134]
[17-01-08 21:34:10]线程池中新增新线程[10.52.4.134]当前可用线程数[999]......
[17-01-08 21:34:10]Connect with [10.52.4.134]......
[17-01-08 21:34:10]报文长度:[000405]
[17-01-08 21:34:10]报文内容:[<ap>
	<Para01>
		<inputxml>
			<akb079>1</akb079>
			<aae019sum>150</aae019sum>
			<aaz002>2132634</aaz002>
			<aae011>ikjf</aae011>
			<aff002>C1010351007641</aff002>
			<aaa027>511302</aaa027>
		</inputxml>
		<reqdate>20170108</reqdate>
		<reqseq>22000108000000000306</reqseq>
		<tradeId>NC39004</tradeId>
		<aaz400>511302</aaz400>
	</Para01>
	<FuncName>szCall</FuncName>
	<Project>NCDC</Project>
</ap>
]
[17-01-08 21:34:10]sProject=[NCDC]
[17-01-08 21:34:10]original key:[1111111133333333]
[17-01-08 21:34:10]new key:[iHO3ikVV8qq37H0N]
[17-01-08 21:34:10]XmlPara01[<Para01><inputxml><akb079>1</akb079><aae019sum>150</aae019sum><aaz002>2132634</aaz002><aae011>ikjf</aae011><aff002>C1010351007641</aff002><aaa027>511302</aaa027></inputxml><reqdate>20170108</reqdate><reqseq>22000108000000000306</reqseq><tradeId>NC39004</tradeId><aaz400>511302</aaz400></Para01>]
[17-01-08 21:34:10]aaz400[511302]
[17-01-08 21:34:10]tradeId[NC39004]
[17-01-08 21:34:10]inputXml[<inputxml reqseq="22000108000000000306" reqdate="20170108"><akb079>1</akb079><aae019sum>150</aae019sum><aaz002>2132634</aaz002><aae011>ikjf</aae011><aff002>C1010351007641</aff002><aaa027>511302</aaa027></inputxml>]
[17-01-08 21:34:10]加密inputXml[mMWNI+d+zR1LRIVDAd0YpWYFjZCItckXq936JG95Pa+x1GsFTbWpCPIM4xMQiVon9OwTQWJegoQ/
S2TRk1PgNqv/7z1idW8zblB7jYTCZ380E6LKiFfHDuZVLVJeW8XHLqd+uomsmKHGwynFBr5L/yz+
0ZPHLh+2D0nZTqkDLaYtjqGId+gV5EhW/Igu1GGo2n9e5aR7yHZoHmwzndIBUA==]
[17-01-08 21:34:10]社保返回报文加密recvXml[YWLjcrpBoxlGCraNqt1icX0E/gB9IswQUd7GrQ/LFnwq9tR463zv1MbvMsQ0W+qsIk7diLk7OCDH
13eq/ie2VMiJ4Kpz+KA5v4aGrWq2jt1ICL7pwQYPbAc07d9kaL8knq624XwvJKXAXnlvXIUMfIHA
DL8MtVj05fcn63DmwYA/asyyXOa9s2NTGNolvwd4]
[17-01-08 21:34:10]社保返回报文解密[<?xml version="1.0" encoding="UTF-8"?>
<result><message></message><code>1</code><output><aae013/><cljg>1</cljg><aaz002>2132634</aaz002></output></result>]
[17-01-08 21:34:10]应答报文:[000195<ap><RetCode>0000</RetCode><RetMsg>交易成功</RetMsg><RetInfo01><result><message></message><code>1</code><output><aae013 /><cljg>1</cljg><aaz002>2132634</aaz002></output></result></RetInfo01></ap>]
[17-01-08 21:34:10]Disconnect from [10.52.4.134]
[17-01-08 21:36:14]线程池中新增新线程[10.52.4.134]当前可用线程数[999]......
[17-01-08 21:36:14]Connect with [10.52.4.134]......
[17-01-08 21:36:14]报文长度:[000408]
[17-01-08 21:36:14]报文内容:[<ap>
	<Para01>
		<inputxml>
			<akb079>1</akb079>
			<aae019sum>150.00</aae019sum>
			<aaz002>2132634</aaz002>
			<aae011>ikjf</aae011>
			<aff002>C1010351007641</aff002>
			<aaa027>511302</aaa027>
		</inputxml>
		<reqdate>20170108</reqdate>
		<reqseq>22000108000000000308</reqseq>
		<tradeId>NC39005</tradeId>
		<aaz400>511302</aaz400>
	</Para01>
	<FuncName>szCall</FuncName>
	<Project>NCDC</Project>
</ap>
]
[17-01-08 21:36:14]sProject=[NCDC]
[17-01-08 21:36:14]original key:[1111111133333333]
[17-01-08 21:36:14]new key:[iHO3ikVV8qq37H0N]
[17-01-08 21:36:14]XmlPara01[<Para01><inputxml><akb079>1</akb079><aae019sum>150.00</aae019sum><aaz002>2132634</aaz002><aae011>ikjf</aae011><aff002>C1010351007641</aff002><aaa027>511302</aaa027></inputxml><reqdate>20170108</reqdate><reqseq>22000108000000000308</reqseq><tradeId>NC39005</tradeId><aaz400>511302</aaz400></Para01>]
[17-01-08 21:36:14]aaz400[511302]
[17-01-08 21:36:14]tradeId[NC39005]
[17-01-08 21:36:14]inputXml[<inputxml reqseq="22000108000000000308" reqdate="20170108"><akb079>1</akb079><aae019sum>150.00</aae019sum><aaz002>2132634</aaz002><aae011>ikjf</aae011><aff002>C1010351007641</aff002><aaa027>511302</aaa027></inputxml>]
[17-01-08 21:36:14]加密inputXml[JG8f1GD1V3QME+xO/nRZut5/BOiZd9c55FXleRGMSR0y5673vuap1A66upfoDU2WhCgSUCNuFd6P
rttEZKeQwtrmvEa9OrC397I5LQnwSgyGNjQkP/eW7fakZqd6MHhPdIbOElgocPdY7oeMs3m7qSJg
aVFge+E3UUDR5t1XmNbubEZ9cqY6T4vP4+2IlgfiTmOp2RGYm50dgNUl6ggElQ==]
[17-01-08 21:36:14]社保返回报文加密recvXml[YWLjcrpBoxlGCraNqt1icX0E/gB9IswQUd7GrQ/LFnwq9tR463zv1MbvMsQ0W+qsIk7diLk7OCDH
13eq/ie2VMiJ4Kpz+KA5v4aGrWq2jt1ICL7pwQYPbAc07d9kaL8knq624XwvJKXAXnlvXIUMfIHA
DL8MtVj05fcn63DmwYA/asyyXOa9s2NTGNolvwd4]
[17-01-08 21:36:15]社保返回报文解密[<?xml version="1.0" encoding="UTF-8"?>
<result><message></message><code>1</code><output><aae013/><cljg>1</cljg><aaz002>2132634</aaz002></output></result>]
[17-01-08 21:36:15]应答报文:[000195<ap><RetCode>0000</RetCode><RetMsg>交易成功</RetMsg><RetInfo01><result><message></message><code>1</code><output><aae013 /><cljg>1</cljg><aaz002>2132634</aaz002></output></result></RetInfo01></ap>]
[17-01-08 21:36:15]Disconnect from [10.52.4.134]
