[17-08-11 09:01:46]线程池中新增新线程[10.52.4.134]当前可用线程数[999]......
[17-08-11 09:01:46]Connect with [10.52.4.134]......
[17-08-11 09:01:46]报文长度:[000322]
[17-08-11 09:01:46]报文内容:[<ap>
	<Para01>
		<inputxml>
			<aae072>1063</aae072>
			<aaa027>511399</aaa027>
			<aae011>ikjf</aae011>
			<aff002>C1010351007641</aff002>
		</inputxml>
		<reqdate>20170104</reqdate>
		<reqseq>22000811000000000032</reqseq>
		<tradeId>ZS200</tradeId>
	</Para01>
	<FuncName>szCall</FuncName>
	<Project>NCDC</Project>
</ap>
]
[17-08-11 09:01:46]sProject=[NCDC]
[17-08-11 09:01:46]original key:[1111111133333333]
[17-08-11 09:01:46]new key:[eEKa41ksY6VvAqGo]
[17-08-11 09:01:46]XmlPara01[<Para01><inputxml><aae072>1063</aae072><aaa027>511399</aaa027><aae011>ikjf</aae011><aff002>C1010351007641</aff002></inputxml><reqdate>20170104</reqdate><reqseq>22000811000000000032</reqseq><tradeId>ZS200</tradeId></Para01>]
[17-08-11 09:01:46]tradeId[ZS200]
[17-08-11 09:01:46]inputXml[<inputxml reqseq="22000811000000000032" reqdate="20170104"><aae072>1063</aae072><aaa027>511399</aaa027><aae011>ikjf</aae011><aff002>C1010351007641</aff002></inputxml>]
[17-08-11 09:01:46]加密inputXml[o2VEmecpfLkabux+ybWrgA4gvd4POI9m+eWj+hjiYmMW+If/XkXfBuMaFglzDBiBfmEtZtNKZrWX
1rXqQ4JY+g/wjIJ5If8VCezQYOf59pDshgMEHE2FOoZPTv3++yQQRdn3l1mpCRXl6Sm2MpJmFhs8
0wNmGjbgLXWUiRr9bkiu5Evpaw3ZIyhr+t79WW5Z]
[17-08-11 09:01:46]社保返回报文加密recvXml[/SAPv3hfPVu9mra0TX9fJ4BPUsRQnm2/kEtSyAlIUmtZmyr1/6T11M5BWoBfdK/feRFD4lHdLULh
Cf2p3P6qBQhn4avXaXntVqzY4ZN/kRsTRCmCdYiTvLYHVeuG5DzCiEtjrkdhHYcx2FVgm1pzRBMh
Z2IlGDAtiZYom66CCGU=]
[17-08-11 09:01:46]社保返回报文解密[<result><code>100</code><message>处理出错：错误原因：单据号1063找不到!</message></result>]
[17-08-11 09:01:46]应答报文:[000169<ap><RetCode>0000</RetCode><RetMsg>交易成功</RetMsg><RetInfo01><result><code>100</code><message>处理出错：错误原因：单据号1063找不到!</message></result></RetInfo01></ap>]
[17-08-11 09:01:46]Disconnect from [10.52.4.134]
[17-08-11 09:02:02]线程池中新增新线程[10.52.4.134]当前可用线程数[999]......
[17-08-11 09:02:02]Connect with [10.52.4.134]......
[17-08-11 09:02:02]报文长度:[000322]
[17-08-11 09:02:02]报文内容:[<ap>
	<Para01>
		<inputxml>
			<aae072>1122</aae072>
			<aaa027>511399</aaa027>
			<aae011>ikjf</aae011>
			<aff002>C1010351007641</aff002>
		</inputxml>
		<reqdate>20170104</reqdate>
		<reqseq>22000811000000000033</reqseq>
		<tradeId>ZS200</tradeId>
	</Para01>
	<FuncName>szCall</FuncName>
	<Project>NCDC</Project>
</ap>
]
[17-08-11 09:02:02]sProject=[NCDC]
[17-08-11 09:02:02]original key:[1111111133333333]
[17-08-11 09:02:02]new key:[eEKa41ksY6VvAqGo]
[17-08-11 09:02:02]XmlPara01[<Para01><inputxml><aae072>1122</aae072><aaa027>511399</aaa027><aae011>ikjf</aae011><aff002>C1010351007641</aff002></inputxml><reqdate>20170104</reqdate><reqseq>22000811000000000033</reqseq><tradeId>ZS200</tradeId></Para01>]
[17-08-11 09:02:02]tradeId[ZS200]
[17-08-11 09:02:02]inputXml[<inputxml reqseq="22000811000000000033" reqdate="20170104"><aae072>1122</aae072><aaa027>511399</aaa027><aae011>ikjf</aae011><aff002>C1010351007641</aff002></inputxml>]
[17-08-11 09:02:02]加密inputXml[8YXR5DoMNiDy5Q1IXV+x+CHPA9B7x1wq2fw/QZGVbde2nmr9SF/5HBlqSs0Bc70pM9EFND7kiw53
z1dzUEQ0IeGVADnnjzpcPoBGiG+buMQiAVUh6glQ+hXVjnE7pacYnLM9sUNlRoMWndhJzm11xdj+
wRw2kSaCy7KZyJddVWRNqAfLBhq9eRESb3NC9Hy0]
[17-08-11 09:02:02]社保返回报文加密recvXml[/SAPv3hfPVu9mra0TX9fJ4BPUsRQnm2/kEtSyAlIUmtZmyr1/6T11M5BWoBfdK/feRFD4lHdLULh
Cf2p3P6qBQhn4avXaXntVqzY4ZN/kRtkBIWWtzik7ZMzcOwFKe0j7VE/K7U1h3wNLo+Ug3QYfBMh
Z2IlGDAtiZYom66CCGU=]
[17-08-11 09:02:02]社保返回报文解密[<result><code>100</code><message>处理出错：错误原因：单据号1122找不到!</message></result>]
[17-08-11 09:02:02]应答报文:[000169<ap><RetCode>0000</RetCode><RetMsg>交易成功</RetMsg><RetInfo01><result><code>100</code><message>处理出错：错误原因：单据号1122找不到!</message></result></RetInfo01></ap>]
[17-08-11 09:02:02]Disconnect from [10.52.4.134]
[17-08-11 09:02:11]线程池中新增新线程[10.52.4.134]当前可用线程数[999]......
[17-08-11 09:02:11]Connect with [10.52.4.134]......
[17-08-11 09:02:11]报文长度:[000322]
[17-08-11 09:02:11]报文内容:[<ap>
	<Para01>
		<inputxml>
			<aae072>1061</aae072>
			<aaa027>511399</aaa027>
			<aae011>ikjf</aae011>
			<aff002>C1010351007641</aff002>
		</inputxml>
		<reqdate>20170104</reqdate>
		<reqseq>22000811000000000034</reqseq>
		<tradeId>ZS200</tradeId>
	</Para01>
	<FuncName>szCall</FuncName>
	<Project>NCDC</Project>
</ap>
]
[17-08-11 09:02:11]sProject=[NCDC]
[17-08-11 09:02:11]original key:[1111111133333333]
[17-08-11 09:02:11]new key:[eEKa41ksY6VvAqGo]
[17-08-11 09:02:11]XmlPara01[<Para01><inputxml><aae072>1061</aae072><aaa027>511399</aaa027><aae011>ikjf</aae011><aff002>C1010351007641</aff002></inputxml><reqdate>20170104</reqdate><reqseq>22000811000000000034</reqseq><tradeId>ZS200</tradeId></Para01>]
[17-08-11 09:02:11]tradeId[ZS200]
[17-08-11 09:02:11]inputXml[<inputxml reqseq="22000811000000000034" reqdate="20170104"><aae072>1061</aae072><aaa027>511399</aaa027><aae011>ikjf</aae011><aff002>C1010351007641</aff002></inputxml>]
[17-08-11 09:02:11]加密inputXml[n+0RpIm4HV/sIQirV/QTyFsTjgiy7XTuX1XIqve6yPu3RMHb+j50E4uDG+aNxsi/iG4ETmNInKqU
917ihpiR7s5rFFfukU5JxPQ3hJlaXCf6WZdEGYJDDG71aGMwNhpwy5uxX920TAonmFNlKIudxFS2
ngBa4debgwbcGyRr6bLicjVZDc2hTzfjLbuiZYE/]
[17-08-11 09:02:11]社保返回报文加密recvXml[/SAPv3hfPVu9mra0TX9fJ4BPUsRQnm2/kEtSyAlIUmtZmyr1/6T11M5BWoBfdK/feRFD4lHdLULh
Cf2p3P6qBQhn4avXaXntVqzY4ZN/kRvjEzs5L2Nn+wTvNgtwvj15o12VUEdt5YkDEgc06UEHIRMh
Z2IlGDAtiZYom66CCGU=]
[17-08-11 09:02:11]社保返回报文解密[<result><code>100</code><message>处理出错：错误原因：单据号1061找不到!</message></result>]
[17-08-11 09:02:11]应答报文:[000169<ap><RetCode>0000</RetCode><RetMsg>交易成功</RetMsg><RetInfo01><result><code>100</code><message>处理出错：错误原因：单据号1061找不到!</message></result></RetInfo01></ap>]
[17-08-11 09:02:11]Disconnect from [10.52.4.134]
[17-08-11 09:06:30]线程池中新增新线程[10.52.4.134]当前可用线程数[999]......
[17-08-11 09:06:30]Connect with [10.52.4.134]......
[17-08-11 09:06:30]报文长度:[000328]
[17-08-11 09:06:30]报文内容:[<ap>
	<Para01>
		<inputxml>
			<aae072>1001838906</aae072>
			<aaa027>511399</aaa027>
			<aae011>ikjf</aae011>
			<aff002>C1010351007641</aff002>
		</inputxml>
		<reqdate>20170104</reqdate>
		<reqseq>22000811000000000036</reqseq>
		<tradeId>ZS200</tradeId>
	</Para01>
	<FuncName>szCall</FuncName>
	<Project>NCDC</Project>
</ap>
]
[17-08-11 09:06:30]sProject=[NCDC]
[17-08-11 09:06:30]original key:[1111111133333333]
[17-08-11 09:06:30]new key:[eEKa41ksY6VvAqGo]
[17-08-11 09:06:30]XmlPara01[<Para01><inputxml><aae072>1001838906</aae072><aaa027>511399</aaa027><aae011>ikjf</aae011><aff002>C1010351007641</aff002></inputxml><reqdate>20170104</reqdate><reqseq>22000811000000000036</reqseq><tradeId>ZS200</tradeId></Para01>]
[17-08-11 09:06:30]tradeId[ZS200]
[17-08-11 09:06:30]inputXml[<inputxml reqseq="22000811000000000036" reqdate="20170104"><aae072>1001838906</aae072><aaa027>511399</aaa027><aae011>ikjf</aae011><aff002>C1010351007641</aff002></inputxml>]
[17-08-11 09:06:30]加密inputXml[TYZlc72AMB/7euSyqb8Wut1FyF+a+zEAU/8ubPhTN71sJJ/fklQUatEwj1b3DUWoABaqM5CTK6+g
jUMRyj6GTkN+61wVW8SAw7JhvQMW4rmauVLco2jYy6UfcKjrUFuESKyGq92356GxNEYpgZKiFtHH
2z4vlSivGMlfLNVr3Q1XM5dRwvbPn4r3aiL0rO6Y]
[17-08-11 09:06:30]社保返回报文加密recvXml[/SAPv3hfPVu9mra0TX9fJ4BPUsRQnm2/kEtSyAlIUmtZmyr1/6T11M5BWoBfdK/feRFD4lHdLULh
Cf2p3P6qBcDT4dDl+iqkdZNrR6wB3vrh9sC3GwpW9A4eo6lyTpKdbK8TJXTEMW9BLbi9vzIgtSMZ
A0ai0xc1wHzD8Q/+dpg=]
[17-08-11 09:06:30]社保返回报文解密[<result><code>100</code><message>处理出错：错误原因：单据号1001838906找不到!</message></result>]
[17-08-11 09:06:30]应答报文:[000175<ap><RetCode>0000</RetCode><RetMsg>交易成功</RetMsg><RetInfo01><result><code>100</code><message>处理出错：错误原因：单据号1001838906找不到!</message></result></RetInfo01></ap>]
[17-08-11 09:06:30]Disconnect from [10.52.4.134]
[17-08-11 10:38:49]线程池中新增新线程[10.52.4.134]当前可用线程数[999]......
[17-08-11 10:38:49]Connect with [10.52.4.134]......
[17-08-11 10:38:49]报文长度:[000578]
[17-08-11 10:38:49]报文内容:[<ap>
	<Para01>
		<inputxml>
			<aae042>201712</aae042>
			<aae041>201701</aae041>
			<yic016>03</yic016>
			<aae140_391>0</aae140_391>
			<aae140_390>0</aae140_390>
			<aae140_330>0</aae140_330>
			<aae140_313>0</aae140_313>
			<aae140_310>0</aae140_310>
			<aae140_110>1</aae140_110>
			<aaz010>1001843433</aaz010>
			<aae011>ikjf</aae011>
			<aff002>C1010351007641</aff002>
		</inputxml>
		<reqdate>20170104</reqdate>
		<reqseq>22000811000000000050</reqseq>
		<tradeId>ZS100</tradeId>
		<aaz400></aaz400>
	</Para01>
	<FuncName>szCall</FuncName>
	<Project>NCDC</Project>
</ap>
]
[17-08-11 10:38:49]sProject=[NCDC]
[17-08-11 10:38:49]original key:[1111111133333333]
[17-08-11 10:38:49]new key:[eEKa41ksY6VvAqGo]
[17-08-11 10:38:49]XmlPara01[<Para01><inputxml><aae042>201712</aae042><aae041>201701</aae041><yic016>03</yic016><aae140_391>0</aae140_391><aae140_390>0</aae140_390><aae140_330>0</aae140_330><aae140_313>0</aae140_313><aae140_310>0</aae140_310><aae140_110>1</aae140_110><aaz010>1001843433</aaz010><aae011>ikjf</aae011><aff002>C1010351007641</aff002></inputxml><reqdate>20170104</reqdate><reqseq>22000811000000000050</reqseq><tradeId>ZS100</tradeId><aaz400></aaz400></Para01>]
[17-08-11 10:38:49]tradeId[ZS100]
[17-08-11 10:38:49]inputXml[<inputxml reqseq="22000811000000000050" reqdate="20170104"><aae042>201712</aae042><aae041>201701</aae041><yic016>03</yic016><aae140_391>0</aae140_391><aae140_390>0</aae140_390><aae140_330>0</aae140_330><aae140_313>0</aae140_313><aae140_310>0</aae140_310><aae140_110>1</aae140_110><aaz010>1001843433</aaz010><aae011>ikjf</aae011><aff002>C1010351007641</aff002></inputxml>]
[17-08-11 10:38:49]加密inputXml[M8+4xg/QhLpurhxoelehnx2Y9NuBGITnla9GMTnXpJUmAWjsdoqpY4fZqBV+cJ4JwZljeFt20Png
P9OLD742mNVpe5ivO6aDLKr13/ywLGiorirxTM4Vpu3u3Vdd62vlX2tYCx49jaNsPWe1KJggzr0k
srqPpbdmGefa0pS3JlvVg9X1pbNu2ZyPa7Cj2FWfs01VZQtFGDWqzBUFM2SCs3Mh6246NXzA4F9L
jYEY0QeEV9BnxwrrijfY77VmiukV]
[17-08-11 10:38:49]社保返回报文加密recvXml[/SAPv3hfPVu9mra0TX9fJ4BPUsRQnm2/kEtSyAlIUmtZmyr1/6T11M5BWoBfdK/feRFD4lHdLULh
Cf2p3P6qBVVSh4dwETGscvdVBbofgVjVV4BQ82dUqhCx+V7C9i0OwimEVaR1nFRHXqwK2JauGs86
cifyC5FVJhnyJ3vv6YPlLS7o6kJKaQmYwtxFTij/I4suUvWw/L1T1bggdPMxWCksyK8uBmJ6CmTU
06iv0sb9GhxN8asgOlpyUrjx5DCu]
[17-08-11 10:38:49]社保返回报文解密[<result><code>100</code><message>处理出错：错误原因：人员1001843433未参保,不能缴费,请先做新参保!ORA-06512: 在 "NCJB1.PKG_P_YLHL", line 2610
</message></result>]
[17-08-11 10:38:49]应答报文:[000239<ap><RetCode>0000</RetCode><RetMsg>交易成功</RetMsg><RetInfo01><result><code>100</code><message>处理出错：错误原因：人员1001843433未参保,不能缴费,请先做新参保!ORA-06512: 在 "NCJB1.PKG_P_YLHL", line 2610
</message></result></RetInfo01></ap>]
[17-08-11 10:38:49]Disconnect from [10.52.4.134]
[17-08-11 10:40:00]线程池中新增新线程[10.52.4.134]当前可用线程数[999]......
[17-08-11 10:40:00]Connect with [10.52.4.134]......
[17-08-11 10:40:00]报文长度:[000326]
[17-08-11 10:40:00]报文内容:[<ap>
	<Para01>
		<inputxml>
			<aae072>55660369</aae072>
			<aaa027>511399</aaa027>
			<aae011>ikjf</aae011>
			<aff002>C1010351007641</aff002>
		</inputxml>
		<reqdate>20170104</reqdate>
		<reqseq>22000811000000000051</reqseq>
		<tradeId>ZS200</tradeId>
	</Para01>
	<FuncName>szCall</FuncName>
	<Project>NCDC</Project>
</ap>
]
[17-08-11 10:40:00]sProject=[NCDC]
[17-08-11 10:40:00]original key:[1111111133333333]
[17-08-11 10:40:00]new key:[eEKa41ksY6VvAqGo]
[17-08-11 10:40:00]XmlPara01[<Para01><inputxml><aae072>55660369</aae072><aaa027>511399</aaa027><aae011>ikjf</aae011><aff002>C1010351007641</aff002></inputxml><reqdate>20170104</reqdate><reqseq>22000811000000000051</reqseq><tradeId>ZS200</tradeId></Para01>]
[17-08-11 10:40:00]tradeId[ZS200]
[17-08-11 10:40:00]inputXml[<inputxml reqseq="22000811000000000051" reqdate="20170104"><aae072>55660369</aae072><aaa027>511399</aaa027><aae011>ikjf</aae011><aff002>C1010351007641</aff002></inputxml>]
[17-08-11 10:40:00]加密inputXml[8YXR5DoMNiDy5Q1IXV+x+Dg6425gh566v7+aiuCMoH32SNFGUASFAyBT3Xh85rHggw4pY3w/g31L
zpZk2yq1q1xn0k1OpCVwczJq1GjnhHNBk06AJ0lRksN5Si30bDvpxXt7mjmJogEROQUavp0Mw7Iw
+7hc6X8Wh1FSfe508vYETIiETN0+xxurnwXY6yKs]
[17-08-11 10:40:00]社保返回报文加密recvXml[/SAPv3hfPVu9mra0TX9fJ4BPUsRQnm2/kEtSyAlIUmtZmyr1/6T11M5BWoBfdK/feRFD4lHdLULh
Cf2p3P6qBQhn4avXaXntVqzY4ZN/kRto0WtibcvV5R6u+zIP2RZYpvITUO5yXKx21P3HWp83sxOl
cKZ71X1fkNmkLgv2cJA=]
[17-08-11 10:40:00]社保返回报文解密[<result><code>100</code><message>处理出错：错误原因：单据号55660369已确认过!</message></result>]
[17-08-11 10:40:00]应答报文:[000175<ap><RetCode>0000</RetCode><RetMsg>交易成功</RetMsg><RetInfo01><result><code>100</code><message>处理出错：错误原因：单据号55660369已确认过!</message></result></RetInfo01></ap>]
[17-08-11 10:40:00]Disconnect from [10.52.4.134]
[17-08-11 10:40:08]线程池中新增新线程[10.52.4.134]当前可用线程数[999]......
[17-08-11 10:40:08]Connect with [10.52.4.134]......
[17-08-11 10:40:08]报文长度:[000326]
[17-08-11 10:40:08]报文内容:[<ap>
	<Para01>
		<inputxml>
			<aae072>55671991</aae072>
			<aaa027>511399</aaa027>
			<aae011>ikjf</aae011>
			<aff002>C1010351007641</aff002>
		</inputxml>
		<reqdate>20170104</reqdate>
		<reqseq>22000811000000000052</reqseq>
		<tradeId>ZS200</tradeId>
	</Para01>
	<FuncName>szCall</FuncName>
	<Project>NCDC</Project>
</ap>
]
[17-08-11 10:40:08]sProject=[NCDC]
[17-08-11 10:40:08]original key:[1111111133333333]
[17-08-11 10:40:08]new key:[eEKa41ksY6VvAqGo]
[17-08-11 10:40:08]XmlPara01[<Para01><inputxml><aae072>55671991</aae072><aaa027>511399</aaa027><aae011>ikjf</aae011><aff002>C1010351007641</aff002></inputxml><reqdate>20170104</reqdate><reqseq>22000811000000000052</reqseq><tradeId>ZS200</tradeId></Para01>]
[17-08-11 10:40:08]tradeId[ZS200]
[17-08-11 10:40:08]inputXml[<inputxml reqseq="22000811000000000052" reqdate="20170104"><aae072>55671991</aae072><aaa027>511399</aaa027><aae011>ikjf</aae011><aff002>C1010351007641</aff002></inputxml>]
[17-08-11 10:40:08]加密inputXml[n+0RpIm4HV/sIQirV/QTyCjceEX81q/mS37R6C4MEtU1Hg2eQs0yn0J3LHsS4hr7IfqX45j37ieE
dzqFUXhGFaFnM7W7o2BgiEF9yed0Q11aOijb/qp3y7j1muJOdnOkdCeCDD8pTZSy9QPModVWzH6/
TzMwoFd5Ep0mqpTm8I5oJDY5VSLjRHnh4FXasQOG]
[17-08-11 10:40:08]社保返回报文加密recvXml[/SAPv3hfPVu9mra0TX9fJ4BPUsRQnm2/kEtSyAlIUmtZmyr1/6T11M5BWoBfdK/feRFD4lHdLULh
Cf2p3P6qBQhn4avXaXntVqzY4ZN/kRuV0PJAXaU8CJzzBEwvIaWgpvITUO5yXKx21P3HWp83swG7
ChRoGTYlVQQ1y5MlH+E=]
[17-08-11 10:40:08]社保返回报文解密[<result><code>100</code><message>处理出错：错误原因：单据号55671991已确认过!</message></result>]
[17-08-11 10:40:08]应答报文:[000175<ap><RetCode>0000</RetCode><RetMsg>交易成功</RetMsg><RetInfo01><result><code>100</code><message>处理出错：错误原因：单据号55671991已确认过!</message></result></RetInfo01></ap>]
[17-08-11 10:40:08]Disconnect from [10.52.4.134]
