[17-01-07 09:52:26]线程池中新增新线程[10.52.4.134]当前可用线程数[999]......
[17-01-07 09:52:26]Connect with [10.52.4.134]......
[17-01-07 09:52:26]报文长度:[000453]
[17-01-07 09:52:26]报文内容:[<ap>
	<Para01>
		<inputxml>
			<rows>
				<row>
					<akb079>1</akb079>
					<aae019sum>150</aae019sum>
					<aaz002>2132494</aaz002>
				</row>
			</rows>
			<aae011>ikjf</aae011>
			<aff002>C1010351007641</aff002>
			<aaa027>511302</aaa027>
		</inputxml>
		<reqdate>20170103</reqdate>
		<reqseq>22000107000000000038</reqseq>
		<tradeId>NC39006</tradeId>
		<aaz400>511302</aaz400>
	</Para01>
	<FuncName>szCall</FuncName>
	<Project>NCDC</Project>
</ap>
]
[17-01-07 09:52:26]sProject=[NCDC]
[17-01-07 09:52:26]original key:[1111111133333333]
[17-01-07 09:52:26]new key:[iHO3ikVV8qq37H0N]
[17-01-07 09:52:26]XmlPara01[<Para01><inputxml><rows><row><akb079>1</akb079><aae019sum>150</aae019sum><aaz002>2132494</aaz002></row></rows><aae011>ikjf</aae011><aff002>C1010351007641</aff002><aaa027>511302</aaa027></inputxml><reqdate>20170103</reqdate><reqseq>22000107000000000038</reqseq><tradeId>NC39006</tradeId><aaz400>511302</aaz400></Para01>]
[17-01-07 09:52:26]aaz400[511302]
[17-01-07 09:52:26]tradeId[NC39006]
[17-01-07 09:52:26]inputXml[<inputxml reqseq="22000107000000000038" reqdate="20170103"><rows><row><akb079>1</akb079><aae019sum>150</aae019sum><aaz002>2132494</aaz002></row></rows><aae011>ikjf</aae011><aff002>C1010351007641</aff002><aaa027>511302</aaa027></inputxml>]
[17-01-07 09:52:26]加密inputXml[JG8f1GD1V3QME+xO/nRZurz/UHbux19P61p51XAShgKGGNTeuO+P9hhdz4MTp3+u3yZ1wVJDb7jB
Gy1xpXWIFZ14VOCbYicPWr4eWUWgIUF/mUdcqKd6YZCh5kVS+Fpwr2zrKQd0HMldaIKyKr/+76SC
9fgC1+fHJBn7CeYcUqpGYWrsAOpM64V+2uAAyat3OJCH3a+4+Xk3XpkE9QXaJGudWOFGH8RpyEG1
HmP1xBE=]
[17-01-07 09:52:26]社保返回报文加密recvXml[GHkZhnR0TaTk8NIViun5Y2wBFvDMft67bpE5rEfV6jBK9iKXFwZUbt8hVe+eqFzbCZY7RwQROpHf
yxwJ6fjVekw/6UE9+V/87NhLZBGE2urbuMbwmR039cwyDwtbbsQH30fjuow4i0Y/ToURWVOqEzQS
ROl9SA2400/dTc7B+jhlJ5x4byG8wFTLQ+sDB6CgH4b1ElDAZqqYNxV7Y6SHgqxo7d3HdeYd5mlr
II/BIqG/O1LaG4QZl4y1/40oruXe/cGF1exA6QD+vy4zC76aKairmN6/UlLbZpbBRhw1bGuVf/oT
r4GmAWd96VpIl9OWzk1O8SaJYIE1iZSp1mN87g==]
[17-01-07 09:52:26]社保返回报文解密[<?xml version="1.0" encoding="UTF-8"?>
<result><message></message><code>1</code><output><rows><row><aae013>2132494|103|C1010351007641|150|1|日志为2132494的缴费信息已经对账，不能重复对账</aae013><cljg>6</cljg><aaz002>2132494</aaz002></row></rows></output></result>]
[17-01-07 09:52:26]应答报文:[000304<ap><RetCode>0000</RetCode><RetMsg>交易成功</RetMsg><RetInfo01><result><message></message><code>1</code><output><rows><row><aae013>2132494|103|C1010351007641|150|1|日志为2132494的缴费信息已经对账，不能重复对账</aae013><cljg>6</cljg><aaz002>2132494</aaz002></row></rows></output></result></RetInfo01></ap>]
[17-01-07 09:52:26]Disconnect from [10.52.4.134]
