[17-05-11 16:11:17]WriteLog start...
[17-05-11 16:11:17]System(3.0.1) init is completed......
[17-05-11 16:11:18]Begin to listen[8901][20]......
[17-05-11 16:11:18]线程池最大线程[1000]最小线程[5]
[17-05-11 16:18:57]线程池中新增新线程[10.52.4.134]当前可用线程数[999]......
[17-05-11 16:18:57]Connect with [10.52.4.134]......
[17-05-11 16:19:04]报文长度:[
]
[17-05-11 16:19:05]Exception:[输入字符串的格式不正确。]
[17-05-11 16:19:05]报文长度错误:[
]
[17-05-11 16:19:05]应答报文:[000063<ap><RetCode>9981</RetCode><RetMsg>报文头解析错误</RetMsg></ap>]
[17-05-11 16:19:05]Disconnect from [10.52.4.134]
[17-05-11 16:21:40]线程池中新增新线程[10.52.4.134]当前可用线程数[999]......
[17-05-11 16:21:40]Connect with [10.52.4.134]......
[17-05-11 16:21:40]报文长度:[000539]
[17-05-11 16:21:40]报文内容:[<ap>
	<Para01>
		<inputxml>
			<rows>
				<row>
					<aae100>0</aae100>
					<aae001>2017</aae001>
					<aae140>390</aae140>
					<aac002>41010219421006003X</aac002>
					<aac003>张大良</aac003>
				</row>
			</rows>
			<aab004>南充</aab004>
			<aae011>ikjf</aae011>
			<aff002>C1010351007641</aff002>
			<aaa027>511302</aaa027>
		</inputxml>
		<reqdate>20170511</reqdate>
		<reqseq>22000511000000000304</reqseq>
		<tradeId>NC39002</tradeId>
		<aaz400>511302</aaz400>
	</Para01>
	<FuncName>szCall</FuncName>
	<Project>NCDC</Project>
</ap>
]
[17-05-11 16:21:40]sProject=[NCDC]
[17-05-11 16:21:41]original key:[1111111133333333]
[17-05-11 16:21:41]new key:[iHO3ikVV8qq37H0N]
[17-05-11 16:21:45]XmlPara01[<Para01><inputxml><rows><row><aae100>0</aae100><aae001>2017</aae001><aae140>390</aae140><aac002>41010219421006003X</aac002><aac003>张大良</aac003></row></rows><aab004>南充</aab004><aae011>ikjf</aae011><aff002>C1010351007641</aff002><aaa027>511302</aaa027></inputxml><reqdate>20170511</reqdate><reqseq>22000511000000000304</reqseq><tradeId>NC39002</tradeId><aaz400>511302</aaz400></Para01>]
[17-05-11 16:21:45]aaz400[511302]
[17-05-11 16:21:45]tradeId[NC39002]
[17-05-11 16:21:45]inputXml[<inputxml reqseq="22000511000000000304" reqdate="20170511"><rows><row><aae100>0</aae100><aae001>2017</aae001><aae140>390</aae140><aac002>41010219421006003X</aac002><aac003>张大良</aac003></row></rows><aab004>南充</aab004><aae011>ikjf</aae011><aff002>C1010351007641</aff002><aaa027>511302</aaa027></inputxml>]
[17-05-11 16:21:49]加密inputXml[lZ4H6OaZy4fN/7Rz4okB7miapM4Sm1lVrUq43gqO5V33N6ZaYfGAdVAG3X1JbOtskIhar7QG2Fzg
gcvHoAdrazquhWf6Fra9sn5llZtDiGl0LidCVkse+87PxdRJfC+iwv7DrmIUKa38Lv0w8znqu/uE
OCs7c9Lihxi5K2scqSQjNu7rrcJLIUrXQcClHBEB/ASCrqIUwWR035soLjamOWE/yuXaEHpXM7jW
o2qp7UmsKk5Zs4GLJt8Og0TN33v6VbZpiNU5yH3wqIA8RCbeECGvzRP+0u9gQd0OmWqn9fY=]
[17-05-11 16:21:49]社保返回报文加密recvXml[Ux5Kc+/FjW9VsEWafP/U7BiTAv9OBncvV8ncC8mCxpPTLOJLBSBwF3r0eF12HTKcwxS8jgIc17Tv
rfGm9PzYIOSVFWxGRvlY5VirUFDMAY1L0Ns/Ljx9qZjZaxHybsy2rSfN4xaSmYo+AlVC/HJgq/+B
1btOTZKE4BYK9eUC7T7MZzEsKanIExvF3WEi0j8tz6Z8c8ytPxBs1h4YHSWyPW/JMTy/jyqK656c
/6M5a9RFBuTd/WhyZd0SHF+TjUrGH53XgpBSyk0Ew7BEgOdVkxcg2S/FQ/5l0cSh5S3L8b6j6/kh
T61HCyLoqdXz0+YRRXIYupAnIUtJiWxgcPiMN1RBRvLzYdtw1Qyr3d7xHZ8MqluvDQg8a4MWz5Gb
T4lfLQDgJBimCxPkyCkDviZSHG35tC7eW5cGgu/cVxqtz9bXenTmdRU5N7rZQRAeLffT]
[17-05-11 16:21:49]社保返回报文解密[<result><code>100</code><message>处理出错：错误原因：数据库错误:CALL pkg_data_interface.prc_data_nc39002(:1,:2)ORA-04061:  的当前状态失效
ORA-04061: package "NCJB.PKG_P_BANKINTERFACE" 的当前状态失效
ORA-04065: 未执行, 已变更或删除 package "NCJB.PKG_P_BANKINTERFACE"
ORA-06508: PL/SQL: 无法找到正在调用 : "NCJB.PKG_P_BANKINTERFACE" 的程序单元@YLHL.PKG_DO_INTERFACE </message></result>]
[17-05-11 16:21:49]应答报文:[000463<ap><RetCode>0000</RetCode><RetMsg>交易成功</RetMsg><RetInfo01><result><code>100</code><message>处理出错：错误原因：数据库错误:CALL pkg_data_interface.prc_data_nc39002(:1,:2)ORA-04061:  的当前状态失效
ORA-04061: package "NCJB.PKG_P_BANKINTERFACE" 的当前状态失效
ORA-04065: 未执行, 已变更或删除 package "NCJB.PKG_P_BANKINTERFACE"
ORA-06508: PL/SQL: 无法找到正在调用 : "NCJB.PKG_P_BANKINTERFACE" 的程序单元@YLHL.PKG_DO_INTERFACE </message></result></RetInfo01></ap>]
[17-05-11 16:21:49]Disconnect from [10.52.4.134]
[17-05-11 16:24:59]线程池中新增新线程[10.52.4.134]当前可用线程数[999]......
[17-05-11 16:24:59]Connect with [10.52.4.134]......
[17-05-11 16:24:59]报文长度:[000539]
[17-05-11 16:24:59]报文内容:[<ap>
	<Para01>
		<inputxml>
			<rows>
				<row>
					<aae100>0</aae100>
					<aae001>2017</aae001>
					<aae140>390</aae140>
					<aac002>41010219421006003X</aac002>
					<aac003>张大良</aac003>
				</row>
			</rows>
			<aab004>南充</aab004>
			<aae011>ikjf</aae011>
			<aff002>C1010351007641</aff002>
			<aaa027>511302</aaa027>
		</inputxml>
		<reqdate>20170511</reqdate>
		<reqseq>22000511000000000310</reqseq>
		<tradeId>NC39002</tradeId>
		<aaz400>511302</aaz400>
	</Para01>
	<FuncName>szCall</FuncName>
	<Project>NCDC</Project>
</ap>
]
[17-05-11 16:24:59]sProject=[NCDC]
[17-05-11 16:24:59]original key:[1111111133333333]
[17-05-11 16:24:59]new key:[iHO3ikVV8qq37H0N]
[17-05-11 16:24:59]XmlPara01[<Para01><inputxml><rows><row><aae100>0</aae100><aae001>2017</aae001><aae140>390</aae140><aac002>41010219421006003X</aac002><aac003>张大良</aac003></row></rows><aab004>南充</aab004><aae011>ikjf</aae011><aff002>C1010351007641</aff002><aaa027>511302</aaa027></inputxml><reqdate>20170511</reqdate><reqseq>22000511000000000310</reqseq><tradeId>NC39002</tradeId><aaz400>511302</aaz400></Para01>]
[17-05-11 16:24:59]aaz400[511302]
[17-05-11 16:24:59]tradeId[NC39002]
[17-05-11 16:24:59]inputXml[<inputxml reqseq="22000511000000000310" reqdate="20170511"><rows><row><aae100>0</aae100><aae001>2017</aae001><aae140>390</aae140><aac002>41010219421006003X</aac002><aac003>张大良</aac003></row></rows><aab004>南充</aab004><aae011>ikjf</aae011><aff002>C1010351007641</aff002><aaa027>511302</aaa027></inputxml>]
[17-05-11 16:24:59]加密inputXml[lZ4H6OaZy4fN/7Rz4okB7miapM4Sm1lVrUq43gqO5V33N6ZaYfGAdVAG3X1JbOtskIhar7QG2Fzg
gcvHoAdrazquhWf6Fra9sn5llZtDiGksqBnL8EYF1B0NY24c3gkU3eFi3i7HkRnMEj/EJxlOXlHx
nEfg7JXTxGv0VzWfzCmsnWma/hgjXpdfyQvipfB/AUZO2JAxiNcxtIvRe5cN3WT4IX94VN7Xt8Fu
78y2Lf68CD/10YI+RZYgekE3ERoyOkilklHyhVKPLO+bCfgbJouHoRe7O4QxreK4ZPyxVko=]
[17-05-11 16:24:59]社保返回报文加密recvXml[Ux5Kc+/FjW9VsEWafP/U7BiTAv9OBncvV8ncC8mCxpPTLOJLBSBwF3r0eF12HTKcwxS8jgIc17Tv
rfGm9PzYIOSVFWxGRvlY5VirUFDMAY1L0Ns/Ljx9qZjZaxHybsy2rSfN4xaSmYo+AlVC/HJgq/+B
1btOTZKE4BYK9eUC7T7MZzEsKanIExvF3WEi0j8tz6Z8c8ytPxBs1h4YHSWyPW/JMTy/jyqK656c
/6M5a9RFBuTd/WhyZd0SHF+TjUrGH53XgpBSyk0Ew7BEgOdVkxcg2S/FQ/5l0cSh5S3L8b6j6/kh
T61HCyLoqdXz0+YRRXIYupAnIUtJiWxgcPiMN1RBRvLzYdtw1Qyr3d7xHZ8MqluvDQg8a4MWz5Gb
T4lfLQDgJBimCxPkyCkDviZSHG35tC7eW5cGgu/cVxqtz9bXenTmdRU5N7rZQRAeLffT]
[17-05-11 16:24:59]社保返回报文解密[<result><code>100</code><message>处理出错：错误原因：数据库错误:CALL pkg_data_interface.prc_data_nc39002(:1,:2)ORA-04061:  的当前状态失效
ORA-04061: package "NCJB.PKG_P_BANKINTERFACE" 的当前状态失效
ORA-04065: 未执行, 已变更或删除 package "NCJB.PKG_P_BANKINTERFACE"
ORA-06508: PL/SQL: 无法找到正在调用 : "NCJB.PKG_P_BANKINTERFACE" 的程序单元@YLHL.PKG_DO_INTERFACE </message></result>]
[17-05-11 16:24:59]应答报文:[000463<ap><RetCode>0000</RetCode><RetMsg>交易成功</RetMsg><RetInfo01><result><code>100</code><message>处理出错：错误原因：数据库错误:CALL pkg_data_interface.prc_data_nc39002(:1,:2)ORA-04061:  的当前状态失效
ORA-04061: package "NCJB.PKG_P_BANKINTERFACE" 的当前状态失效
ORA-04065: 未执行, 已变更或删除 package "NCJB.PKG_P_BANKINTERFACE"
ORA-06508: PL/SQL: 无法找到正在调用 : "NCJB.PKG_P_BANKINTERFACE" 的程序单元@YLHL.PKG_DO_INTERFACE </message></result></RetInfo01></ap>]
[17-05-11 16:24:59]Disconnect from [10.52.4.134]
[17-05-11 16:32:17]线程池中新增新线程[10.52.4.134]当前可用线程数[999]......
[17-05-11 16:32:17]Connect with [10.52.4.134]......
[17-05-11 16:32:17]报文长度:[000405]
[17-05-11 16:32:17]报文内容:[<ap>
	<Para01>
		<inputxml>
			<akb079>1</akb079>
			<aae019sum>150</aae019sum>
			<aaz002>2133009</aaz002>
			<aae011>ikjf</aae011>
			<aff002>C1010351007641</aff002>
			<aaa027>511302</aaa027>
		</inputxml>
		<reqdate>20170511</reqdate>
		<reqseq>22000511000000000317</reqseq>
		<tradeId>NC39004</tradeId>
		<aaz400>511302</aaz400>
	</Para01>
	<FuncName>szCall</FuncName>
	<Project>NCDC</Project>
</ap>
]
[17-05-11 16:32:17]sProject=[NCDC]
[17-05-11 16:32:17]original key:[1111111133333333]
[17-05-11 16:32:17]new key:[iHO3ikVV8qq37H0N]
[17-05-11 16:32:17]XmlPara01[<Para01><inputxml><akb079>1</akb079><aae019sum>150</aae019sum><aaz002>2133009</aaz002><aae011>ikjf</aae011><aff002>C1010351007641</aff002><aaa027>511302</aaa027></inputxml><reqdate>20170511</reqdate><reqseq>22000511000000000317</reqseq><tradeId>NC39004</tradeId><aaz400>511302</aaz400></Para01>]
[17-05-11 16:32:17]aaz400[511302]
[17-05-11 16:32:17]tradeId[NC39004]
[17-05-11 16:32:17]inputXml[<inputxml reqseq="22000511000000000317" reqdate="20170511"><akb079>1</akb079><aae019sum>150</aae019sum><aaz002>2133009</aaz002><aae011>ikjf</aae011><aff002>C1010351007641</aff002><aaa027>511302</aaa027></inputxml>]
[17-05-11 16:32:17]加密inputXml[Hr7RvGjDYIS9y/JCtaYqDaMoRclQ5moWrQ1MiMmFl35y2oTFQ9wLpq3FZxiliG3WcHLQgN3Ipn7k
8+vWWPD6TXAzPnLkTHH1pvCQQPZRwNFdm30UbFD/GceWbr0UTxhhAt8X/coaF57ksOQhOVW6+bt+
o09USJRaMVukKEuesUeuKPNPT7+FYFfG0hKy1aNzjpfsfF+ycqrq7/6gLCVvrg==]
[17-05-11 16:32:17]社保返回报文加密recvXml[Ux5Kc+/FjW9VsEWafP/U7BiTAv9OBncvV8ncC8mCxpPTLOJLBSBwF3r0eF12HTKcwxS8jgIc17Tv
rfGm9PzYIOSVFWxGRvlY5VirUFDMAY1L0Ns/Ljx9qZjZaxHybsy2rSfN4xaSmYo+AlVC/HJgq2RQ
b/Rk5VrSwoik2sBs0uwnb1lwmdrsKoohLazfmwqAuasXwu6XvCudAVM2AJKONZB2MCkIj4g2ghBh
qH9kF3sbc0SFvCjQqxegCvJpPsD3Du2lEtR9DwpFGXsrU+694yf4gBoRPJ0ybNb4XJOa3F7rkW1s
nVDvtBuWtg8iTbugOKlJI9dYjhF0EOjMFDceINkgENjHeJnoghmBKxbge/L03POm/4X70XkJTpjA
iV9AUq1KnMPES9bWBL4Hxrq/D+wLL5o2sJlz4kvpBLl4HgwkHrWkqdnnelz1xQGeVY+75ghkoo1U
+u0MUTkwsdEINiYvP5mWi/1/UviehDLr1gGl+b7p6Cm748gtE7WWT8GD]
[17-05-11 16:32:17]社保返回报文解密[<result><code>100</code><message>处理出错：错误原因：数据库错误:CALL pkg_data_interface.prc_data_nc39004('511302','103','C1010351007641','ikjf','2133009','150','1',:8,:9)ORA-04061:  的当前状态失效
ORA-04061: package "NCJB.PKG_P_BANKINTERFACE" 的当前状态失效
ORA-04065: 未执行, 已变更或删除 package "NCJB.PKG_P_BANKINTERFACE"
ORA-06508: PL/SQL: 无法找到正在调用 : "NCJB.PKG_P_BANKINTERFACE" 的程序单元@YLHL.PKG_DO_INTERFACE </message></result>]
[17-05-11 16:32:17]应答报文:[000522<ap><RetCode>0000</RetCode><RetMsg>交易成功</RetMsg><RetInfo01><result><code>100</code><message>处理出错：错误原因：数据库错误:CALL pkg_data_interface.prc_data_nc39004('511302','103','C1010351007641','ikjf','2133009','150','1',:8,:9)ORA-04061:  的当前状态失效
ORA-04061: package "NCJB.PKG_P_BANKINTERFACE" 的当前状态失效
ORA-04065: 未执行, 已变更或删除 package "NCJB.PKG_P_BANKINTERFACE"
ORA-06508: PL/SQL: 无法找到正在调用 : "NCJB.PKG_P_BANKINTERFACE" 的程序单元@YLHL.PKG_DO_INTERFACE </message></result></RetInfo01></ap>]
[17-05-11 16:32:17]Disconnect from [10.52.4.134]
